        INFO: main.c(229): Compiled on May 25 2016 at 23:33:03
Current configuration:
[NAME]		[DEFLT]		[VALUE]
-2passvar	no		yes
-abeam		1e-100		1.000000e-90
-accumdir			/home/nguyenchanh/Documents/beta/bwaccumdir/beta_buff_1
-agc		none		none
-agcthresh	2.0		2.000000e+00
-bbeam		1e-100		1.000000e-10
-cb2mllrfn	.1cls.		.1cls.
-cepdir				/home/nguyenchanh/Documents/beta/feat
-cepext		mfc		mfc
-ceplen		13		13
-ckptintv			0
-cmn		current		current
-cmninit	8.0		8.0
-ctlfn				/home/nguyenchanh/Documents/beta/etc/beta_train.fileids
-diagfull	no		no
-dictfn				/home/nguyenchanh/Documents/beta/etc/beta.dic
-example	no		no
-fdictfn			/home/nguyenchanh/Documents/beta/etc/beta.filler
-feat		1s_c_d_dd	s2_4x
-fullvar	no		no
-help		no		no
-hmmdir				
-latdir				
-latext				
-lda				
-ldadim		0		0
-lsnfn				/home/nguyenchanh/Documents/beta/etc/beta_train.transcription
-lw		11.5		1.150000e+01
-maxuttlen	0		0
-meanfn				/home/nguyenchanh/Documents/beta/model_parameters/beta.ci_ptm/means
-meanreest	yes		yes
-mixwfn				/home/nguyenchanh/Documents/beta/model_parameters/beta.ci_ptm/mixture_weights
-mixwreest	yes		yes
-mllrmat			
-mmie		no		no
-mmie_type	rand		rand
-moddeffn			/home/nguyenchanh/Documents/beta/model_architecture/beta.ci.mdef
-mwfloor	0.00001		1.000000e-08
-npart				1
-nskip				0
-outphsegdir			
-outputfullpath	no		no
-part				1
-pdumpdir			
-phsegdir			
-phsegext	phseg		phseg
-runlen		-1		-1
-sentdir			
-sentext	sent		sent
-spthresh	0.0		0.000000e+00
-svspec				
-timing		yes		no
-tmatfn				/home/nguyenchanh/Documents/beta/model_parameters/beta.ci_ptm/transition_matrices
-tmatreest	yes		yes
-topn		4		64
-tpfloor	0.0001		1.000000e-04
-ts2cbfn			.ptm.
-varfloor	0.00001		1.000000e-04
-varfn				/home/nguyenchanh/Documents/beta/model_parameters/beta.ci_ptm/variances
-varnorm	no		no
-varreest	yes		yes
-viterbi	no		no

INFO: feat.c(715): Initializing feature stream to type: 's2_4x', ceplen=13, CMN='current', VARNORM='no', AGC='none'
INFO: cmn.c(143): mean[0]= 12.00, mean[1..12]= 0.0
INFO: main.c(318): Reading /home/nguyenchanh/Documents/beta/model_architecture/beta.ci.mdef
INFO: model_def_io.c(573): Model definition info:
INFO: model_def_io.c(574): 57 total models defined (57 base, 0 tri)
INFO: model_def_io.c(575): 228 total states
INFO: model_def_io.c(576): 171 total tied states
INFO: model_def_io.c(577): 171 total tied CI states
INFO: model_def_io.c(578): 57 total tied transition matrices
INFO: model_def_io.c(579): 4 max state/model
INFO: model_def_io.c(580): 4 min state/model
INFO: s3mixw_io.c(117): Read /home/nguyenchanh/Documents/beta/model_parameters/beta.ci_ptm/mixture_weights [171x4x64 array]
INFO: s3tmat_io.c(118): Read /home/nguyenchanh/Documents/beta/model_parameters/beta.ci_ptm/transition_matrices [57x3x4 array]
INFO: mod_inv.c(301): inserting tprob floor 1.000000e-04 and renormalizing
INFO: s3gau_io.c(169): Read /home/nguyenchanh/Documents/beta/model_parameters/beta.ci_ptm/means [57x4x64 array]
INFO: s3gau_io.c(169): Read /home/nguyenchanh/Documents/beta/model_parameters/beta.ci_ptm/variances [57x4x64 array]
INFO: gauden.c(176): 57 total mgau
INFO: gauden.c(150): 4 feature streams (|0|=12 |1|=24 |2|=3 |3|=12 )
INFO: gauden.c(187): 64 total densities
INFO: gauden.c(90): min_var=1.000000e-04
INFO: gauden.c(165): compute 64 densities/frame
INFO: main.c(431): Will reestimate mixing weights.
INFO: main.c(433): Will reestimate means.
INFO: main.c(435): Will reestimate variances.
INFO: main.c(443): Will reestimate transition matrices
INFO: main.c(456): Reading main dictionary: /home/nguyenchanh/Documents/beta/etc/beta.dic
INFO: lexicon.c(221): 49 entries added from /home/nguyenchanh/Documents/beta/etc/beta.dic
INFO: main.c(466): Reading filler dictionary: /home/nguyenchanh/Documents/beta/etc/beta.filler
INFO: lexicon.c(221): 3 entries added from /home/nguyenchanh/Documents/beta/etc/beta.filler
INFO: corpus.c(1062): Will process all remaining utts starting at 0
INFO: main.c(665): Reestimation: Baum-Welch
INFO: cmn.c(183): CMN: 77.56  9.05 -8.54 -34.17 -0.72 -18.41 -2.36  9.30  1.45 -12.38 -17.70  4.51 -7.84 
column defns
	<seq>
	<id>
	<n_frame_in>
	<n_frame_del>
	<n_state_shmm>
	<avg_states_alpha>
	<avg_states_beta>
	<avg_states_reest>
	<avg_posterior_prune>
	<frame_log_lik>
	<utt_log_lik>
	... timing info ... 
utt>     0                      0001  206    0INFO: cvt2triphone.c(199): no multiphones defined, no conversion done
   100 17  2 5 4.924738e-12 -2.024945e+02 -4.171386e+04
INFO: cmn.c(183): CMN: 75.72 -0.65 -10.80 -19.52  1.64 -14.28  0.75  4.06  2.89  3.69 -17.44  5.10 -3.56 
utt>     1                      0002  254    0   100 17  2 4 4.824253e-12 -2.004580e+02 -5.091632e+04
INFO: cmn.c(183): CMN: 74.34 -4.53 -8.95 -10.84 -2.89 -11.69  3.39  6.58  0.90  5.44 -15.65  8.50  1.47 
utt>     2                      0003  254    0   100 20  2 5 5.946523e-12 -2.002147e+02 -5.085453e+04
INFO: cmn.c(183): CMN: 72.22  3.86  0.70 -18.21 -7.65 -9.63  4.32  6.02  9.26  6.86 -12.83 11.29 -1.29 
utt>     3                      0004  242    0   120 19  2 4 4.229832e-12 -1.989935e+02 -4.815643e+04
INFO: cmn.c(183): CMN: 67.78  7.07  0.10 -14.66 -4.12 -11.34 -4.68  7.25  1.76 -4.73 -18.00  1.18 -4.95 
utt>     4                      0005  218    0   100 18  3 6 6.105650e-12 -2.022920e+02 -4.409965e+04
INFO: cmn.c(183): CMN: 74.36  5.97 -10.09 -19.07 -13.14 -1.53 15.09 -4.75 -8.40  0.94  1.09  0.74 -16.33 
utt>     5                      0006  254    0   104 15  2 4 4.066183e-12 -2.015024e+02 -5.118161e+04
INFO: cmn.c(183): CMN: 71.80  2.81 -4.99 -12.79 -15.98  1.20 11.98 -1.60 -7.73  6.61  2.22  3.22 -14.10 
utt>     6                      0007  284    0   124 18  2 5 5.401325e-12 -1.999198e+02 -5.677723e+04
INFO: cmn.c(183): CMN: 74.26  0.79 -9.31 -7.55 -14.61  2.14 16.60 -8.50 -8.00  7.47  0.30  3.79 -8.64 
utt>     7                      0008  381    0   152 19  2 5 5.223806e-12 -2.007906e+02 -7.650123e+04
INFO: cmn.c(183): CMN: 69.78 13.94  1.56 -16.36 -2.23 -6.92 -1.00 -2.26 -7.86 -1.26 -6.39  1.09 -13.64 
utt>     8                      0009  199    0    96 17  2 5 4.409390e-12 -2.008698e+02 -3.997309e+04
INFO: cmn.c(183): CMN: 72.54  9.94 -2.92 -16.62 -8.85 -6.11  5.03 -3.54 -8.81 -2.17 -8.69  4.46 -10.03 
utt>     9                      0010  257    0   120 18  2 5 2.727901e-12 -1.982905e+02 -5.096066e+04
INFO: cmn.c(183): CMN: 78.18  7.46 -8.81 -16.29 -11.17 -7.75 -2.15 -2.28 -0.89 -1.47 -11.22 -1.20 -3.01 
utt>    10                      0011  278    0   128 19  3 6 5.359542e-12 -2.001612e+02 -5.564482e+04
INFO: cmn.c(183): CMN: 77.93  5.92 -9.17 -16.48 -10.40 -7.38  1.56 -1.59 -1.40 -2.49 -8.62 -1.49 -2.58 
utt>    11                      0012  272    0   128 17  2 5 6.581817e-12 -2.008773e+02 -5.463864e+04
INFO: cmn.c(183): CMN: 81.06 -0.02 -12.10 -14.00 -10.15 -7.89  3.27 -4.05 -6.65  8.21 -12.05  2.28 -2.53 
utt>    12                      0013  303    0   140 16  2 4 3.070856e-12 -1.990576e+02 -6.031444e+04
INFO: cmn.c(183): CMN: 78.46  5.11 -8.00 -13.77 -7.84 -9.38 -0.18 -3.56 -4.36  5.62 -10.67  2.24  2.20 
utt>    13                      0014  284    0   128 17  2 5 5.008901e-12 -1.994114e+02 -5.663283e+04
INFO: cmn.c(183): CMN: 76.74 -4.16 -4.10 -7.97 -7.93  1.31  5.66 -2.91 -4.13 12.66 -2.03  4.24 -1.37 
utt>    14                      0015  236    0   116 20  2 5 3.592909e-12 -2.010839e+02 -4.745581e+04
INFO: cmn.c(183): CMN: 71.92  4.55 -0.85 -15.80 -7.04  3.62  4.32 -0.82 -3.04  8.30 -9.36 -5.44 -17.25 
utt>    15                      0016  244    0   112 17  2 4 3.318576e-12 -2.035732e+02 -4.967186e+04
INFO: cmn.c(183): CMN: 77.76  2.91 -4.11 -8.24 -11.55  1.92  7.40 -1.07 -1.98 12.27 -0.87 16.18 14.28 
utt>    16                      0017  204    0    96 17  2 5 8.355349e-12 -1.988107e+02 -4.055737e+04
INFO: cmn.c(183): CMN: 78.09 -0.35 -1.60 -12.97 -8.30 -0.40  2.99 -4.74 -7.23  4.50 -8.37  8.10  0.81 
utt>    17                      0018  179    0    76 13  2 4 3.185149e-12 -1.980737e+02 -3.545520e+04
INFO: cmn.c(183): CMN: 77.68  3.08  0.50 -13.53 -6.39 -1.80 -0.50 -0.68 -7.28 11.13 -1.68 11.25  8.78 
utt>    18                      0019  227    0   100 15  2 5 4.323634e-12 -2.006002e+02 -4.553625e+04
INFO: cmn.c(183): CMN: 80.48 -2.10 -16.45 -10.09 -9.22  0.62  1.34 -9.16 -9.34  8.17 -11.10  5.42  5.55 
utt>    19                      0020  215    0    92 16  2 5 3.493584e-12 -1.997324e+02 -4.294246e+04
INFO: cmn.c(183): CMN: 78.34  2.35 -9.40 -2.35 -9.57 -0.70  5.11 -18.49 -9.11 -3.54 -8.90  0.51 -11.65 
utt>    20                      0021  229    0    92 17  2 5 4.926719e-12 -1.972049e+02 -4.515993e+04
INFO: cmn.c(183): CMN: 76.64  4.63 -10.05 -6.80 -4.29  2.06  4.53 -14.75 -8.58 -1.53 -2.08  1.72 -5.97 
utt>    21                      0022  183    0    80 16  2 5 5.958215e-12 -1.957213e+02 -3.581700e+04
INFO: cmn.c(183): CMN: 72.94 10.13 -7.92 -13.63  0.97 -7.39  1.83 -11.84 -8.67 -0.08 -4.91  1.18 -7.85 
utt>    22                      0023  209    0   100 18  2 5 4.765933e-12 -1.989417e+02 -4.157882e+04
INFO: cmn.c(183): CMN: 69.75 11.66  0.74 -5.77  4.33 -5.76 -1.43 -6.98 -3.47  3.28 -2.21  0.65 -2.52 
utt>    23                      0024  219    0   104 20  3 6 7.683458e-12 -2.005318e+02 -4.391646e+04
INFO: cmn.c(183): CMN: 77.70  7.85 -9.84 -10.85 -3.66 -2.57  2.85 -13.60 -8.44 -8.00 -7.19 -0.89 -7.84 
utt>    24                      0025  163    0    76 15  3 5 3.699253e-12 -1.965391e+02 -3.203588e+04
INFO: cmn.c(183): CMN: 111.35 -12.14 -5.64 -3.50 -2.87 -4.41 -3.78 -6.93 -4.89 -7.42 -6.59 -5.00 -1.56 
utt>    25                      0026  839    0    92 25  1 3 2.183998e-12 -2.033305e+02 -1.705943e+05
INFO: cmn.c(183): CMN: 77.33  7.12  5.29 -4.63 -9.41 -12.54  1.33 -2.97 -6.83 -0.30 -7.01  1.45  2.03 
utt>    26                      0027  193    0    92 17  2 5 4.727515e-12 -2.008465e+02 -3.876337e+04
INFO: cmn.c(183): CMN: 79.52 -0.04 -1.80 -6.78 -13.23 -4.36 11.53 -4.36 -2.45 12.50 -2.22  1.30 -0.22 
utt>    27                      0028  301    0   156 18  2 4 5.443719e-12 -1.988623e+02 -5.985754e+04
INFO: cmn.c(183): CMN: 77.27 -0.63  0.44 -6.00 -13.61 -8.26 11.47 -5.88 -6.21  9.03 -1.01  0.85  2.77 
utt>    28                      0029  311    0   156 17  2 4 4.589287e-12 -1.998816e+02 -6.216316e+04
INFO: cmn.c(183): CMN: 76.98  0.42 -5.42 -12.41 -10.46  1.76 11.89 -5.91  0.91 10.59 -0.59  5.11  5.88 
utt>    29                      0030  168    0    80 18  2 5 3.393619e-12 -2.040183e+02 -3.427507e+04
INFO: cmn.c(183): CMN: 79.98  0.60 -14.42 -4.22 -7.54 -0.53  0.66 -5.86  7.91 -1.30 -1.55 -5.58 10.39 
utt>    30                      0031  209    0   108 18  3 6 5.140271e-12 -1.987945e+02 -4.154805e+04
INFO: cmn.c(183): CMN: 79.16 -1.80 -7.81 -3.49 -11.91 -4.51 -2.86 -0.85 -0.46  4.63 -6.49 -3.65  4.86 
utt>    31                      0032  214    0   108 16  2 5 4.794800e-12 -1.968106e+02 -4.211746e+04
INFO: cmn.c(183): CMN: 77.41  6.89 -5.98 -10.60 -8.64 -2.95  4.27  3.04  5.07  4.11 -1.05  3.22 11.27 
utt>    32                      0033  209    0   112 18  2 5 4.330331e-12 -2.007878e+02 -4.196464e+04
INFO: cmn.c(183): CMN: 75.37 -0.81 -19.42 -14.16  3.82 -0.72  1.57  0.67  4.40  2.86 -2.43 -6.09  7.32 
utt>    33                      0034  250    0   116 26  3 6 6.615327e-12 -2.004317e+02 -5.010793e+04
INFO: cmn.c(183): CMN: 80.92 -2.00 -8.50  0.77 -12.20 -7.35  5.04  7.95  1.66  7.89  2.77  5.91  9.84 
utt>    34                      0035  271    0   124 20  2 5 4.228895e-12 -2.033198e+02 -5.509968e+04
INFO: cmn.c(183): CMN: 76.38  4.36  5.56 -14.59 -3.07 -9.90  2.31 -2.69 -6.51 10.83  0.99  3.92  5.23 
utt>    35                      0036  211    0   104 18  3 5 5.405116e-12 -2.017436e+02 -4.256790e+04
INFO: cmn.c(183): CMN: 78.85  3.70  0.27 -15.49 -5.32 -15.76  3.59 -4.59 -7.45  3.75 -3.84 -1.53  5.99 
utt>    36                      0037  198    0    96 16  2 5 2.250395e-12 -2.007873e+02 -3.975588e+04
INFO: cmn.c(183): CMN: 74.42  5.38 -19.12 -25.51 13.79 -0.27 -1.78 -4.60  0.31 -2.62 -0.68 -9.80  6.59 
utt>    37                      0038  211    0   108 24  3 7 6.352609e-12 -2.019394e+02 -4.260921e+04
INFO: cmn.c(183): CMN: 77.73  3.92 -5.24 -18.25  2.43 -3.45  0.29 -5.44  2.07  3.23  2.29 -2.87 11.21 
utt>    38                      0039  167    0    84 18  3 5 3.619110e-12 -2.015351e+02 -3.365636e+04
INFO: cmn.c(183): CMN: 78.12  2.22 -1.72 -16.10 -7.85 -9.34  0.58  6.38 -3.50  5.44 -3.30  2.85  8.28 
utt>    39                      0040  374    0   136 22  2 4 4.588112e-12 -2.028683e+02 -7.587273e+04
INFO: cmn.c(183): CMN: 79.21  3.42 -2.21 -22.11 -8.69 -4.15 -0.19  4.46 -8.32  8.60 -4.61  1.94  0.33 
utt>    40                      0041  266    0   136 17  2 5 4.964250e-12 -2.024068e+02 -5.384021e+04
INFO: cmn.c(183): CMN: 79.68  4.15 -8.62 -18.97 -6.19 -7.44  0.01 -0.72 -5.13  8.03 -7.63 -1.55  3.51 
utt>    41                      0042  274    0   132 18  2 5 5.229654e-12 -2.006539e+02 -5.497916e+04
INFO: cmn.c(183): CMN: 80.16  2.86 -2.21 -17.62 -10.25 -2.47  1.27  7.56 -12.89  5.99 -3.37  6.21 -1.72 
utt>    42                      0043  185    0    88 16  2 5 4.288256e-12 -2.021165e+02 -3.739155e+04
INFO: cmn.c(183): CMN: 77.82  7.22 -3.60 -18.03 -12.41 -4.61  1.56  7.29 -7.43  0.43 -7.28  2.49  0.03 
utt>    43                      0044  287    0   132 16  2 5 4.791573e-12 -2.008364e+02 -5.764005e+04
INFO: cmn.c(183): CMN: 76.68  8.63 -1.74 -18.74 -6.99 -6.61 -2.71  6.09  0.00  7.54 -3.36  9.05  7.19 
utt>    44                      0045  293    0   132 17  2 5 5.027378e-12 -2.030797e+02 -5.950234e+04
INFO: cmn.c(183): CMN: 79.37 10.60 -11.12 -26.90 -1.53 -12.75  7.27 -7.35 -2.23 -2.79 -7.91 -1.90 -2.20 
utt>    45                      0046  243    0   112 16  2 4 3.951563e-12 -1.986837e+02 -4.828015e+04
INFO: cmn.c(183): CMN: 78.32  3.52 -9.27 -19.11  0.67 -5.12 11.15 -14.17  5.66  6.63 -3.81 -2.03  3.32 
utt>    46                      0047  198    0    92 15  2 5 4.654241e-12 -1.998901e+02 -3.957824e+04
INFO: cmn.c(183): CMN: 74.69 14.92 -2.40 -26.96 -3.80 -9.25  4.05 -5.98  1.31 -2.32 -6.98 -1.01  4.22 
utt>    47                      0048  206    0   104 16  2 5 3.449062e-12 -2.009255e+02 -4.139065e+04
INFO: cmn.c(183): CMN: 78.27  3.60 -10.32 -18.36  2.21 -4.51  8.12 -2.18  2.11  8.56 -3.08  6.16  8.90 
utt>    48                      0049  164    0    76 18  3 5 3.986010e-12 -1.980652e+02 -3.248269e+04
INFO: cmn.c(183): CMN: 76.07  8.21 -7.73 -24.96  2.10 -1.01 -1.94 -10.39  0.88 -1.50 -4.28  3.07  2.95 
utt>    49                      0050  172    0    84 19  2 5 4.155582e-12 -1.997385e+02 -3.435502e+04
INFO: cmn.c(183): CMN: 69.97 12.67 -2.41 -13.65 -13.93  4.59 -7.14  4.89 11.67  0.80 -3.67 -1.33  2.40 
utt>    50                      0051  275    0   100 18  2 5 4.837296e-12 -2.000143e+02 -5.500393e+04
INFO: cmn.c(183): CMN: 68.84  7.18 -13.68 -8.85 -12.18  3.16 -3.67  4.46 12.65 -0.72 -6.45  0.27 -0.95 
utt>    51                      0052  319    0   100 18  2 5 4.815916e-12 -1.982045e+02 -6.322725e+04
INFO: cmn.c(183): CMN: 70.65  6.81 -17.31 -5.81 -10.94 -1.96 -5.15 14.73 16.05 -1.90 -5.31  2.80  0.11 
utt>    52                      0053  300    0   100 31  3 6 4.588473e-12 -1.978068e+02 -5.934204e+04
INFO: cmn.c(183): CMN: 68.65  5.90 -14.57 -3.00 -7.78 -4.71 -8.08  9.39 14.82 -3.00 -6.60  6.60 -0.29 
utt>    53                      0054  300    0   120 25  3 6 5.674508e-12 -1.963147e+02 -5.889440e+04
INFO: cmn.c(183): CMN: 67.05  7.82 -6.10 -9.45 -13.74  5.02 -5.34  6.92 11.31  1.02 -2.75  0.95 -0.36 
utt>    54                      0055  302    0   100 19  2 5 4.692821e-12 -1.983478e+02 -5.990103e+04
INFO: cmn.c(183): CMN: 66.00  9.40  1.46  5.44 -20.67 -3.13  4.47  4.20  5.37 -7.30  1.33  3.76 -0.63 
utt>    55                      0056  294    0   104 20  2 4 2.955492e-12 -1.995744e+02 -5.867487e+04
INFO: cmn.c(183): CMN: 67.04  7.72 -2.22  9.09 -20.18 -5.16  7.21  8.42  5.56 -6.63  1.67  2.00 -1.17 
utt>    56                      0057  319    0   124 24  3 5 5.970180e-12 -1.968418e+02 -6.279252e+04
INFO: cmn.c(183): CMN: 65.92  3.78 -7.98  7.98 -18.98 -5.03  7.94  1.69 12.59 -3.73  0.06  5.05 -4.04 
utt>    57                      0058  394    0   152 22  2 5 4.426188e-12 -1.986347e+02 -7.826207e+04
INFO: cmn.c(183): CMN: 63.80  7.91  5.48  1.05 -14.97  2.68  3.27  1.92  6.10 -1.61  1.95  0.75 -2.77 
utt>    58                      0059  225    0    96 19  3 5 4.858887e-12 -1.960559e+02 -4.411257e+04
INFO: cmn.c(183): CMN: 65.15  6.36 -1.17  7.02 -15.94 -3.90  7.34  5.45 10.14 -6.34  1.13  4.11 -1.50 
utt>    59                      0060  319    0   120 18  2 4 4.023756e-12 -1.915985e+02 -6.111991e+04
INFO: cmn.c(183): CMN: 111.27 -8.25 -2.02 -0.95  2.78 -2.34 -4.68 -3.65 -2.49 -2.57 -3.84 -1.37 -0.63 
utt>    60                      0061 1197    0   128 41  2 4 2.948135e-12 -1.976133e+02 -2.365432e+05
INFO: cmn.c(183): CMN: 67.74  7.78 -2.30 10.15 -20.56 -5.60  7.36  9.14  6.12 -7.68  1.50  2.02 -1.82 
utt>    61                      0062  302    0   128 24  3 6 3.974770e-12 -1.981178e+02 -5.983157e+04
INFO: cmn.c(183): CMN: 66.56  4.52 -8.19  8.02 -20.31 -5.36  8.06  1.52 13.26 -4.20  0.23  5.55 -4.45 
utt>    62                      0063  370    0   140 20  2 5 4.449133e-12 -1.982874e+02 -7.336633e+04
INFO: cmn.c(183): CMN: 65.41  6.92 -1.01  7.17 -16.45 -4.05  7.40  5.38 10.19 -6.56  1.13  4.14 -1.45 
utt>    63                      0064  309    0   128 18  2 5 3.771435e-12 -1.917874e+02 -5.926229e+04
INFO: cmn.c(183): CMN: 62.47  0.62  1.04 11.11 -16.03 -6.01  7.95  4.80  4.84 -2.59  2.65  7.61 -2.37 
utt>    64                      0065  222    0   116 22  3 5 4.345916e-12 -1.979582e+02 -4.394673e+04
INFO: cmn.c(183): CMN: 65.26  4.00  4.26  9.48 -19.61 -7.21  5.06  3.93  0.84 -3.40  1.55  1.68 -4.31 
utt>    65                      0066  207    0   112 21  2 5 5.399977e-12 -1.987489e+02 -4.114103e+04
INFO: cmn.c(183): CMN: 67.26  5.64  3.46 12.02 -18.61  3.09  7.73  6.53 10.15 -4.99  1.09  1.46 -5.60 
utt>    66                      0067  207    0    96 21  3 5 4.348645e-12 -1.969790e+02 -4.077466e+04
INFO: cmn.c(183): CMN: 66.95  4.10  0.99 14.18 -21.23 -1.38 10.20  5.89  9.94 -1.52  2.25  3.91 -6.53 
utt>    67                      0068  178    0    76 18  3 5 4.712128e-12 -1.945781e+02 -3.463491e+04
INFO: cmn.c(183): CMN: 64.80  4.83  5.79  9.52 -17.31  3.24  8.38  5.35 10.19 -4.24  2.43  1.37 -2.57 
utt>    68                      0069  207    0   100 21  3 5 4.550554e-12 -1.952901e+02 -4.042504e+04
INFO: cmn.c(183): CMN: 63.57  3.76 -3.22  4.33 -16.93  0.42 13.47  4.06  9.41 -2.38  6.49  6.84 -3.36 
utt>    69                      0070  258    0    92 23  3 5 5.178022e-12 -1.967262e+02 -5.075536e+04
INFO: cmn.c(183): CMN: 66.95  8.09  3.73  6.76 -14.67  7.46  3.13  3.09 12.89 -6.21  4.00 -0.02 -1.41 
utt>    70                      0071  225    0    92 20  3 5 4.618753e-12 -1.957570e+02 -4.404533e+04
INFO: cmn.c(183): CMN: 65.87  6.90  4.15  7.32 -17.83  4.62 10.39  3.60  8.83 -1.34  4.87  2.00 -3.37 
utt>    71                      0072  196    0    80 16  2 5 3.421453e-12 -1.937846e+02 -3.798178e+04
INFO: cmn.c(183): CMN: 65.59  6.33 -2.68 -2.05 -17.57  5.95  6.47  4.97 11.71 -2.96  5.79  3.40 -2.09 
utt>    72                      0073  207    0   100 24  3 6 5.818283e-12 -1.957279e+02 -4.051568e+04
INFO: cmn.c(183): CMN: 60.71  5.45  6.71  0.22 -9.60  7.07  4.80  3.55  7.83 -2.43  1.15  1.24 -0.17 
utt>    73                      0074  236    0   104 30  3 7 5.682660e-12 -1.974968e+02 -4.660925e+04
INFO: cmn.c(183): CMN: 67.10  8.03  2.24  3.75 -17.40  6.07  9.33  3.09  9.33 -4.63  8.19  3.15 -1.06 
utt>    74                      0075  152    0    76 19  3 7 8.969667e-12 -1.972877e+02 -2.998773e+04
INFO: cmn.c(183): CMN: 69.68  7.44 -1.57 13.60 -15.32 -8.58  3.26 -0.76  8.89 -8.22  1.97 -0.80  0.87 
utt>    75                      0076  175    0    92 19  2 5 4.864136e-12 -1.994737e+02 -3.490789e+04
INFO: cmn.c(183): CMN: 64.34  7.38  4.36 12.76 -12.05 -6.87  6.19  3.49  8.25 -5.90 -2.10  0.86  0.78 
utt>    76                      0077  200    0    92 20  3 6 6.020534e-12 -1.970739e+02 -3.941478e+04
INFO: cmn.c(183): CMN: 66.97  2.90 -3.83 21.42 -18.64 -12.46  8.34  2.84 10.56 -8.48 -0.46  5.36 -3.86 
utt>    77                      0078  316    0   156 20  2 5 4.244058e-12 -1.966692e+02 -6.214747e+04
INFO: cmn.c(183): CMN: 67.63  3.74 -1.28 25.85 -11.42 -10.89  9.11  7.34 12.88 -8.11  1.54  8.34 -1.12 
utt>    78                      0079  347    0   156 20  2 5 6.283278e-12 -1.975181e+02 -6.853878e+04
INFO: cmn.c(183): CMN: 64.22  3.01 -6.27 12.96 -15.48 -8.90 13.87  9.68 10.71 -3.81  1.22  6.85 -0.74 
utt>    79                      0080  185    0    80 20  2 5 4.250471e-12 -1.999452e+02 -3.698985e+04
INFO: cmn.c(183): CMN: 63.80  1.39  8.93 13.83 -4.15 -4.49  5.28 11.74  6.48 -2.26  2.29 -2.18  5.80 
utt>    80                      0081  205    0   108 25  3 7 4.563016e-12 -2.003555e+02 -4.107289e+04
INFO: cmn.c(183): CMN: 63.46  2.96  5.28 15.53 -6.97 -7.54  6.81  9.28  9.07 -0.83  2.83 -3.93  6.11 
utt>    81                      0082  210    0   108 26  3 6 7.187578e-12 -1.981792e+02 -4.161764e+04
INFO: cmn.c(183): CMN: 61.17  5.96 -0.92 -3.00 -6.00 -3.70  2.62  6.12  5.03  3.86  7.43 -1.46  2.34 
utt>    82                      0083  275    0   112 32  3 5 5.858463e-12 -1.985886e+02 -5.461187e+04
INFO: cmn.c(183): CMN: 63.86  3.39 -3.38  8.47 -5.19 -13.75  3.79  8.58  3.99  4.03  2.45 -1.94  3.43 
utt>    83                      0084  160    0   116 26  3 7 6.474497e-12 -2.018139e+02 -3.229022e+04
INFO: cmn.c(183): CMN: 62.48  4.28 -3.66  6.19 -7.22 -12.29  4.44  8.34  3.88  2.70  0.17 -1.52  4.04 
utt>    84                      0085  396    0   124 28  3 5 5.762088e-12 -2.015721e+02 -7.982255e+04
INFO: cmn.c(183): CMN: 67.80  2.48  9.42 10.49 -6.92 -2.64  0.13 10.25 13.11 -9.12  5.42 -2.37 -0.06 
utt>    85                      0086  195    0   104 18  2 5 4.968155e-12 -2.006305e+02 -3.912295e+04
INFO: cmn.c(183): CMN: 68.17  3.86  8.25 15.29 -10.03 -3.34  0.73 11.61  6.20 -8.33 10.00 -5.15  1.59 
utt>    86                      0087  205    0    96 19  3 6 3.874436e-12 -1.991490e+02 -4.082555e+04
INFO: cmn.c(183): CMN: 63.44  6.86 -1.50 -5.26 -8.63  2.35 -2.47  7.55  8.94 -0.27 13.68 -1.72 -1.72 
utt>    87                      0088  255    0   108 24  3 6 6.943416e-12 -1.986656e+02 -5.065972e+04
INFO: cmn.c(183): CMN: 65.86  3.46  2.79  6.72 -5.78 -6.15  1.51  7.77  7.19 -1.82 10.44  0.62 -5.20 
utt>    88                      0089  170    0    84 20  3 5 3.880880e-12 -1.993135e+02 -3.388330e+04
INFO: cmn.c(183): CMN: 64.05  4.87 -2.72  4.78 -8.21 -8.03 -0.12  8.64  8.18 -2.41  5.25 -2.21 -2.17 
utt>    89                      0090  411    0   136 25  2 4 4.100199e-12 -1.995312e+02 -8.200734e+04
INFO: cmn.c(183): CMN: 69.26  6.69 -0.92  8.34 -4.78 -9.22 -4.36 10.22 13.15  1.99  5.06  3.80 -2.66 
utt>    90                      0091  270    0   136 20  3 5 4.531102e-12 -1.975411e+02 -5.333611e+04
INFO: cmn.c(183): CMN: 65.25  8.09  0.55  7.83 -5.06 -10.11 -2.49  4.14 10.24  2.22  3.54  1.50 -4.01 
utt>    91                      0092  282    0   132 20  2 5 3.529352e-12 -1.962568e+02 -5.534442e+04
INFO: cmn.c(183): CMN: 68.81  3.09 -2.90 10.18 -6.27 -13.79 -0.16  4.68  8.88  4.20  0.61  1.26 -5.35 
utt>    92                      0093  195    0    88 19  3 5 3.616123e-12 -1.972910e+02 -3.847174e+04
INFO: cmn.c(183): CMN: 66.66  5.57 -1.03  3.66 -5.05 -10.61 -2.98  7.73 11.09 -0.08 -0.09  2.70 -4.19 
utt>    93                      0094  331    0   132 20  2 5 4.785769e-12 -1.977099e+02 -6.544198e+04
INFO: cmn.c(183): CMN: 65.18  7.43  1.26  2.67 -2.14 -8.91 -2.35  5.87  9.52  2.82  2.66  2.74 -2.30 
utt>    94                      0095  321    0   132 25  2 5 4.472927e-12 -1.975861e+02 -6.342515e+04
INFO: cmn.c(183): CMN: 70.05  6.26 -1.65 -0.99 -10.18 -3.24 -14.25 15.44 17.11  1.54  0.01  1.41 -4.16 
utt>    95                      0096  210    0   112 17  2 5 4.872202e-12 -1.994511e+02 -4.188474e+04
INFO: cmn.c(183): CMN: 68.36  1.89 -4.78  6.88 -6.54 -7.93 -6.85 13.93 15.25  4.06  2.05  3.27 -3.68 
utt>    96                      0097  195    0    92 16  2 5 5.262936e-12 -1.976347e+02 -3.853877e+04
INFO: cmn.c(183): CMN: 62.67 10.19 10.10 -0.07 -6.21 -6.69 -4.87  8.58  8.81  1.41 -2.04  2.73 -1.08 
utt>    97                      0098  210    0   104 25  3 5 3.684778e-12 -1.982456e+02 -4.163157e+04
INFO: cmn.c(183): CMN: 65.18  3.39 -1.92  2.62 -6.63 -8.26 -7.07 13.07 10.63  1.29 -0.68  4.44 -3.70 
utt>    98                      0099  180    0    76 24  2 5 4.346188e-12 -2.011565e+02 -3.620818e+04
INFO: cmn.c(183): CMN: 62.28  4.28 -0.41  4.42 -5.76 -6.28 -2.01  4.69 10.23  8.15  1.18  3.42 -5.33 
utt>    99                      0100  190    0    84 18  2 4 5.800799e-12 -1.973651e+02 -3.749936e+04
INFO: cmn.c(183): CMN: 66.73 21.21  6.60 10.59  8.89 -11.25 -7.46  3.80  9.17  8.97 -5.25 -11.96 -0.59 
utt>   100                      0101  504    0   100 23  2 5 4.540262e-12 -1.972297e+02 -9.940377e+04
INFO: cmn.c(183): CMN: 69.62 23.05 -1.75 -1.92  3.80 -7.69 -5.45  8.67 10.60  4.14 -6.52 -12.58 -3.16 
utt>   101                      0102  497    0   100 20  2 4 4.353163e-12 -1.967330e+02 -9.777631e+04
INFO: cmn.c(183): CMN: 69.46 18.17 -2.67 -1.41  7.81 -5.37 -2.51 10.16 10.43  1.42 -8.78 -8.74  0.15 
utt>   102                      0103  476    0   100 25  2 4 4.738966e-12 -1.971522e+02 -9.384443e+04
INFO: cmn.c(183): CMN: 67.44 19.08 -5.24  5.87 11.79 -8.69  0.80 12.45 13.30  6.29 -5.40 -7.93  2.70 
utt>   103                      0104  458    0   120 23  2 4 3.863336e-12 -1.978839e+02 -9.063084e+04
INFO: cmn.c(183): CMN: 67.26 19.63  0.41  5.01  8.15 -7.95 -4.33  7.42 12.98  8.13 -7.16 -10.01 -0.11 
utt>   104                      0105  430    0   100 23  2 5 5.146796e-12 -1.996133e+02 -8.583373e+04
INFO: cmn.c(183): CMN: 77.21  8.09 -6.58 -11.20 -5.71  5.31 -19.17  7.71  7.47  2.11 -0.96 -2.58  5.22 
utt>   105                      0106  248    0   104 17  2 5 5.699288e-12 -2.007010e+02 -4.977384e+04
INFO: cmn.c(183): CMN: 78.19  3.71 -3.51 -2.53 -8.25  0.34 -20.58  9.82  9.19  1.92 -0.89  0.16  1.64 
utt>   106                      0107  263    0   124 18  2 5 4.788441e-12 -1.995819e+02 -5.249004e+04
INFO: cmn.c(183): CMN: 77.92  4.50 -8.23 -1.98 -1.86 -4.30 -20.02 15.58  7.52 -3.64 -4.05  7.26 -3.15 
utt>   107                      0108  334    0   152 22  3 5 6.084579e-12 -1.994659e+02 -6.662161e+04
INFO: cmn.c(183): CMN: 72.66 10.68  4.74 -7.49  6.89  9.79 -16.30  4.91  7.72 -6.63 -3.69  1.55  0.50 
utt>   108                      0109  238    0    96 17  3 5 3.423060e-12 -1.991469e+02 -4.739697e+04
INFO: cmn.c(183): CMN: 75.80  7.41 -1.35 -5.17  2.17  4.09 -19.24 12.70  3.22 -8.14 -3.09  3.14 -0.46 
utt>   109                      0110  270    0   120 17  2 5 3.392058e-12 -1.977981e+02 -5.340548e+04
INFO: cmn.c(183): CMN: 78.45  9.48  0.62  3.38 -4.67 12.66 -6.74  2.19 -1.72  4.95 -3.33 -6.96  2.50 
utt>   110                      0111  309    0   128 19  2 5 4.324219e-12 -2.000462e+02 -6.181427e+04
INFO: cmn.c(183): CMN: 78.88 12.28  2.69  0.70 -6.04 15.00 -8.26  6.07 -2.11  6.59 -4.78 -7.06  2.91 
utt>   111                      0112  277    0   128 19  2 5 6.538274e-12 -2.004117e+02 -5.551403e+04
INFO: cmn.c(183): CMN: 76.93  8.98 -4.84 -1.22 -3.12 15.01 -9.92  2.44  2.88  7.46  0.01 -7.11  1.72 
utt>   112                      0113  335    0   140 18  2 5 4.960026e-12 -1.979128e+02 -6.630079e+04
INFO: cmn.c(183): CMN: 77.94  9.86 -0.56 -0.44 -1.73 13.92 -7.38  3.48 -0.79  3.67 -2.63 -6.54  0.55 
utt>   113                      0114  286    0   128 17  2 5 3.793473e-12 -1.965004e+02 -5.619912e+04
INFO: cmn.c(183): CMN: 71.88  1.30  1.60 10.46 -5.03  9.27 -4.61  1.74  0.63  2.25  1.42 -1.23  0.71 
utt>   114                      0115  214    0   116 22  3 6 5.203819e-12 -2.022689e+02 -4.328554e+04
INFO: cmn.c(183): CMN: 111.96 -8.68 -0.86 -1.79 -1.73 -4.23 -2.74 -2.29 -0.68 -1.86 -2.20 -1.75 -1.65 
utt>   115                      0116  855    0   112 38  2 4 3.891551e-12 -1.960741e+02 -1.676433e+05
INFO: cmn.c(183): CMN: 78.86  8.08 -0.24  6.19 -4.51 17.84 -9.05  1.68 -5.48  3.23 -1.19 -4.15 -2.41 
utt>   116                      0117  246    0    96 19  3 6 5.252262e-12 -1.968013e+02 -4.841312e+04
INFO: cmn.c(183): CMN: 77.54  2.99  4.71 13.26 -7.60 17.18 -6.40 -4.25 -1.83  6.09  4.56 -1.39 -3.41 
utt>   117                      0118  232    0    76 14  2 4 5.360411e-12 -1.950714e+02 -4.525657e+04
INFO: cmn.c(183): CMN: 72.77  6.55  7.94  7.13 -1.95 24.81 -9.77 -5.48 -5.82  2.76  7.59 -4.27 -1.41 
utt>   118                      0119  241    0   100 17  2 5 4.696317e-12 -1.990063e+02 -4.796052e+04
INFO: cmn.c(183): CMN: 78.78  9.36 -9.80  4.14 -2.54 10.62 -4.40  6.23 -1.71  1.55 -2.00 -5.13 -1.01 
utt>   119                      0120  223    0    92 20  3 6 4.417809e-12 -1.960015e+02 -4.370834e+04
INFO: cmn.c(183): CMN: 75.19  6.39  1.63  7.12 -2.81 13.52 -18.99 11.42 -0.29 -0.07 -0.06 -7.43  7.83 
utt>   120                      0121  246    0    92 18  2 5 4.579411e-12 -1.948485e+02 -4.793273e+04
INFO: cmn.c(183): CMN: 75.22  4.24  6.40  4.56 -5.51 12.81 -15.94  9.99  4.25  0.45 -0.46 -6.71  3.76 
utt>   121                      0122  201    0    80 15  2 5 5.054261e-12 -1.971147e+02 -3.962005e+04
INFO: cmn.c(183): CMN: 74.70  7.40  6.09  0.65 -2.37 13.62 -18.71  8.32  6.72 -3.55  0.10 -5.29  6.67 
utt>   122                      0123  197    0   100 17  3 5 8.182629e-12 -1.978642e+02 -3.897925e+04
INFO: cmn.c(183): CMN: 72.40  8.68 11.80  6.82  6.56 12.69 -15.27  7.92 -1.13 -2.23  0.78 -3.66  4.43 
utt>   123                      0124  197    0   104 22  3 6 4.860374e-12 -1.999161e+02 -3.938348e+04
INFO: cmn.c(183): CMN: 77.73 10.20  5.20 -0.58 -5.42 14.36 -20.62 11.76 -3.69 -0.82 -4.82 -5.79  7.45 
utt>   124                      0125  156    0    76 16  3 6 7.500936e-12 -1.958671e+02 -3.055527e+04
INFO: cmn.c(183): CMN: 77.35 10.14  7.68  2.69 -8.85 19.00 -18.85  3.25  1.61 -3.08  0.63 -7.83  6.51 
utt>   125                      0126  201    0    92 16  2 5 5.278389e-12 -1.947637e+02 -3.914750e+04
INFO: cmn.c(183): CMN: 73.34  7.90 10.02  6.71 -1.84 16.35 -17.19  4.93 -0.83 -0.99 -2.24 -6.09  4.91 
utt>   126                      0127  192    0    92 16  3 5 3.243044e-12 -1.957826e+02 -3.759025e+04
INFO: cmn.c(183): CMN: 74.58  1.67  6.73 10.79 -7.61  7.71 -15.09  7.80 -1.04  5.39 -1.54 -1.92  0.35 
utt>   127                      0128  331    0   156 19  2 4 4.485267e-12 -1.960828e+02 -6.490342e+04
INFO: cmn.c(183): CMN: 72.53  0.97  7.02 12.23 -7.93  4.87 -15.50  7.94 -0.39  6.21  0.20 -2.61 -1.32 
utt>   128                      0129  331    0   156 19  2 5 5.335383e-12 -1.972674e+02 -6.529552e+04
INFO: cmn.c(183): CMN: 73.83  0.55 -0.16  3.99 -7.35  6.38 -14.00 10.00 -1.69  8.96  1.25 -2.71 -1.62 
utt>   129                      0130  179    0    80 19  2 4 4.142012e-12 -1.958435e+02 -3.505599e+04
INFO: cmn.c(183): CMN: 76.21  8.79 -0.84  5.84 -9.92 14.43 -14.12  3.69  2.21  1.33  5.33 -4.66 -0.38 
utt>   130                      0131  250    0   108 17  2 5 4.319617e-12 -1.969078e+02 -4.922695e+04
INFO: cmn.c(183): CMN: 75.34  7.87 -1.79  6.16 -4.42 10.88 -14.39  3.92  1.84  4.72  5.65 -4.90 -0.50 
utt>   131                      0132  250    0   108 17  2 5 3.965861e-12 -1.947529e+02 -4.868823e+04
INFO: cmn.c(183): CMN: 73.87 13.81  6.63  0.90 -5.03 12.01 -12.30  3.70 -0.87  3.30  4.04 -7.59  2.97 
utt>   132                      0133  210    0   112 20  3 6 6.328619e-12 -1.982185e+02 -4.162588e+04
INFO: cmn.c(183): CMN: 72.17  8.12 -9.18 -4.68 -3.63  7.46 -14.10  6.72  5.12  7.94  3.67 -3.48  0.07 
utt>   133                      0134  273    0   116 26  3 6 6.256287e-12 -1.996422e+02 -5.450232e+04
INFO: cmn.c(183): CMN: 75.35  8.33  0.28  4.45 -1.81  3.42 -16.05  6.97 -0.21  2.69  4.96 -4.04  2.93 
utt>   134                      0135  295    0   124 21  3 5 5.591769e-12 -2.001536e+02 -5.904530e+04
INFO: cmn.c(183): CMN: 75.87  7.16  7.41 14.01 -3.37 15.02 -16.19  1.16  1.63 -5.35  9.93 -6.69 -1.75 
utt>   135                      0136  210    0   104 18  2 5 5.121304e-12 -2.005601e+02 -4.211762e+04
INFO: cmn.c(183): CMN: 75.08  7.25  8.03 11.92 -6.44 15.38 -17.83 -0.19  2.89  1.38  8.59 -11.13  4.24 
utt>   136                      0137  197    0    96 19  2 5 6.429772e-12 -2.000998e+02 -3.941966e+04
INFO: cmn.c(183): CMN: 74.48  6.82 -8.23 -4.52 -2.47 13.66 -15.42  9.18  3.55  8.35  4.23 -6.15  2.46 
utt>   137                      0138  264    0   108 22  2 5 5.905967e-12 -1.967175e+02 -5.193342e+04
INFO: cmn.c(183): CMN: 74.28  5.07  0.45  2.36 -4.62 10.25 -13.61  4.13 -1.43  5.57  5.09 -3.67  0.38 
utt>   138                      0139  201    0    84 19  2 5 4.425660e-12 -1.961761e+02 -3.943140e+04
INFO: cmn.c(183): CMN: 73.22  6.42  1.28  3.80 -6.51  8.37 -16.47  4.47  0.62  7.16  3.56 -4.49 -1.27 
utt>   139                      0140  385    0   136 21  2 5 4.578223e-12 -1.998191e+02 -7.693035e+04
INFO: cmn.c(183): CMN: 76.45  7.44  0.00  6.70 -8.79 13.43 -13.86 -0.69  4.33  1.03  6.91 -7.20  4.72 
utt>   140                      0141  326    0   136 18  2 5 4.099493e-12 -1.952468e+02 -6.365046e+04
INFO: cmn.c(183): CMN: 75.14  7.88 -1.24  7.01 -6.92 11.15 -10.87  1.19  4.04  0.42  7.55 -7.86  4.88 
utt>   141                      0142  282    0   132 19  2 5 3.251721e-12 -1.953142e+02 -5.507861e+04
INFO: cmn.c(183): CMN: 75.94  5.17  1.63  5.88 -9.65 11.03 -12.00 -4.09  2.64  0.46  7.45 -9.35  5.21 
utt>   142                      0143  206    0    88 18  2 5 3.002964e-12 -1.957298e+02 -4.032035e+04
INFO: cmn.c(183): CMN: 75.52  8.23 -0.16  0.38 -9.04  6.22 -12.04  2.49  3.25  2.19  7.67 -7.66  4.44 
utt>   143                      0144  322    0   132 17  2 5 4.019141e-12 -1.943559e+02 -6.258258e+04
INFO: cmn.c(183): CMN: 75.98  8.99  2.53  2.69 -5.56  9.41 -12.37 -0.45  1.44  0.57  5.44 -9.49  6.94 
utt>   144                      0145  309    0   132 18  3 5 5.439285e-12 -1.979015e+02 -6.115157e+04
INFO: cmn.c(183): CMN: 75.80 14.83 -2.03 -0.83 -7.19  8.12 -13.25  2.50  3.24  3.14  8.17 -4.61  1.89 
utt>   145                      0146  259    0   112 18  2 5 5.972625e-12 -1.974513e+02 -5.113988e+04
INFO: cmn.c(183): CMN: 76.61  6.78 -4.62  5.17 -9.62  6.20 -12.90  8.69  2.03  3.48  6.72 -4.53 -1.36 
utt>   146                      0147  214    0    92 16  3 6 4.741218e-12 -1.952341e+02 -4.178010e+04
INFO: cmn.c(183): CMN: 73.79 13.73 10.45  2.70 -9.99 14.15 -11.54  1.07  2.64 -2.72  3.05 -8.46  6.78 
utt>   147                      0148  210    0   104 16  2 5 4.388050e-12 -1.974946e+02 -4.147387e+04
INFO: cmn.c(183): CMN: 76.67  6.86 -3.47  4.47 -9.46  7.11 -13.06  6.86  1.47  3.60  3.48 -3.32  1.86 
utt>   148                      0149  192    0    76 18  2 5 6.552955e-12 -1.955634e+02 -3.754817e+04
INFO: cmn.c(183): CMN: 75.44  5.64 -3.09  6.79 -9.07  8.33 -8.66  0.42  3.31  8.22  1.40 -2.45 -1.81 
utt>   149                      0150  192    0    84 17  2 4 3.880775e-12 -1.950116e+02 -3.744223e+04
INFO: cmn.c(183): CMN: 111.44 -13.21 -3.89 -1.41 -0.17  0.68 -2.75 -0.74  0.58 -2.94 -4.82 -4.80 -4.49 
utt>   150                      0151 1107    0   100 25  1 3 2.538656e-12 -1.986132e+02 -2.198648e+05
INFO: cmn.c(183): CMN: 79.24  5.74 -24.62 -12.69  3.42 -11.05 -1.82 -2.89  0.08  7.49 -4.01 -4.20 -1.24 
utt>   151                      0152  288    0   100 17  2 5 2.808401e-12 -1.998327e+02 -5.755183e+04
INFO: cmn.c(183): CMN: 77.76  6.00 -23.51 -6.02 -0.36 -10.65  1.88 -6.61 -4.55 10.23 -4.31 -2.06  0.32 
utt>   152                      0153  326    0   100 20  2 4 3.141750e-12 -1.995040e+02 -6.503831e+04
INFO: cmn.c(183): CMN: 75.48  6.07 -20.10 -2.98 -1.21 -11.50  4.66 -5.29  0.02 19.06  3.17 -0.58  1.86 
utt>   153                      0154  330    0   120 20  2 5 4.907974e-12 -1.986328e+02 -6.554882e+04
INFO: cmn.c(183): CMN: 78.77 14.24 -18.42 -11.26  0.78 -12.74 -3.75 -0.77 -3.72  4.78 -7.21 -5.32 -6.59 
utt>   154                      0155  259    0   100 17  2 5 4.564744e-12 -2.016801e+02 -5.223514e+04
INFO: cmn.c(183): CMN:  0.62 -5.53 -6.57 -4.80 -2.85 -2.75  1.10 -2.72 -3.09 -1.12 -0.31  2.60 -2.46 
utt>   155                      0156  165    0   104 69  5 10 1.303755e-11 -1.871486e+02 -3.087951e+04
INFO: cmn.c(183): CMN: 77.39  2.00 -22.22 -9.98  0.65 -12.74  9.94 -4.23 -0.15 11.42 -1.59  0.78 -6.01 
utt>   156                      0157  351    0   124 20  2 5 5.100298e-12 -1.991223e+02 -6.989194e+04
INFO: cmn.c(183): CMN: 79.01  1.46 -23.97 -0.94 -2.39 -13.86 12.28 -7.46 -2.44 18.59 -2.10 -1.22 -5.80 
utt>   157                      0158  463    0   152 20  2 4 4.485008e-12 -1.996877e+02 -9.245541e+04
INFO: cmn.c(183): CMN: 77.67 15.80 -10.10 -14.11  3.16 -13.93 -5.09 -1.38 -3.17  3.87 -7.73 -2.45 -5.40 
utt>   158                      0159  259    0    96 16  2 5 4.803072e-12 -1.997249e+02 -5.172874e+04
INFO: cmn.c(183): CMN: 81.15  9.22 -14.45 -9.37 -1.52 -15.84  6.14 -8.95 -6.47 11.56 -7.92  3.30 -4.95 
utt>   159                      0160  280    0   120 16  2 4 4.904807e-12 -1.997565e+02 -5.593182e+04
INFO: cmn.c(183): CMN: 76.35 17.25 -14.67 -16.25 -2.25 -5.91 -5.12  5.98  7.66 -7.07 -5.45 -1.57 -0.39 
utt>   160                      0161  309    0   128 18  2 5 5.715888e-12 -2.019027e+02 -6.238794e+04
INFO: cmn.c(183): CMN: 76.57 18.35 -15.65 -14.38 -3.49 -6.92 -4.55  5.23  5.47 -1.72 -2.20 -2.06 -3.40 
utt>   161                      0162  300    0   128 18  2 5 5.448533e-12 -2.009604e+02 -6.028811e+04
INFO: cmn.c(183): CMN: 79.55  8.30 -21.29 -11.94  4.36 -7.05 -4.46 -3.40  2.67 -3.74 -5.90 -3.86 -4.92 
utt>   162                      0163  355    0   140 16  2 4 4.542509e-12 -2.010067e+02 -7.135737e+04
INFO: cmn.c(183): CMN: 77.97 15.00 -16.71 -11.02  4.48 -7.36 -2.85 -1.91  2.83 -3.57 -2.92 -2.78 -6.41 
utt>   163                      0164  321    0   128 16  2 5 3.811871e-12 -1.989414e+02 -6.386019e+04
INFO: cmn.c(183): CMN: 73.54  7.85 -11.73 -8.04  0.98 -0.93  5.06  4.35  5.21  0.58  0.43  2.16 -7.96 
utt>   164                      0165  238    0   116 18  2 5 5.999447e-12 -2.001736e+02 -4.764131e+04
INFO: cmn.c(183): CMN: 72.53  9.69 -5.00 -8.68 -3.55 -3.02  7.14 -0.46  5.76  2.03  6.80 -2.41 -3.55 
utt>   165                      0166  280    0   112 20  2 5 4.654996e-12 -1.987931e+02 -5.566206e+04
INFO: cmn.c(183): CMN: 75.47  6.50 -10.54 -4.04  0.86 -3.60 -0.73 -0.09 -2.24 -3.10 -0.88 -4.64 -2.71 
utt>   166                      0167  326    0    96 21  2 4 3.952648e-12 -1.989194e+02 -6.484773e+04
INFO: cmn.c(183): CMN: 80.33  5.30 -2.50 -6.82 -1.17 -4.66  1.93 -2.32 -1.81 -9.91 -0.64 -4.35 -11.52 
utt>   167                      0168  213    0    76 14  2 4 3.781281e-12 -1.974931e+02 -4.206604e+04
INFO: cmn.c(183): CMN: 77.27 10.12 -3.25 -8.57  0.65 -6.64  4.77 -2.46 -4.76 -4.00  0.97 -2.55 -7.71 
utt>   168                      0169  246    0   100 15  2 4 4.077987e-12 -2.007536e+02 -4.938539e+04
INFO: cmn.c(183): CMN: 81.33  3.33 -23.57 -2.85 -1.40 -9.41  0.17 -4.33 -1.26 -7.12  2.14 -8.27 -5.02 
utt>   169                      0170  259    0    92 16  2 5 6.069830e-12 -1.989106e+02 -5.151784e+04
INFO: cmn.c(183): CMN: 79.11  5.73 -9.43 -13.00  0.14 -9.50  1.26 -9.33 -3.47 -4.70 -7.94  0.65 -7.91 
utt>   170                      0171  248    0    92 18  2 5 4.059403e-12 -1.986506e+02 -4.926534e+04
INFO: cmn.c(183): CMN: 77.90  9.61 -7.44 -12.01  2.83 -8.04  3.50 -9.10 -5.42 -6.57 -6.21 -2.50 -14.10 
utt>   171                      0172  219    0    80 15  2 5 3.661136e-12 -1.970840e+02 -4.316141e+04
INFO: cmn.c(183): CMN: 76.84 15.21 -4.24 -15.03  1.62 -19.21  1.40 -3.03 -2.26 -9.66 -5.40 -4.03 -8.89 
utt>   172                      0173  198    0   100 17  3 6 4.846840e-12 -1.991797e+02 -3.943759e+04
INFO: cmn.c(183): CMN: 73.72 16.85  2.12 -12.91  4.90 -13.40 -0.09 -2.96 -2.48 -6.19 -4.93 -4.75 -8.80 
utt>   173                      0174  261    0   104 20  2 5 4.858037e-12 -2.026172e+02 -5.288309e+04
INFO: cmn.c(183): CMN: 76.14 15.70 -7.38 -13.51 -1.67 -5.92  1.04 -4.30 -1.39 -6.98 -4.50 -2.52 -4.88 
utt>   174                      0175  190    0    76 16  2 5 5.777683e-12 -1.987983e+02 -3.777168e+04
INFO: cmn.c(183): CMN: 78.30 17.00 -9.04 -8.25 -3.34 -7.95 -2.73 -2.37  0.02 -7.99 -0.65 -8.48  1.31 
utt>   175                      0176  194    0    92 16  2 5 4.786173e-12 -2.008374e+02 -3.896246e+04
INFO: cmn.c(183): CMN: 76.70 14.04 -1.11 -5.07 -3.93 -8.65 -0.33 -1.38 -9.72 -4.02 -9.29 -7.78 -6.12 
utt>   176                      0177  186    0    92 16  2 5 3.337845e-12 -2.043730e+02 -3.801337e+04
INFO: cmn.c(183): CMN: 77.24  7.45 -3.14 -10.28 -4.12 -4.85  1.75  1.43 -0.02  3.54 -6.22  2.08 -12.49 
utt>   177                      0178  294    0   156 18  2 5 4.900082e-12 -2.018660e+02 -5.934859e+04
INFO: cmn.c(183): CMN: 76.86  6.96 -1.02 -8.03 -0.50 -8.20  4.14 -0.61 -0.02  2.02 -6.80  3.94 -10.26 
utt>   178                      0179  331    0   156 17  2 4 3.018840e-12 -2.009737e+02 -6.652229e+04
INFO: cmn.c(183): CMN: 78.39  3.25 -13.19 -6.23 -0.26 -3.61  1.62 -1.78  0.51  1.32 -10.33  1.70 -11.56 
utt>   179                      0180  182    0    80 19  2 5 3.099640e-12 -2.039906e+02 -3.712629e+04
INFO: cmn.c(183): CMN: 79.23 10.32 -16.38 -4.29 -2.18 -6.62  6.34 -9.98  2.93  2.43 -1.39 -8.27  3.15 
utt>   180                      0181  244    0   108 15  2 5 5.161595e-12 -2.002547e+02 -4.886215e+04
INFO: cmn.c(183): CMN: 78.02 13.08 -18.35 -0.66  0.87 -6.49  7.78 -9.93  7.12  3.13  0.52 -8.93  1.73 
utt>   181                      0182  227    0   108 15  2 4 3.308236e-12 -1.998627e+02 -4.536883e+04
INFO: cmn.c(183): CMN: 76.24 18.01 -14.85 -8.47  1.13 -7.42  6.41 -5.57 -3.68  0.20  1.75 -8.38  0.19 
utt>   182                      0183  240    0   112 18  2 5 3.575630e-12 -2.027502e+02 -4.866006e+04
INFO: cmn.c(183): CMN: 75.05  7.57 -27.02 -5.54  5.31 -4.97  4.81 -7.54  4.09  6.98 -3.07 -14.91 -6.27 
utt>   183                      0184  298    0   116 22  2 4 5.296295e-12 -2.016352e+02 -6.008728e+04
INFO: cmn.c(183): CMN: 74.31  7.83 -14.00  1.35  0.26 -10.68  7.35 -10.99 -0.86  2.66  1.18 -10.72 -4.24 
utt>   184                      0185  584    0   124 21  2 4 4.529341e-12 -2.005546e+02 -1.171239e+05
INFO: cmn.c(183): CMN: 78.18  4.63  4.21  6.10 -4.92 -2.22  2.92 -4.67 -9.85  4.57 -8.52 -8.88 -4.42 
utt>   185                      0186  244    0   104 16  2 5 3.387521e-12 -2.023675e+02 -4.937768e+04
INFO: cmn.c(183): CMN: 78.06  6.54 -3.84 -2.27 -5.93 -2.88  4.88 -3.26 -6.39 10.62 -1.32 -1.65  0.39 
utt>   186                      0187  244    0    96 16  2 4 4.687493e-12 -2.017563e+02 -4.922854e+04
INFO: cmn.c(183): CMN: 75.42  7.21 -24.41 -2.84  8.41 -3.46  4.28 -0.62 -4.72 11.38 -2.72 -12.22 -1.44 
utt>   187                      0188  344    0   108 20  2 4 5.088151e-12 -1.993781e+02 -6.858606e+04
INFO: cmn.c(183): CMN: 78.89  6.95 -9.25  0.86 -2.41 -0.69  1.72  2.37 -4.48 12.11 -4.86 -10.66 -4.51 
utt>   188                      0189  190    0    84 17  2 5 4.165249e-12 -2.017133e+02 -3.832552e+04
INFO: cmn.c(183): CMN: 75.62  7.19 -16.44 -1.52 -3.06 -5.56  4.20 -1.38 -5.98  5.78 -0.41 -8.16 -1.01 
utt>   189                      0190  447    0   136 21  2 4 4.026282e-12 -2.013603e+02 -9.000804e+04
INFO: cmn.c(183): CMN: 76.84  4.45 -12.40  0.08 -7.53 -4.14  0.98  1.02 -0.87  2.68 -3.34 -6.25  3.55 
utt>   190                      0191  364    0   136 17  2 4 4.071381e-12 -2.010920e+02 -7.319748e+04
INFO: cmn.c(183): CMN: 78.31  8.66 -17.30 -0.97 -7.40 -1.87  2.93 -2.72  0.11  5.63 -2.68 -7.48  3.25 
utt>   191                      0192  298    0   132 16  2 4 3.372438e-12 -2.005884e+02 -5.977535e+04
INFO: cmn.c(183): CMN: 79.81  5.70 -16.83 -1.49 -5.02 -1.56  6.52 -0.53  3.79  4.90 -2.09 -11.55 -1.91 
utt>   192                      0193  223    0    88 16  2 4 4.588498e-12 -2.007323e+02 -4.476330e+04
INFO: cmn.c(183): CMN: 78.23  7.76 -18.11 -1.02 -10.09 -1.88  7.33 -2.83  2.15  0.91 -4.19 -9.90 -3.10 
utt>   193                      0194  348    0   132 16  2 4 3.911613e-12 -2.003714e+02 -6.972926e+04
INFO: cmn.c(183): CMN: 76.14 10.88 -14.02  2.26 -8.61 -8.38  4.26  2.58  2.14  1.68 -0.25 -4.85 -0.52 
utt>   194                      0195  348    0   132 18  2 5 4.811803e-12 -2.018973e+02 -7.026024e+04
INFO: cmn.c(183): CMN: 80.21  7.43 -15.46 -2.98 -4.62 -8.65  3.44 -9.78 -2.90 -0.54 -10.87 -13.70 -9.19 
utt>   195                      0196  286    0   112 14  2 4 4.799322e-12 -1.987934e+02 -5.685492e+04
INFO: cmn.c(183): CMN: 80.64  0.50 -14.85  4.04 -4.87 -2.14  5.68 -8.22 -2.88  5.74 -5.06 -9.24 -7.11 
utt>   196                      0197  227    0    92 14  2 5 4.469416e-12 -1.975356e+02 -4.484059e+04
INFO: cmn.c(183): CMN: 75.51 18.21 -9.18 -5.37 -5.23 -4.00  5.98 -2.39 -2.59  0.27 -4.28 -6.82 -6.06 
utt>   197                      0198  269    0   104 18  2 5 3.917265e-12 -1.997642e+02 -5.373657e+04
INFO: cmn.c(183): CMN: 81.28  3.47 -19.80  3.81 -5.36 -7.30  8.48 -3.38 -1.52 10.85 -2.93 -7.05 -3.68 
utt>   198                      0199  178    0    76 17  2 5 4.036199e-12 -2.003994e+02 -3.567109e+04
INFO: cmn.c(183): CMN: 81.32  3.81 -18.33 -2.94 -2.16  0.03  7.25 -1.49  3.50  7.44 -1.50 -1.51 -0.94 
utt>   199                      0200  182    0    84 15  2 3 3.767955e-12 -2.001257e+02 -3.642288e+04
INFO: cmn.c(183): CMN: 77.56  9.05 -8.54 -34.17 -0.72 -18.41 -2.36  9.30  1.45 -12.38 -17.70  4.51 -7.84 
utt>   200                      0201  206    0   100 17  2 5 4.924738e-12 -2.024945e+02 -4.171386e+04
INFO: cmn.c(183): CMN: 75.72 -0.65 -10.80 -19.52  1.64 -14.28  0.75  4.06  2.89  3.69 -17.44  5.10 -3.56 
utt>   201                      0202  254    0   100 17  2 4 4.824253e-12 -2.004580e+02 -5.091632e+04
INFO: cmn.c(183): CMN: 74.34 -4.53 -8.95 -10.84 -2.89 -11.69  3.39  6.58  0.90  5.44 -15.65  8.50  1.47 
utt>   202                      0203  254    0   100 20  2 5 5.946523e-12 -2.002147e+02 -5.085453e+04
INFO: cmn.c(183): CMN: 72.22  3.86  0.70 -18.21 -7.65 -9.63  4.32  6.02  9.26  6.86 -12.83 11.29 -1.29 
utt>   203                      0204  242    0   120 19  2 4 4.229832e-12 -1.989935e+02 -4.815643e+04
INFO: cmn.c(183): CMN: 67.78  7.07  0.10 -14.66 -4.12 -11.34 -4.68  7.25  1.76 -4.73 -18.00  1.18 -4.95 
utt>   204                      0205  218    0   100 18  3 6 6.105650e-12 -2.022920e+02 -4.409965e+04
INFO: cmn.c(183): CMN: 74.36  5.97 -10.09 -19.07 -13.14 -1.53 15.09 -4.75 -8.40  0.94  1.09  0.74 -16.33 
utt>   205                      0206  254    0   104 15  2 4 4.066183e-12 -2.015024e+02 -5.118161e+04
INFO: cmn.c(183): CMN: 71.80  2.81 -4.99 -12.79 -15.98  1.20 11.98 -1.60 -7.73  6.61  2.22  3.22 -14.10 
utt>   206                      0207  284    0   124 18  2 5 5.401325e-12 -1.999198e+02 -5.677723e+04
INFO: cmn.c(183): CMN: 74.26  0.79 -9.31 -7.55 -14.61  2.14 16.60 -8.50 -8.00  7.47  0.30  3.79 -8.64 
utt>   207                      0208  381    0   152 19  2 5 5.223806e-12 -2.007906e+02 -7.650123e+04
INFO: cmn.c(183): CMN: 69.78 13.94  1.56 -16.36 -2.23 -6.92 -1.00 -2.26 -7.86 -1.26 -6.39  1.09 -13.64 
utt>   208                      0209  199    0    96 17  2 5 4.409390e-12 -2.008698e+02 -3.997309e+04
INFO: cmn.c(183): CMN: 72.54  9.94 -2.92 -16.62 -8.85 -6.11  5.03 -3.54 -8.81 -2.17 -8.69  4.46 -10.03 
utt>   209                      0210  257    0   120 18  2 5 2.727901e-12 -1.982905e+02 -5.096066e+04
INFO: cmn.c(183): CMN: 78.18  7.46 -8.81 -16.29 -11.17 -7.75 -2.15 -2.28 -0.89 -1.47 -11.22 -1.20 -3.01 
utt>   210                      0211  278    0   128 19  3 6 5.359542e-12 -2.001612e+02 -5.564482e+04
INFO: cmn.c(183): CMN: 77.93  5.92 -9.17 -16.48 -10.40 -7.38  1.56 -1.59 -1.40 -2.49 -8.62 -1.49 -2.58 
utt>   211                      0212  272    0   128 17  2 5 6.581817e-12 -2.008773e+02 -5.463864e+04
INFO: cmn.c(183): CMN: 81.06 -0.02 -12.10 -14.00 -10.15 -7.89  3.27 -4.05 -6.65  8.21 -12.05  2.28 -2.53 
utt>   212                      0213  303    0   140 16  2 4 3.070856e-12 -1.990576e+02 -6.031444e+04
INFO: cmn.c(183): CMN: 78.46  5.11 -8.00 -13.77 -7.84 -9.38 -0.18 -3.56 -4.36  5.62 -10.67  2.24  2.20 
utt>   213                      0214  284    0   128 17  2 5 5.008901e-12 -1.994114e+02 -5.663283e+04
INFO: cmn.c(183): CMN: 76.74 -4.16 -4.10 -7.97 -7.93  1.31  5.66 -2.91 -4.13 12.66 -2.03  4.24 -1.37 
utt>   214                      0215  236    0   116 20  2 5 3.592909e-12 -2.010839e+02 -4.745581e+04
INFO: cmn.c(183): CMN: 71.92  4.55 -0.85 -15.80 -7.04  3.62  4.32 -0.82 -3.04  8.30 -9.36 -5.44 -17.25 
utt>   215                      0216  244    0   112 17  2 4 3.318576e-12 -2.035732e+02 -4.967186e+04
INFO: cmn.c(183): CMN: 77.76  2.91 -4.11 -8.24 -11.55  1.92  7.40 -1.07 -1.98 12.27 -0.87 16.18 14.28 
utt>   216                      0217  204    0    96 17  2 5 8.355349e-12 -1.988107e+02 -4.055737e+04
INFO: cmn.c(183): CMN: 78.09 -0.35 -1.60 -12.97 -8.30 -0.40  2.99 -4.74 -7.23  4.50 -8.37  8.10  0.81 
utt>   217                      0218  179    0    76 13  2 4 3.185149e-12 -1.980737e+02 -3.545520e+04
INFO: cmn.c(183): CMN: 77.68  3.08  0.50 -13.53 -6.39 -1.80 -0.50 -0.68 -7.28 11.13 -1.68 11.25  8.78 
utt>   218                      0219  227    0   100 15  2 5 4.323634e-12 -2.006002e+02 -4.553625e+04
INFO: cmn.c(183): CMN: 80.48 -2.10 -16.45 -10.09 -9.22  0.62  1.34 -9.16 -9.34  8.17 -11.10  5.42  5.55 
utt>   219                      0220  215    0    92 16  2 5 3.493584e-12 -1.997324e+02 -4.294246e+04
INFO: cmn.c(183): CMN: 78.34  2.35 -9.40 -2.35 -9.57 -0.70  5.11 -18.49 -9.11 -3.54 -8.90  0.51 -11.65 
utt>   220                      0221  229    0    92 17  2 5 4.926719e-12 -1.972049e+02 -4.515993e+04
INFO: cmn.c(183): CMN: 76.64  4.63 -10.05 -6.80 -4.29  2.06  4.53 -14.75 -8.58 -1.53 -2.08  1.72 -5.97 
utt>   221                      0222  183    0    80 16  2 5 5.958215e-12 -1.957213e+02 -3.581700e+04
INFO: cmn.c(183): CMN: 72.94 10.13 -7.92 -13.63  0.97 -7.39  1.83 -11.84 -8.67 -0.08 -4.91  1.18 -7.85 
utt>   222                      0223  209    0   100 18  2 5 4.765933e-12 -1.989417e+02 -4.157882e+04
INFO: cmn.c(183): CMN: 69.75 11.66  0.74 -5.77  4.33 -5.76 -1.43 -6.98 -3.47  3.28 -2.21  0.65 -2.52 
utt>   223                      0224  219    0   104 20  3 6 7.683458e-12 -2.005318e+02 -4.391646e+04
INFO: cmn.c(183): CMN: 77.70  7.85 -9.84 -10.85 -3.66 -2.57  2.85 -13.60 -8.44 -8.00 -7.19 -0.89 -7.84 
utt>   224                      0225  163    0    76 15  3 5 3.699253e-12 -1.965391e+02 -3.203588e+04
INFO: cmn.c(183): CMN: 111.35 -12.14 -5.64 -3.50 -2.87 -4.41 -3.78 -6.93 -4.89 -7.42 -6.59 -5.00 -1.56 
utt>   225                      0226  839    0    92 25  1 3 2.183998e-12 -2.033305e+02 -1.705943e+05
INFO: cmn.c(183): CMN: 77.33  7.12  5.29 -4.63 -9.41 -12.54  1.33 -2.97 -6.83 -0.30 -7.01  1.45  2.03 
utt>   226                      0227  193    0    92 17  2 5 4.727515e-12 -2.008465e+02 -3.876337e+04
INFO: cmn.c(183): CMN: 79.52 -0.04 -1.80 -6.78 -13.23 -4.36 11.53 -4.36 -2.45 12.50 -2.22  1.30 -0.22 
utt>   227                      0228  301    0   156 18  2 4 5.443719e-12 -1.988623e+02 -5.985754e+04
INFO: cmn.c(183): CMN: 77.27 -0.63  0.44 -6.00 -13.61 -8.26 11.47 -5.88 -6.21  9.03 -1.01  0.85  2.77 
utt>   228                      0229  311    0   156 17  2 4 4.589287e-12 -1.998816e+02 -6.216316e+04
INFO: cmn.c(183): CMN: 76.98  0.42 -5.42 -12.41 -10.46  1.76 11.89 -5.91  0.91 10.59 -0.59  5.11  5.88 
utt>   229                      0230  168    0    80 18  2 5 3.393619e-12 -2.040183e+02 -3.427507e+04
INFO: cmn.c(183): CMN: 79.98  0.60 -14.42 -4.22 -7.54 -0.53  0.66 -5.86  7.91 -1.30 -1.55 -5.58 10.39 
utt>   230                      0231  209    0   108 18  3 6 5.140271e-12 -1.987945e+02 -4.154805e+04
INFO: cmn.c(183): CMN: 79.16 -1.80 -7.81 -3.49 -11.91 -4.51 -2.86 -0.85 -0.46  4.63 -6.49 -3.65  4.86 
utt>   231                      0232  214    0   108 16  2 5 4.794800e-12 -1.968106e+02 -4.211746e+04
INFO: cmn.c(183): CMN: 77.41  6.89 -5.98 -10.60 -8.64 -2.95  4.27  3.04  5.07  4.11 -1.05  3.22 11.27 
utt>   232                      0233  209    0   112 18  2 5 4.330331e-12 -2.007878e+02 -4.196464e+04
INFO: cmn.c(183): CMN: 75.37 -0.81 -19.42 -14.16  3.82 -0.72  1.57  0.67  4.40  2.86 -2.43 -6.09  7.32 
utt>   233                      0234  250    0   116 26  3 6 6.615327e-12 -2.004317e+02 -5.010793e+04
INFO: cmn.c(183): CMN: 80.92 -2.00 -8.50  0.77 -12.20 -7.35  5.04  7.95  1.66  7.89  2.77  5.91  9.84 
utt>   234                      0235  271    0   124 20  2 5 4.228895e-12 -2.033198e+02 -5.509968e+04
INFO: cmn.c(183): CMN: 76.38  4.36  5.56 -14.59 -3.07 -9.90  2.31 -2.69 -6.51 10.83  0.99  3.92  5.23 
utt>   235                      0236  211    0   104 18  3 5 5.405116e-12 -2.017436e+02 -4.256790e+04
INFO: cmn.c(183): CMN: 78.85  3.70  0.27 -15.49 -5.32 -15.76  3.59 -4.59 -7.45  3.75 -3.84 -1.53  5.99 
utt>   236                      0237  198    0    96 16  2 5 2.250395e-12 -2.007873e+02 -3.975588e+04
INFO: cmn.c(183): CMN: 74.42  5.38 -19.12 -25.51 13.79 -0.27 -1.78 -4.60  0.31 -2.62 -0.68 -9.80  6.59 
utt>   237                      0238  211    0   108 24  3 7 6.352609e-12 -2.019394e+02 -4.260921e+04
INFO: cmn.c(183): CMN: 77.73  3.92 -5.24 -18.25  2.43 -3.45  0.29 -5.44  2.07  3.23  2.29 -2.87 11.21 
utt>   238                      0239  167    0    84 18  3 5 3.619110e-12 -2.015351e+02 -3.365636e+04
INFO: cmn.c(183): CMN: 78.12  2.22 -1.72 -16.10 -7.85 -9.34  0.58  6.38 -3.50  5.44 -3.30  2.85  8.28 
utt>   239                      0240  374    0   136 22  2 4 4.588112e-12 -2.028683e+02 -7.587273e+04
INFO: cmn.c(183): CMN: 79.21  3.42 -2.21 -22.11 -8.69 -4.15 -0.19  4.46 -8.32  8.60 -4.61  1.94  0.33 
utt>   240                      0241  266    0   136 17  2 5 4.964250e-12 -2.024068e+02 -5.384021e+04
INFO: cmn.c(183): CMN: 79.68  4.15 -8.62 -18.97 -6.19 -7.44  0.01 -0.72 -5.13  8.03 -7.63 -1.55  3.51 
utt>   241                      0242  274    0   132 18  2 5 5.229654e-12 -2.006539e+02 -5.497916e+04
INFO: cmn.c(183): CMN: 80.16  2.86 -2.21 -17.62 -10.25 -2.47  1.27  7.56 -12.89  5.99 -3.37  6.21 -1.72 
utt>   242                      0243  185    0    88 16  2 5 4.288256e-12 -2.021165e+02 -3.739155e+04
INFO: cmn.c(183): CMN: 77.82  7.22 -3.60 -18.03 -12.41 -4.61  1.56  7.29 -7.43  0.43 -7.28  2.49  0.03 
utt>   243                      0244  287    0   132 16  2 5 4.791573e-12 -2.008364e+02 -5.764005e+04
INFO: cmn.c(183): CMN: 76.68  8.63 -1.74 -18.74 -6.99 -6.61 -2.71  6.09  0.00  7.54 -3.36  9.05  7.19 
utt>   244                      0245  293    0   132 17  2 5 5.027378e-12 -2.030797e+02 -5.950234e+04
INFO: cmn.c(183): CMN: 79.37 10.60 -11.12 -26.90 -1.53 -12.75  7.27 -7.35 -2.23 -2.79 -7.91 -1.90 -2.20 
utt>   245                      0246  243    0   112 16  2 4 3.951563e-12 -1.986837e+02 -4.828015e+04
INFO: cmn.c(183): CMN: 78.32  3.52 -9.27 -19.11  0.67 -5.12 11.15 -14.17  5.66  6.63 -3.81 -2.03  3.32 
utt>   246                      0247  198    0    92 15  2 5 4.654241e-12 -1.998901e+02 -3.957824e+04
INFO: cmn.c(183): CMN: 74.69 14.92 -2.40 -26.96 -3.80 -9.25  4.05 -5.98  1.31 -2.32 -6.98 -1.01  4.22 
utt>   247                      0248  206    0   104 16  2 5 3.449062e-12 -2.009255e+02 -4.139065e+04
INFO: cmn.c(183): CMN: 78.27  3.60 -10.32 -18.36  2.21 -4.51  8.12 -2.18  2.11  8.56 -3.08  6.16  8.90 
utt>   248                      0249  164    0    76 18  3 5 3.986010e-12 -1.980652e+02 -3.248269e+04
INFO: cmn.c(183): CMN: 76.07  8.21 -7.73 -24.96  2.10 -1.01 -1.94 -10.39  0.88 -1.50 -4.28  3.07  2.95 
utt>   249                      0250  172    0    84 19  2 5 4.155582e-12 -1.997385e+02 -3.435502e+04
INFO: cmn.c(183): CMN: 69.97 12.67 -2.41 -13.65 -13.93  4.59 -7.14  4.89 11.67  0.80 -3.67 -1.33  2.40 
utt>   250                      0251  275    0   100 18  2 5 4.837296e-12 -2.000143e+02 -5.500393e+04
INFO: cmn.c(183): CMN: 68.84  7.18 -13.68 -8.85 -12.18  3.16 -3.67  4.46 12.65 -0.72 -6.45  0.27 -0.95 
utt>   251                      0252  319    0   100 18  2 5 4.815916e-12 -1.982045e+02 -6.322725e+04
INFO: cmn.c(183): CMN: 70.65  6.81 -17.31 -5.81 -10.94 -1.96 -5.15 14.73 16.05 -1.90 -5.31  2.80  0.11 
utt>   252                      0253  300    0   100 31  3 6 4.588473e-12 -1.978068e+02 -5.934204e+04
INFO: cmn.c(183): CMN: 68.65  5.90 -14.57 -3.00 -7.78 -4.71 -8.08  9.39 14.82 -3.00 -6.60  6.60 -0.29 
utt>   253                      0254  300    0   120 25  3 6 5.674508e-12 -1.963147e+02 -5.889440e+04
INFO: cmn.c(183): CMN: 67.05  7.82 -6.10 -9.45 -13.74  5.02 -5.34  6.92 11.31  1.02 -2.75  0.95 -0.36 
utt>   254                      0255  302    0   100 19  2 5 4.692821e-12 -1.983478e+02 -5.990103e+04
INFO: cmn.c(183): CMN: 66.00  9.40  1.46  5.44 -20.67 -3.13  4.47  4.20  5.37 -7.30  1.33  3.76 -0.63 
utt>   255                      0256  294    0   104 20  2 4 2.955492e-12 -1.995744e+02 -5.867487e+04
INFO: cmn.c(183): CMN: 67.04  7.72 -2.22  9.09 -20.18 -5.16  7.21  8.42  5.56 -6.63  1.67  2.00 -1.17 
utt>   256                      0257  319    0   124 24  3 5 5.970180e-12 -1.968418e+02 -6.279252e+04
INFO: cmn.c(183): CMN: 65.92  3.78 -7.98  7.98 -18.98 -5.03  7.94  1.69 12.59 -3.73  0.06  5.05 -4.04 
utt>   257                      0258  394    0   152 22  2 5 4.426188e-12 -1.986347e+02 -7.826207e+04
INFO: cmn.c(183): CMN: 63.80  7.91  5.48  1.05 -14.97  2.68  3.27  1.92  6.10 -1.61  1.95  0.75 -2.77 
utt>   258                      0259  225    0    96 19  3 5 4.858887e-12 -1.960559e+02 -4.411257e+04
INFO: cmn.c(183): CMN: 65.15  6.36 -1.17  7.02 -15.94 -3.90  7.34  5.45 10.14 -6.34  1.13  4.11 -1.50 
utt>   259                      0260  319    0   120 18  2 4 4.023756e-12 -1.915985e+02 -6.111991e+04
INFO: cmn.c(183): CMN: 111.27 -8.25 -2.02 -0.95  2.78 -2.34 -4.68 -3.65 -2.49 -2.57 -3.84 -1.37 -0.63 
utt>   260                      0261 1197    0   128 41  2 4 2.948135e-12 -1.976133e+02 -2.365432e+05
INFO: cmn.c(183): CMN: 67.74  7.78 -2.30 10.15 -20.56 -5.60  7.36  9.14  6.12 -7.68  1.50  2.02 -1.82 
utt>   261                      0262  302    0   128 24  3 6 3.974770e-12 -1.981178e+02 -5.983157e+04
INFO: cmn.c(183): CMN: 66.56  4.52 -8.19  8.02 -20.31 -5.36  8.06  1.52 13.26 -4.20  0.23  5.55 -4.45 
utt>   262                      0263  370    0   140 20  2 5 4.449133e-12 -1.982874e+02 -7.336633e+04
INFO: cmn.c(183): CMN: 65.41  6.92 -1.01  7.17 -16.45 -4.05  7.40  5.38 10.19 -6.56  1.13  4.14 -1.45 
utt>   263                      0264  309    0   128 18  2 5 3.771435e-12 -1.917874e+02 -5.926229e+04
INFO: cmn.c(183): CMN: 62.47  0.62  1.04 11.11 -16.03 -6.01  7.95  4.80  4.84 -2.59  2.65  7.61 -2.37 
utt>   264                      0265  222    0   116 22  3 5 4.345916e-12 -1.979582e+02 -4.394673e+04
INFO: cmn.c(183): CMN: 65.26  4.00  4.26  9.48 -19.61 -7.21  5.06  3.93  0.84 -3.40  1.55  1.68 -4.31 
utt>   265                      0266  207    0   112 21  2 5 5.399977e-12 -1.987489e+02 -4.114103e+04
INFO: cmn.c(183): CMN: 67.26  5.64  3.46 12.02 -18.61  3.09  7.73  6.53 10.15 -4.99  1.09  1.46 -5.60 
utt>   266                      0267  207    0    96 21  3 5 4.348645e-12 -1.969790e+02 -4.077466e+04
INFO: cmn.c(183): CMN: 66.95  4.10  0.99 14.18 -21.23 -1.38 10.20  5.89  9.94 -1.52  2.25  3.91 -6.53 
utt>   267                      0268  178    0    76 18  3 5 4.712128e-12 -1.945781e+02 -3.463491e+04
INFO: cmn.c(183): CMN: 64.80  4.83  5.79  9.52 -17.31  3.24  8.38  5.35 10.19 -4.24  2.43  1.37 -2.57 
utt>   268                      0269  207    0   100 21  3 5 4.550554e-12 -1.952901e+02 -4.042504e+04
INFO: cmn.c(183): CMN: 63.57  3.76 -3.22  4.33 -16.93  0.42 13.47  4.06  9.41 -2.38  6.49  6.84 -3.36 
utt>   269                      0270  258    0    92 23  3 5 5.178022e-12 -1.967262e+02 -5.075536e+04
INFO: cmn.c(183): CMN: 66.95  8.09  3.73  6.76 -14.67  7.46  3.13  3.09 12.89 -6.21  4.00 -0.02 -1.41 
utt>   270                      0271  225    0    92 20  3 5 4.618753e-12 -1.957570e+02 -4.404533e+04
INFO: cmn.c(183): CMN: 65.87  6.90  4.15  7.32 -17.83  4.62 10.39  3.60  8.83 -1.34  4.87  2.00 -3.37 
utt>   271                      0272  196    0    80 16  2 5 3.421453e-12 -1.937846e+02 -3.798178e+04
INFO: cmn.c(183): CMN: 65.59  6.33 -2.68 -2.05 -17.57  5.95  6.47  4.97 11.71 -2.96  5.79  3.40 -2.09 
utt>   272                      0273  207    0   100 24  3 6 5.818283e-12 -1.957279e+02 -4.051568e+04
INFO: cmn.c(183): CMN: 60.71  5.45  6.71  0.22 -9.60  7.07  4.80  3.55  7.83 -2.43  1.15  1.24 -0.17 
utt>   273                      0274  236    0   104 30  3 7 5.682660e-12 -1.974968e+02 -4.660925e+04
INFO: cmn.c(183): CMN: 67.10  8.03  2.24  3.75 -17.40  6.07  9.33  3.09  9.33 -4.63  8.19  3.15 -1.06 
utt>   274                      0275  152    0    76 19  3 7 8.969667e-12 -1.972877e+02 -2.998773e+04
INFO: cmn.c(183): CMN: 69.68  7.44 -1.57 13.60 -15.32 -8.58  3.26 -0.76  8.89 -8.22  1.97 -0.80  0.87 
utt>   275                      0276  175    0    92 19  2 5 4.864136e-12 -1.994737e+02 -3.490789e+04
INFO: cmn.c(183): CMN: 64.34  7.38  4.36 12.76 -12.05 -6.87  6.19  3.49  8.25 -5.90 -2.10  0.86  0.78 
utt>   276                      0277  200    0    92 20  3 6 6.020534e-12 -1.970739e+02 -3.941478e+04
INFO: cmn.c(183): CMN: 66.97  2.90 -3.83 21.42 -18.64 -12.46  8.34  2.84 10.56 -8.48 -0.46  5.36 -3.86 
utt>   277                      0278  316    0   156 20  2 5 4.244058e-12 -1.966692e+02 -6.214747e+04
INFO: cmn.c(183): CMN: 67.63  3.74 -1.28 25.85 -11.42 -10.89  9.11  7.34 12.88 -8.11  1.54  8.34 -1.12 
utt>   278                      0279  347    0   156 20  2 5 6.283278e-12 -1.975181e+02 -6.853878e+04
INFO: cmn.c(183): CMN: 64.22  3.01 -6.27 12.96 -15.48 -8.90 13.87  9.68 10.71 -3.81  1.22  6.85 -0.74 
utt>   279                      0280  185    0    80 20  2 5 4.250471e-12 -1.999452e+02 -3.698985e+04
INFO: cmn.c(183): CMN: 63.80  1.39  8.93 13.83 -4.15 -4.49  5.28 11.74  6.48 -2.26  2.29 -2.18  5.80 
utt>   280                      0281  205    0   108 25  3 7 4.563016e-12 -2.003555e+02 -4.107289e+04
INFO: cmn.c(183): CMN: 63.46  2.96  5.28 15.53 -6.97 -7.54  6.81  9.28  9.07 -0.83  2.83 -3.93  6.11 
utt>   281                      0282  210    0   108 26  3 6 7.187578e-12 -1.981792e+02 -4.161764e+04
INFO: cmn.c(183): CMN: 61.17  5.96 -0.92 -3.00 -6.00 -3.70  2.62  6.12  5.03  3.86  7.43 -1.46  2.34 
utt>   282                      0283  275    0   112 32  3 5 5.858463e-12 -1.985886e+02 -5.461187e+04
INFO: cmn.c(183): CMN: 63.86  3.39 -3.38  8.47 -5.19 -13.75  3.79  8.58  3.99  4.03  2.45 -1.94  3.43 
utt>   283                      0284  160    0   116 26  3 7 6.474497e-12 -2.018139e+02 -3.229022e+04
INFO: cmn.c(183): CMN: 62.48  4.28 -3.66  6.19 -7.22 -12.29  4.44  8.34  3.88  2.70  0.17 -1.52  4.04 
utt>   284                      0285  396    0   124 28  3 5 5.762088e-12 -2.015721e+02 -7.982255e+04
INFO: cmn.c(183): CMN: 67.80  2.48  9.42 10.49 -6.92 -2.64  0.13 10.25 13.11 -9.12  5.42 -2.37 -0.06 
utt>   285                      0286  195    0   104 18  2 5 4.968155e-12 -2.006305e+02 -3.912295e+04
INFO: cmn.c(183): CMN: 68.17  3.86  8.25 15.29 -10.03 -3.34  0.73 11.61  6.20 -8.33 10.00 -5.15  1.59 
utt>   286                      0287  205    0    96 19  3 6 3.874436e-12 -1.991490e+02 -4.082555e+04
INFO: cmn.c(183): CMN: 63.44  6.86 -1.50 -5.26 -8.63  2.35 -2.47  7.55  8.94 -0.27 13.68 -1.72 -1.72 
utt>   287                      0288  255    0   108 24  3 6 6.943416e-12 -1.986656e+02 -5.065972e+04
INFO: cmn.c(183): CMN: 65.86  3.46  2.79  6.72 -5.78 -6.15  1.51  7.77  7.19 -1.82 10.44  0.62 -5.20 
utt>   288                      0289  170    0    84 20  3 5 3.880880e-12 -1.993135e+02 -3.388330e+04
INFO: cmn.c(183): CMN: 64.05  4.87 -2.72  4.78 -8.21 -8.03 -0.12  8.64  8.18 -2.41  5.25 -2.21 -2.17 
utt>   289                      0290  411    0   136 25  2 4 4.100199e-12 -1.995312e+02 -8.200734e+04
INFO: cmn.c(183): CMN: 69.26  6.69 -0.92  8.34 -4.78 -9.22 -4.36 10.22 13.15  1.99  5.06  3.80 -2.66 
utt>   290                      0291  270    0   136 20  3 5 4.531102e-12 -1.975411e+02 -5.333611e+04
INFO: cmn.c(183): CMN: 65.25  8.09  0.55  7.83 -5.06 -10.11 -2.49  4.14 10.24  2.22  3.54  1.50 -4.01 
utt>   291                      0292  282    0   132 20  2 5 3.529352e-12 -1.962568e+02 -5.534442e+04
INFO: cmn.c(183): CMN: 68.81  3.09 -2.90 10.18 -6.27 -13.79 -0.16  4.68  8.88  4.20  0.61  1.26 -5.35 
utt>   292                      0293  195    0    88 19  3 5 3.616123e-12 -1.972910e+02 -3.847174e+04
INFO: cmn.c(183): CMN: 66.66  5.57 -1.03  3.66 -5.05 -10.61 -2.98  7.73 11.09 -0.08 -0.09  2.70 -4.19 
utt>   293                      0294  331    0   132 20  2 5 4.785769e-12 -1.977099e+02 -6.544198e+04
INFO: cmn.c(183): CMN: 65.18  7.43  1.26  2.67 -2.14 -8.91 -2.35  5.87  9.52  2.82  2.66  2.74 -2.30 
utt>   294                      0295  321    0   132 25  2 5 4.472927e-12 -1.975861e+02 -6.342515e+04
INFO: cmn.c(183): CMN: 70.05  6.26 -1.65 -0.99 -10.18 -3.24 -14.25 15.44 17.11  1.54  0.01  1.41 -4.16 
utt>   295                      0296  210    0   112 17  2 5 4.872202e-12 -1.994511e+02 -4.188474e+04
INFO: cmn.c(183): CMN: 68.36  1.89 -4.78  6.88 -6.54 -7.93 -6.85 13.93 15.25  4.06  2.05  3.27 -3.68 
utt>   296                      0297  195    0    92 16  2 5 5.262936e-12 -1.976347e+02 -3.853877e+04
INFO: cmn.c(183): CMN: 62.67 10.19 10.10 -0.07 -6.21 -6.69 -4.87  8.58  8.81  1.41 -2.04  2.73 -1.08 
utt>   297                      0298  210    0   104 25  3 5 3.684778e-12 -1.982456e+02 -4.163157e+04
INFO: cmn.c(183): CMN: 65.18  3.39 -1.92  2.62 -6.63 -8.26 -7.07 13.07 10.63  1.29 -0.68  4.44 -3.70 
utt>   298                      0299  180    0    76 24  2 5 4.346188e-12 -2.011565e+02 -3.620818e+04
INFO: cmn.c(183): CMN: 62.28  4.28 -0.41  4.42 -5.76 -6.28 -2.01  4.69 10.23  8.15  1.18  3.42 -5.33 
utt>   299                      0300  190    0    84 18  2 4 5.800799e-12 -1.973651e+02 -3.749936e+04
INFO: cmn.c(183): CMN: 66.73 21.21  6.60 10.59  8.89 -11.25 -7.46  3.80  9.17  8.97 -5.25 -11.96 -0.59 
utt>   300                      0301  504    0   100 23  2 5 4.540262e-12 -1.972297e+02 -9.940377e+04
INFO: cmn.c(183): CMN: 69.62 23.05 -1.75 -1.92  3.80 -7.69 -5.45  8.67 10.60  4.14 -6.52 -12.58 -3.16 
utt>   301                      0302  497    0   100 20  2 4 4.353163e-12 -1.967330e+02 -9.777631e+04
INFO: cmn.c(183): CMN: 69.46 18.17 -2.67 -1.41  7.81 -5.37 -2.51 10.16 10.43  1.42 -8.78 -8.74  0.15 
utt>   302                      0303  476    0   100 25  2 4 4.738966e-12 -1.971522e+02 -9.384443e+04
INFO: cmn.c(183): CMN: 67.44 19.08 -5.24  5.87 11.79 -8.69  0.80 12.45 13.30  6.29 -5.40 -7.93  2.70 
utt>   303                      0304  458    0   120 23  2 4 3.863336e-12 -1.978839e+02 -9.063084e+04
INFO: cmn.c(183): CMN: 67.26 19.63  0.41  5.01  8.15 -7.95 -4.33  7.42 12.98  8.13 -7.16 -10.01 -0.11 
utt>   304                      0305  430    0   100 23  2 5 5.146796e-12 -1.996133e+02 -8.583373e+04
INFO: cmn.c(183): CMN: 77.21  8.09 -6.58 -11.20 -5.71  5.31 -19.17  7.71  7.47  2.11 -0.96 -2.58  5.22 
utt>   305                      0306  248    0   104 17  2 5 5.699288e-12 -2.007010e+02 -4.977384e+04
INFO: cmn.c(183): CMN: 78.19  3.71 -3.51 -2.53 -8.25  0.34 -20.58  9.82  9.19  1.92 -0.89  0.16  1.64 
utt>   306                      0307  263    0   124 18  2 5 4.788441e-12 -1.995819e+02 -5.249004e+04
INFO: cmn.c(183): CMN: 77.92  4.50 -8.23 -1.98 -1.86 -4.30 -20.02 15.58  7.52 -3.64 -4.05  7.26 -3.15 
utt>   307                      0308  334    0   152 22  3 5 6.084579e-12 -1.994659e+02 -6.662161e+04
INFO: cmn.c(183): CMN: 72.66 10.68  4.74 -7.49  6.89  9.79 -16.30  4.91  7.72 -6.63 -3.69  1.55  0.50 
utt>   308                      0309  238    0    96 17  3 5 3.423060e-12 -1.991469e+02 -4.739697e+04
INFO: cmn.c(183): CMN: 75.80  7.41 -1.35 -5.17  2.17  4.09 -19.24 12.70  3.22 -8.14 -3.09  3.14 -0.46 
utt>   309                      0310  270    0   120 17  2 5 3.392058e-12 -1.977981e+02 -5.340548e+04
INFO: cmn.c(183): CMN: 78.45  9.48  0.62  3.38 -4.67 12.66 -6.74  2.19 -1.72  4.95 -3.33 -6.96  2.50 
utt>   310                      0311  309    0   128 19  2 5 4.324219e-12 -2.000462e+02 -6.181427e+04
INFO: cmn.c(183): CMN: 78.88 12.28  2.69  0.70 -6.04 15.00 -8.26  6.07 -2.11  6.59 -4.78 -7.06  2.91 
utt>   311                      0312  277    0   128 19  2 5 6.538274e-12 -2.004117e+02 -5.551403e+04
INFO: cmn.c(183): CMN: 76.93  8.98 -4.84 -1.22 -3.12 15.01 -9.92  2.44  2.88  7.46  0.01 -7.11  1.72 
utt>   312                      0313  335    0   140 18  2 5 4.960026e-12 -1.979128e+02 -6.630079e+04
INFO: cmn.c(183): CMN: 77.94  9.86 -0.56 -0.44 -1.73 13.92 -7.38  3.48 -0.79  3.67 -2.63 -6.54  0.55 
utt>   313                      0314  286    0   128 17  2 5 3.793473e-12 -1.965004e+02 -5.619912e+04
INFO: cmn.c(183): CMN: 71.88  1.30  1.60 10.46 -5.03  9.27 -4.61  1.74  0.63  2.25  1.42 -1.23  0.71 
utt>   314                      0315  214    0   116 22  3 6 5.203819e-12 -2.022689e+02 -4.328554e+04
INFO: cmn.c(183): CMN: 111.96 -8.68 -0.86 -1.79 -1.73 -4.23 -2.74 -2.29 -0.68 -1.86 -2.20 -1.75 -1.65 
utt>   315                      0316  855    0   112 38  2 4 3.891551e-12 -1.960741e+02 -1.676433e+05
INFO: cmn.c(183): CMN: 78.86  8.08 -0.24  6.19 -4.51 17.84 -9.05  1.68 -5.48  3.23 -1.19 -4.15 -2.41 
utt>   316                      0317  246    0    96 19  3 6 5.252262e-12 -1.968013e+02 -4.841312e+04
INFO: cmn.c(183): CMN: 77.54  2.99  4.71 13.26 -7.60 17.18 -6.40 -4.25 -1.83  6.09  4.56 -1.39 -3.41 
utt>   317                      0318  232    0    76 14  2 4 5.360411e-12 -1.950714e+02 -4.525657e+04
INFO: cmn.c(183): CMN: 72.77  6.55  7.94  7.13 -1.95 24.81 -9.77 -5.48 -5.82  2.76  7.59 -4.27 -1.41 
utt>   318                      0319  241    0   100 17  2 5 4.696317e-12 -1.990063e+02 -4.796052e+04
INFO: cmn.c(183): CMN: 78.78  9.36 -9.80  4.14 -2.54 10.62 -4.40  6.23 -1.71  1.55 -2.00 -5.13 -1.01 
utt>   319                      0320  223    0    92 20  3 6 4.417809e-12 -1.960015e+02 -4.370834e+04
INFO: cmn.c(183): CMN: 75.19  6.39  1.63  7.12 -2.81 13.52 -18.99 11.42 -0.29 -0.07 -0.06 -7.43  7.83 
utt>   320                      0321  246    0    92 18  2 5 4.579411e-12 -1.948485e+02 -4.793273e+04
INFO: cmn.c(183): CMN: 75.22  4.24  6.40  4.56 -5.51 12.81 -15.94  9.99  4.25  0.45 -0.46 -6.71  3.76 
utt>   321                      0322  201    0    80 15  2 5 5.054261e-12 -1.971147e+02 -3.962005e+04
INFO: cmn.c(183): CMN: 74.70  7.40  6.09  0.65 -2.37 13.62 -18.71  8.32  6.72 -3.55  0.10 -5.29  6.67 
utt>   322                      0323  197    0   100 17  3 5 8.182629e-12 -1.978642e+02 -3.897925e+04
INFO: cmn.c(183): CMN: 72.40  8.68 11.80  6.82  6.56 12.69 -15.27  7.92 -1.13 -2.23  0.78 -3.66  4.43 
utt>   323                      0324  197    0   104 22  3 6 4.860374e-12 -1.999161e+02 -3.938348e+04
INFO: cmn.c(183): CMN: 77.73 10.20  5.20 -0.58 -5.42 14.36 -20.62 11.76 -3.69 -0.82 -4.82 -5.79  7.45 
utt>   324                      0325  156    0    76 16  3 6 7.500936e-12 -1.958671e+02 -3.055527e+04
INFO: cmn.c(183): CMN: 77.35 10.14  7.68  2.69 -8.85 19.00 -18.85  3.25  1.61 -3.08  0.63 -7.83  6.51 
utt>   325                      0326  201    0    92 16  2 5 5.278389e-12 -1.947637e+02 -3.914750e+04
INFO: cmn.c(183): CMN: 73.34  7.90 10.02  6.71 -1.84 16.35 -17.19  4.93 -0.83 -0.99 -2.24 -6.09  4.91 
utt>   326                      0327  192    0    92 16  3 5 3.243044e-12 -1.957826e+02 -3.759025e+04
INFO: cmn.c(183): CMN: 74.58  1.67  6.73 10.79 -7.61  7.71 -15.09  7.80 -1.04  5.39 -1.54 -1.92  0.35 
utt>   327                      0328  331    0   156 19  2 4 4.485267e-12 -1.960828e+02 -6.490342e+04
INFO: cmn.c(183): CMN: 72.53  0.97  7.02 12.23 -7.93  4.87 -15.50  7.94 -0.39  6.21  0.20 -2.61 -1.32 
utt>   328                      0329  331    0   156 19  2 5 5.335383e-12 -1.972674e+02 -6.529552e+04
INFO: cmn.c(183): CMN: 73.83  0.55 -0.16  3.99 -7.35  6.38 -14.00 10.00 -1.69  8.96  1.25 -2.71 -1.62 
utt>   329                      0330  179    0    80 19  2 4 4.142012e-12 -1.958435e+02 -3.505599e+04
INFO: cmn.c(183): CMN: 76.21  8.79 -0.84  5.84 -9.92 14.43 -14.12  3.69  2.21  1.33  5.33 -4.66 -0.38 
utt>   330                      0331  250    0   108 17  2 5 4.319617e-12 -1.969078e+02 -4.922695e+04
INFO: cmn.c(183): CMN: 75.34  7.87 -1.79  6.16 -4.42 10.88 -14.39  3.92  1.84  4.72  5.65 -4.90 -0.50 
utt>   331                      0332  250    0   108 17  2 5 3.965861e-12 -1.947529e+02 -4.868823e+04
INFO: cmn.c(183): CMN: 73.87 13.81  6.63  0.90 -5.03 12.01 -12.30  3.70 -0.87  3.30  4.04 -7.59  2.97 
utt>   332                      0333  210    0   112 20  3 6 6.328619e-12 -1.982185e+02 -4.162588e+04
INFO: cmn.c(183): CMN: 72.17  8.12 -9.18 -4.68 -3.63  7.46 -14.10  6.72  5.12  7.94  3.67 -3.48  0.07 
utt>   333                      0334  273    0   116 26  3 6 6.256287e-12 -1.996422e+02 -5.450232e+04
INFO: cmn.c(183): CMN: 75.35  8.33  0.28  4.45 -1.81  3.42 -16.05  6.97 -0.21  2.69  4.96 -4.04  2.93 
utt>   334                      0335  295    0   124 21  3 5 5.591769e-12 -2.001536e+02 -5.904530e+04
INFO: cmn.c(183): CMN: 75.87  7.16  7.41 14.01 -3.37 15.02 -16.19  1.16  1.63 -5.35  9.93 -6.69 -1.75 
utt>   335                      0336  210    0   104 18  2 5 5.121304e-12 -2.005601e+02 -4.211762e+04
INFO: cmn.c(183): CMN: 75.08  7.25  8.03 11.92 -6.44 15.38 -17.83 -0.19  2.89  1.38  8.59 -11.13  4.24 
utt>   336                      0337  197    0    96 19  2 5 6.429772e-12 -2.000998e+02 -3.941966e+04
INFO: cmn.c(183): CMN: 74.48  6.82 -8.23 -4.52 -2.47 13.66 -15.42  9.18  3.55  8.35  4.23 -6.15  2.46 
utt>   337                      0338  264    0   108 22  2 5 5.905967e-12 -1.967175e+02 -5.193342e+04
INFO: cmn.c(183): CMN: 74.28  5.07  0.45  2.36 -4.62 10.25 -13.61  4.13 -1.43  5.57  5.09 -3.67  0.38 
utt>   338                      0339  201    0    84 19  2 5 4.425660e-12 -1.961761e+02 -3.943140e+04
INFO: cmn.c(183): CMN: 73.22  6.42  1.28  3.80 -6.51  8.37 -16.47  4.47  0.62  7.16  3.56 -4.49 -1.27 
utt>   339                      0340  385    0   136 21  2 5 4.578223e-12 -1.998191e+02 -7.693035e+04
INFO: cmn.c(183): CMN: 76.45  7.44  0.00  6.70 -8.79 13.43 -13.86 -0.69  4.33  1.03  6.91 -7.20  4.72 
utt>   340                      0341  326    0   136 18  2 5 4.099493e-12 -1.952468e+02 -6.365046e+04
INFO: cmn.c(183): CMN: 75.14  7.88 -1.24  7.01 -6.92 11.15 -10.87  1.19  4.04  0.42  7.55 -7.86  4.88 
utt>   341                      0342  282    0   132 19  2 5 3.251721e-12 -1.953142e+02 -5.507861e+04
INFO: cmn.c(183): CMN: 75.94  5.17  1.63  5.88 -9.65 11.03 -12.00 -4.09  2.64  0.46  7.45 -9.35  5.21 
utt>   342                      0343  206    0    88 18  2 5 3.002964e-12 -1.957298e+02 -4.032035e+04
INFO: cmn.c(183): CMN: 75.52  8.23 -0.16  0.38 -9.04  6.22 -12.04  2.49  3.25  2.19  7.67 -7.66  4.44 
utt>   343                      0344  322    0   132 17  2 5 4.019141e-12 -1.943559e+02 -6.258258e+04
INFO: cmn.c(183): CMN: 75.98  8.99  2.53  2.69 -5.56  9.41 -12.37 -0.45  1.44  0.57  5.44 -9.49  6.94 
utt>   344                      0345  309    0   132 18  3 5 5.439285e-12 -1.979015e+02 -6.115157e+04
INFO: cmn.c(183): CMN: 75.80 14.83 -2.03 -0.83 -7.19  8.12 -13.25  2.50  3.24  3.14  8.17 -4.61  1.89 
utt>   345                      0346  259    0   112 18  2 5 5.972625e-12 -1.974513e+02 -5.113988e+04
INFO: cmn.c(183): CMN: 76.61  6.78 -4.62  5.17 -9.62  6.20 -12.90  8.69  2.03  3.48  6.72 -4.53 -1.36 
utt>   346                      0347  214    0    92 16  3 6 4.741218e-12 -1.952341e+02 -4.178010e+04
INFO: cmn.c(183): CMN: 73.79 13.73 10.45  2.70 -9.99 14.15 -11.54  1.07  2.64 -2.72  3.05 -8.46  6.78 
utt>   347                      0348  210    0   104 16  2 5 4.388050e-12 -1.974946e+02 -4.147387e+04
INFO: cmn.c(183): CMN: 76.67  6.86 -3.47  4.47 -9.46  7.11 -13.06  6.86  1.47  3.60  3.48 -3.32  1.86 
utt>   348                      0349  192    0    76 18  2 5 6.552955e-12 -1.955634e+02 -3.754817e+04
INFO: cmn.c(183): CMN: 75.44  5.64 -3.09  6.79 -9.07  8.33 -8.66  0.42  3.31  8.22  1.40 -2.45 -1.81 
utt>   349                      0350  192    0    84 17  2 4 3.880775e-12 -1.950116e+02 -3.744223e+04
INFO: cmn.c(183): CMN: 111.44 -13.21 -3.89 -1.41 -0.17  0.68 -2.75 -0.74  0.58 -2.94 -4.82 -4.80 -4.49 
utt>   350                      0351 1107    0   100 25  1 3 2.538656e-12 -1.986132e+02 -2.198648e+05
INFO: cmn.c(183): CMN: 79.24  5.74 -24.62 -12.69  3.42 -11.05 -1.82 -2.89  0.08  7.49 -4.01 -4.20 -1.24 
utt>   351                      0352  288    0   100 17  2 5 2.808401e-12 -1.998327e+02 -5.755183e+04
INFO: cmn.c(183): CMN: 77.76  6.00 -23.51 -6.02 -0.36 -10.65  1.88 -6.61 -4.55 10.23 -4.31 -2.06  0.32 
utt>   352                      0353  326    0   100 20  2 4 3.141750e-12 -1.995040e+02 -6.503831e+04
INFO: cmn.c(183): CMN: 75.48  6.07 -20.10 -2.98 -1.21 -11.50  4.66 -5.29  0.02 19.06  3.17 -0.58  1.86 
utt>   353                      0354  330    0   120 20  2 5 4.907974e-12 -1.986328e+02 -6.554882e+04
INFO: cmn.c(183): CMN: 78.77 14.24 -18.42 -11.26  0.78 -12.74 -3.75 -0.77 -3.72  4.78 -7.21 -5.32 -6.59 
utt>   354                      0355  259    0   100 17  2 5 4.564744e-12 -2.016801e+02 -5.223514e+04
INFO: cmn.c(183): CMN:  0.62 -5.53 -6.57 -4.80 -2.85 -2.75  1.10 -2.72 -3.09 -1.12 -0.31  2.60 -2.46 
utt>   355                      0356  165    0   104 69  5 10 1.303755e-11 -1.871486e+02 -3.087951e+04
INFO: cmn.c(183): CMN: 77.39  2.00 -22.22 -9.98  0.65 -12.74  9.94 -4.23 -0.15 11.42 -1.59  0.78 -6.01 
utt>   356                      0357  351    0   124 20  2 5 5.100298e-12 -1.991223e+02 -6.989194e+04
INFO: cmn.c(183): CMN: 79.01  1.46 -23.97 -0.94 -2.39 -13.86 12.28 -7.46 -2.44 18.59 -2.10 -1.22 -5.80 
utt>   357                      0358  463    0   152 20  2 4 4.485008e-12 -1.996877e+02 -9.245541e+04
INFO: cmn.c(183): CMN: 77.67 15.80 -10.10 -14.11  3.16 -13.93 -5.09 -1.38 -3.17  3.87 -7.73 -2.45 -5.40 
utt>   358                      0359  259    0    96 16  2 5 4.803072e-12 -1.997249e+02 -5.172874e+04
INFO: cmn.c(183): CMN: 81.15  9.22 -14.45 -9.37 -1.52 -15.84  6.14 -8.95 -6.47 11.56 -7.92  3.30 -4.95 
utt>   359                      0360  280    0   120 16  2 4 4.904807e-12 -1.997565e+02 -5.593182e+04
INFO: cmn.c(183): CMN: 76.35 17.25 -14.67 -16.25 -2.25 -5.91 -5.12  5.98  7.66 -7.07 -5.45 -1.57 -0.39 
utt>   360                      0361  309    0   128 18  2 5 5.715888e-12 -2.019027e+02 -6.238794e+04
INFO: cmn.c(183): CMN: 76.57 18.35 -15.65 -14.38 -3.49 -6.92 -4.55  5.23  5.47 -1.72 -2.20 -2.06 -3.40 
utt>   361                      0362  300    0   128 18  2 5 5.448533e-12 -2.009604e+02 -6.028811e+04
INFO: cmn.c(183): CMN: 79.55  8.30 -21.29 -11.94  4.36 -7.05 -4.46 -3.40  2.67 -3.74 -5.90 -3.86 -4.92 
utt>   362                      0363  355    0   140 16  2 4 4.542509e-12 -2.010067e+02 -7.135737e+04
INFO: cmn.c(183): CMN: 77.97 15.00 -16.71 -11.02  4.48 -7.36 -2.85 -1.91  2.83 -3.57 -2.92 -2.78 -6.41 
utt>   363                      0364  321    0   128 16  2 5 3.811871e-12 -1.989414e+02 -6.386019e+04
INFO: cmn.c(183): CMN: 73.54  7.85 -11.73 -8.04  0.98 -0.93  5.06  4.35  5.21  0.58  0.43  2.16 -7.96 
utt>   364                      0365  238    0   116 18  2 5 5.999447e-12 -2.001736e+02 -4.764131e+04
INFO: cmn.c(183): CMN: 72.53  9.69 -5.00 -8.68 -3.55 -3.02  7.14 -0.46  5.76  2.03  6.80 -2.41 -3.55 
utt>   365                      0366  280    0   112 20  2 5 4.654996e-12 -1.987931e+02 -5.566206e+04
INFO: cmn.c(183): CMN: 75.47  6.50 -10.54 -4.04  0.86 -3.60 -0.73 -0.09 -2.24 -3.10 -0.88 -4.64 -2.71 
utt>   366                      0367  326    0    96 21  2 4 3.952648e-12 -1.989194e+02 -6.484773e+04
INFO: cmn.c(183): CMN: 80.33  5.30 -2.50 -6.82 -1.17 -4.66  1.93 -2.32 -1.81 -9.91 -0.64 -4.35 -11.52 
utt>   367                      0368  213    0    76 14  2 4 3.781281e-12 -1.974931e+02 -4.206604e+04
INFO: cmn.c(183): CMN: 77.27 10.12 -3.25 -8.57  0.65 -6.64  4.77 -2.46 -4.76 -4.00  0.97 -2.55 -7.71 
utt>   368                      0369  246    0   100 15  2 4 4.077987e-12 -2.007536e+02 -4.938539e+04
INFO: cmn.c(183): CMN: 81.33  3.33 -23.57 -2.85 -1.40 -9.41  0.17 -4.33 -1.26 -7.12  2.14 -8.27 -5.02 
utt>   369                      0370  259    0    92 16  2 5 6.069830e-12 -1.989106e+02 -5.151784e+04
INFO: cmn.c(183): CMN: 79.11  5.73 -9.43 -13.00  0.14 -9.50  1.26 -9.33 -3.47 -4.70 -7.94  0.65 -7.91 
utt>   370                      0371  248    0    92 18  2 5 4.059403e-12 -1.986506e+02 -4.926534e+04
INFO: cmn.c(183): CMN: 77.90  9.61 -7.44 -12.01  2.83 -8.04  3.50 -9.10 -5.42 -6.57 -6.21 -2.50 -14.10 
utt>   371                      0372  219    0    80 15  2 5 3.661136e-12 -1.970840e+02 -4.316141e+04
INFO: cmn.c(183): CMN: 76.84 15.21 -4.24 -15.03  1.62 -19.21  1.40 -3.03 -2.26 -9.66 -5.40 -4.03 -8.89 
utt>   372                      0373  198    0   100 17  3 6 4.846840e-12 -1.991797e+02 -3.943759e+04
INFO: cmn.c(183): CMN: 73.72 16.85  2.12 -12.91  4.90 -13.40 -0.09 -2.96 -2.48 -6.19 -4.93 -4.75 -8.80 
utt>   373                      0374  261    0   104 20  2 5 4.858037e-12 -2.026172e+02 -5.288309e+04
INFO: cmn.c(183): CMN: 76.14 15.70 -7.38 -13.51 -1.67 -5.92  1.04 -4.30 -1.39 -6.98 -4.50 -2.52 -4.88 
utt>   374                      0375  190    0    76 16  2 5 5.777683e-12 -1.987983e+02 -3.777168e+04
INFO: cmn.c(183): CMN: 78.30 17.00 -9.04 -8.25 -3.34 -7.95 -2.73 -2.37  0.02 -7.99 -0.65 -8.48  1.31 
utt>   375                      0376  194    0    92 16  2 5 4.786173e-12 -2.008374e+02 -3.896246e+04
INFO: cmn.c(183): CMN: 76.70 14.04 -1.11 -5.07 -3.93 -8.65 -0.33 -1.38 -9.72 -4.02 -9.29 -7.78 -6.12 
utt>   376                      0377  186    0    92 16  2 5 3.337845e-12 -2.043730e+02 -3.801337e+04
INFO: cmn.c(183): CMN: 77.24  7.45 -3.14 -10.28 -4.12 -4.85  1.75  1.43 -0.02  3.54 -6.22  2.08 -12.49 
utt>   377                      0378  294    0   156 18  2 5 4.900082e-12 -2.018660e+02 -5.934859e+04
INFO: cmn.c(183): CMN: 76.86  6.96 -1.02 -8.03 -0.50 -8.20  4.14 -0.61 -0.02  2.02 -6.80  3.94 -10.26 
utt>   378                      0379  331    0   156 17  2 4 3.018840e-12 -2.009737e+02 -6.652229e+04
INFO: cmn.c(183): CMN: 78.39  3.25 -13.19 -6.23 -0.26 -3.61  1.62 -1.78  0.51  1.32 -10.33  1.70 -11.56 
utt>   379                      0380  182    0    80 19  2 5 3.099640e-12 -2.039906e+02 -3.712629e+04
INFO: cmn.c(183): CMN: 79.23 10.32 -16.38 -4.29 -2.18 -6.62  6.34 -9.98  2.93  2.43 -1.39 -8.27  3.15 
utt>   380                      0381  244    0   108 15  2 5 5.161595e-12 -2.002547e+02 -4.886215e+04
INFO: cmn.c(183): CMN: 78.02 13.08 -18.35 -0.66  0.87 -6.49  7.78 -9.93  7.12  3.13  0.52 -8.93  1.73 
utt>   381                      0382  227    0   108 15  2 4 3.308236e-12 -1.998627e+02 -4.536883e+04
INFO: cmn.c(183): CMN: 76.24 18.01 -14.85 -8.47  1.13 -7.42  6.41 -5.57 -3.68  0.20  1.75 -8.38  0.19 
utt>   382                      0383  240    0   112 18  2 5 3.575630e-12 -2.027502e+02 -4.866006e+04
INFO: cmn.c(183): CMN: 75.05  7.57 -27.02 -5.54  5.31 -4.97  4.81 -7.54  4.09  6.98 -3.07 -14.91 -6.27 
utt>   383                      0384  298    0   116 22  2 4 5.296295e-12 -2.016352e+02 -6.008728e+04
INFO: cmn.c(183): CMN: 74.31  7.83 -14.00  1.35  0.26 -10.68  7.35 -10.99 -0.86  2.66  1.18 -10.72 -4.24 
utt>   384                      0385  584    0   124 21  2 4 4.529341e-12 -2.005546e+02 -1.171239e+05
INFO: cmn.c(183): CMN: 78.18  4.63  4.21  6.10 -4.92 -2.22  2.92 -4.67 -9.85  4.57 -8.52 -8.88 -4.42 
utt>   385                      0386  244    0   104 16  2 5 3.387521e-12 -2.023675e+02 -4.937768e+04
INFO: cmn.c(183): CMN: 78.06  6.54 -3.84 -2.27 -5.93 -2.88  4.88 -3.26 -6.39 10.62 -1.32 -1.65  0.39 
utt>   386                      0387  244    0    96 16  2 4 4.687493e-12 -2.017563e+02 -4.922854e+04
INFO: cmn.c(183): CMN: 75.42  7.21 -24.41 -2.84  8.41 -3.46  4.28 -0.62 -4.72 11.38 -2.72 -12.22 -1.44 
utt>   387                      0388  344    0   108 20  2 4 5.088151e-12 -1.993781e+02 -6.858606e+04
INFO: cmn.c(183): CMN: 78.89  6.95 -9.25  0.86 -2.41 -0.69  1.72  2.37 -4.48 12.11 -4.86 -10.66 -4.51 
utt>   388                      0389  190    0    84 17  2 5 4.165249e-12 -2.017133e+02 -3.832552e+04
INFO: cmn.c(183): CMN: 75.62  7.19 -16.44 -1.52 -3.06 -5.56  4.20 -1.38 -5.98  5.78 -0.41 -8.16 -1.01 
utt>   389                      0390  447    0   136 21  2 4 4.026282e-12 -2.013603e+02 -9.000804e+04
INFO: cmn.c(183): CMN: 76.84  4.45 -12.40  0.08 -7.53 -4.14  0.98  1.02 -0.87  2.68 -3.34 -6.25  3.55 
utt>   390                      0391  364    0   136 17  2 4 4.071381e-12 -2.010920e+02 -7.319748e+04
INFO: cmn.c(183): CMN: 78.31  8.66 -17.30 -0.97 -7.40 -1.87  2.93 -2.72  0.11  5.63 -2.68 -7.48  3.25 
utt>   391                      0392  298    0   132 16  2 4 3.372438e-12 -2.005884e+02 -5.977535e+04
INFO: cmn.c(183): CMN: 79.81  5.70 -16.83 -1.49 -5.02 -1.56  6.52 -0.53  3.79  4.90 -2.09 -11.55 -1.91 
utt>   392                      0393  223    0    88 16  2 4 4.588498e-12 -2.007323e+02 -4.476330e+04
INFO: cmn.c(183): CMN: 78.23  7.76 -18.11 -1.02 -10.09 -1.88  7.33 -2.83  2.15  0.91 -4.19 -9.90 -3.10 
utt>   393                      0394  348    0   132 16  2 4 3.911613e-12 -2.003714e+02 -6.972926e+04
INFO: cmn.c(183): CMN: 76.14 10.88 -14.02  2.26 -8.61 -8.38  4.26  2.58  2.14  1.68 -0.25 -4.85 -0.52 
utt>   394                      0395  348    0   132 18  2 5 4.811803e-12 -2.018973e+02 -7.026024e+04
INFO: cmn.c(183): CMN: 80.21  7.43 -15.46 -2.98 -4.62 -8.65  3.44 -9.78 -2.90 -0.54 -10.87 -13.70 -9.19 
utt>   395                      0396  286    0   112 14  2 4 4.799322e-12 -1.987934e+02 -5.685492e+04
INFO: cmn.c(183): CMN: 80.64  0.50 -14.85  4.04 -4.87 -2.14  5.68 -8.22 -2.88  5.74 -5.06 -9.24 -7.11 
utt>   396                      0397  227    0    92 14  2 5 4.469416e-12 -1.975356e+02 -4.484059e+04
INFO: cmn.c(183): CMN: 75.51 18.21 -9.18 -5.37 -5.23 -4.00  5.98 -2.39 -2.59  0.27 -4.28 -6.82 -6.06 
utt>   397                      0398  269    0   104 18  2 5 3.917265e-12 -1.997642e+02 -5.373657e+04
INFO: cmn.c(183): CMN: 81.28  3.47 -19.80  3.81 -5.36 -7.30  8.48 -3.38 -1.52 10.85 -2.93 -7.05 -3.68 
utt>   398                      0399  178    0    76 17  2 5 4.036199e-12 -2.003994e+02 -3.567109e+04
INFO: cmn.c(183): CMN: 81.32  3.81 -18.33 -2.94 -2.16  0.03  7.25 -1.49  3.50  7.44 -1.50 -1.51 -0.94 
utt>   399                      0400  182    0    84 15  2 3 3.767955e-12 -2.001257e+02 -3.642288e+04
overall> stats 109988 (-0) -1.989321e+02 -2.188014e+07

INFO: s3mixw_io.c(233): Wrote /home/nguyenchanh/Documents/beta/bwaccumdir/beta_buff_1/mixw_counts [171x4x64 array]
INFO: s3tmat_io.c(176): Wrote /home/nguyenchanh/Documents/beta/bwaccumdir/beta_buff_1/tmat_counts [57x3x4 array]
INFO: s3gau_io.c(485): Wrote /home/nguyenchanh/Documents/beta/bwaccumdir/beta_buff_1/gauden_counts with means with vars (2pass) [57x4x64 vector arrays]
INFO: main.c(999): Counts saved to /home/nguyenchanh/Documents/beta/bwaccumdir/beta_buff_1
Sat Sep 10 17:56:53 2016
