        INFO: main.c(229): Compiled on May 25 2016 at 23:33:03
Current configuration:
[NAME]		[DEFLT]		[VALUE]
-2passvar	no		yes
-abeam		1e-100		1.000000e-90
-accumdir			/home/nguyenchanh/Documents/beta/bwaccumdir/beta_buff_1
-agc		none		none
-agcthresh	2.0		2.000000e+00
-bbeam		1e-100		1.000000e-10
-cb2mllrfn	.1cls.		.1cls.
-cepdir				/home/nguyenchanh/Documents/beta/feat
-cepext		mfc		mfc
-ceplen		13		13
-ckptintv			0
-cmn		current		current
-cmninit	8.0		8.0
-ctlfn				/home/nguyenchanh/Documents/beta/etc/beta_train.fileids
-diagfull	no		no
-dictfn				/home/nguyenchanh/Documents/beta/etc/beta.dic
-example	no		no
-fdictfn			/home/nguyenchanh/Documents/beta/etc/beta.filler
-feat		1s_c_d_dd	s2_4x
-fullvar	no		no
-help		no		no
-hmmdir				
-latdir				
-latext				
-lda				
-ldadim		0		0
-lsnfn				/home/nguyenchanh/Documents/beta/etc/beta_train.transcription
-lw		11.5		1.150000e+01
-maxuttlen	0		0
-meanfn				/home/nguyenchanh/Documents/beta/model_parameters/beta.ci_ptm/means
-meanreest	yes		yes
-mixwfn				/home/nguyenchanh/Documents/beta/model_parameters/beta.ci_ptm/mixture_weights
-mixwreest	yes		yes
-mllrmat			
-mmie		no		no
-mmie_type	rand		rand
-moddeffn			/home/nguyenchanh/Documents/beta/model_architecture/beta.ci.mdef
-mwfloor	0.00001		1.000000e-08
-npart				1
-nskip				0
-outphsegdir			
-outputfullpath	no		no
-part				1
-pdumpdir			
-phsegdir			
-phsegext	phseg		phseg
-runlen		-1		-1
-sentdir			
-sentext	sent		sent
-spthresh	0.0		0.000000e+00
-svspec				
-timing		yes		no
-tmatfn				/home/nguyenchanh/Documents/beta/model_parameters/beta.ci_ptm/transition_matrices
-tmatreest	yes		yes
-topn		4		64
-tpfloor	0.0001		1.000000e-04
-ts2cbfn			.ptm.
-varfloor	0.00001		1.000000e-04
-varfn				/home/nguyenchanh/Documents/beta/model_parameters/beta.ci_ptm/variances
-varnorm	no		no
-varreest	yes		yes
-viterbi	no		no

INFO: feat.c(715): Initializing feature stream to type: 's2_4x', ceplen=13, CMN='current', VARNORM='no', AGC='none'
INFO: cmn.c(143): mean[0]= 12.00, mean[1..12]= 0.0
INFO: main.c(318): Reading /home/nguyenchanh/Documents/beta/model_architecture/beta.ci.mdef
INFO: model_def_io.c(573): Model definition info:
INFO: model_def_io.c(574): 57 total models defined (57 base, 0 tri)
INFO: model_def_io.c(575): 228 total states
INFO: model_def_io.c(576): 171 total tied states
INFO: model_def_io.c(577): 171 total tied CI states
INFO: model_def_io.c(578): 57 total tied transition matrices
INFO: model_def_io.c(579): 4 max state/model
INFO: model_def_io.c(580): 4 min state/model
INFO: s3mixw_io.c(117): Read /home/nguyenchanh/Documents/beta/model_parameters/beta.ci_ptm/mixture_weights [171x4x64 array]
INFO: s3tmat_io.c(118): Read /home/nguyenchanh/Documents/beta/model_parameters/beta.ci_ptm/transition_matrices [57x3x4 array]
INFO: mod_inv.c(301): inserting tprob floor 1.000000e-04 and renormalizing
INFO: s3gau_io.c(169): Read /home/nguyenchanh/Documents/beta/model_parameters/beta.ci_ptm/means [57x4x64 array]
INFO: s3gau_io.c(169): Read /home/nguyenchanh/Documents/beta/model_parameters/beta.ci_ptm/variances [57x4x64 array]
INFO: gauden.c(176): 57 total mgau
INFO: gauden.c(150): 4 feature streams (|0|=12 |1|=24 |2|=3 |3|=12 )
INFO: gauden.c(187): 64 total densities
INFO: gauden.c(90): min_var=1.000000e-04
INFO: gauden.c(165): compute 64 densities/frame
INFO: main.c(431): Will reestimate mixing weights.
INFO: main.c(433): Will reestimate means.
INFO: main.c(435): Will reestimate variances.
INFO: main.c(443): Will reestimate transition matrices
INFO: main.c(456): Reading main dictionary: /home/nguyenchanh/Documents/beta/etc/beta.dic
INFO: lexicon.c(221): 49 entries added from /home/nguyenchanh/Documents/beta/etc/beta.dic
INFO: main.c(466): Reading filler dictionary: /home/nguyenchanh/Documents/beta/etc/beta.filler
INFO: lexicon.c(221): 3 entries added from /home/nguyenchanh/Documents/beta/etc/beta.filler
INFO: corpus.c(1062): Will process all remaining utts starting at 0
INFO: main.c(665): Reestimation: Baum-Welch
INFO: cmn.c(183): CMN: 77.56  9.05 -8.54 -34.17 -0.72 -18.41 -2.36  9.30  1.45 -12.38 -17.70  4.51 -7.84 
column defns
	<seq>
	<id>
	<n_frame_in>
	<n_frame_del>
	<n_state_shmm>
	<avg_states_alpha>
	<avg_states_beta>
	<avg_states_reest>
	<avg_posterior_prune>
	<frame_log_lik>
	<utt_log_lik>
	... timing info ... 
utt>     0                      0001  206    0INFO: cvt2triphone.c(199): no multiphones defined, no conversion done
   100 13  2 4 4.149145e-12 -2.002486e+02 -4.125122e+04
INFO: cmn.c(183): CMN: 75.72 -0.65 -10.80 -19.52  1.64 -14.28  0.75  4.06  2.89  3.69 -17.44  5.10 -3.56 
utt>     1                      0002  254    0   100 12  1 3 3.445296e-12 -1.961957e+02 -4.983372e+04
INFO: cmn.c(183): CMN: 74.34 -4.53 -8.95 -10.84 -2.89 -11.69  3.39  6.58  0.90  5.44 -15.65  8.50  1.47 
utt>     2                      0003  254    0   100 15  2 4 3.575085e-12 -1.976886e+02 -5.021289e+04
INFO: cmn.c(183): CMN: 72.22  3.86  0.70 -18.21 -7.65 -9.63  4.32  6.02  9.26  6.86 -12.83 11.29 -1.29 
utt>     3                      0004  242    0   120 15  1 3 2.399990e-12 -1.945720e+02 -4.708642e+04
INFO: cmn.c(183): CMN: 67.78  7.07  0.10 -14.66 -4.12 -11.34 -4.68  7.25  1.76 -4.73 -18.00  1.18 -4.95 
utt>     4                      0005  218    0   100 13  2 4 3.144568e-12 -2.004793e+02 -4.370448e+04
INFO: cmn.c(183): CMN: 74.36  5.97 -10.09 -19.07 -13.14 -1.53 15.09 -4.75 -8.40  0.94  1.09  0.74 -16.33 
utt>     5                      0006  254    0   104 11  1 3 3.873770e-12 -1.978410e+02 -5.025161e+04
INFO: cmn.c(183): CMN: 71.80  2.81 -4.99 -12.79 -15.98  1.20 11.98 -1.60 -7.73  6.61  2.22  3.22 -14.10 
utt>     6                      0007  284    0   124 14  2 4 1.842069e-12 -1.965856e+02 -5.583030e+04
INFO: cmn.c(183): CMN: 74.26  0.79 -9.31 -7.55 -14.61  2.14 16.60 -8.50 -8.00  7.47  0.30  3.79 -8.64 
utt>     7                      0008  381    0   152 14  2 3 2.438771e-12 -1.967004e+02 -7.494285e+04
INFO: cmn.c(183): CMN: 69.78 13.94  1.56 -16.36 -2.23 -6.92 -1.00 -2.26 -7.86 -1.26 -6.39  1.09 -13.64 
utt>     8                      0009  199    0    96 13  2 4 3.833243e-12 -1.984975e+02 -3.950100e+04
INFO: cmn.c(183): CMN: 72.54  9.94 -2.92 -16.62 -8.85 -6.11  5.03 -3.54 -8.81 -2.17 -8.69  4.46 -10.03 
utt>     9                      0010  257    0   120 13  2 3 4.234264e-12 -1.955005e+02 -5.024364e+04
INFO: cmn.c(183): CMN: 78.18  7.46 -8.81 -16.29 -11.17 -7.75 -2.15 -2.28 -0.89 -1.47 -11.22 -1.20 -3.01 
utt>    10                      0011  278    0   128 14  2 4 2.889609e-12 -1.974799e+02 -5.489942e+04
INFO: cmn.c(183): CMN: 77.93  5.92 -9.17 -16.48 -10.40 -7.38  1.56 -1.59 -1.40 -2.49 -8.62 -1.49 -2.58 
utt>    11                      0012  272    0   128 13  2 4 4.116457e-12 -1.985331e+02 -5.400099e+04
INFO: cmn.c(183): CMN: 81.06 -0.02 -12.10 -14.00 -10.15 -7.89  3.27 -4.05 -6.65  8.21 -12.05  2.28 -2.53 
utt>    12                      0013  303    0   140 12  1 3 3.937650e-12 -1.957541e+02 -5.931349e+04
INFO: cmn.c(183): CMN: 78.46  5.11 -8.00 -13.77 -7.84 -9.38 -0.18 -3.56 -4.36  5.62 -10.67  2.24  2.20 
utt>    13                      0014  284    0   128 13  2 4 2.991736e-12 -1.961226e+02 -5.569881e+04
INFO: cmn.c(183): CMN: 76.74 -4.16 -4.10 -7.97 -7.93  1.31  5.66 -2.91 -4.13 12.66 -2.03  4.24 -1.37 
utt>    14                      0015  236    0   116 15  1 3 3.136165e-12 -1.965301e+02 -4.638109e+04
INFO: cmn.c(183): CMN: 71.92  4.55 -0.85 -15.80 -7.04  3.62  4.32 -0.82 -3.04  8.30 -9.36 -5.44 -17.25 
utt>    15                      0016  244    0   112 13  1 3 3.128850e-12 -2.008740e+02 -4.901325e+04
INFO: cmn.c(183): CMN: 77.76  2.91 -4.11 -8.24 -11.55  1.92  7.40 -1.07 -1.98 12.27 -0.87 16.18 14.28 
utt>    16                      0017  204    0    96 13  2 3 2.833385e-12 -1.955287e+02 -3.988786e+04
INFO: cmn.c(183): CMN: 78.09 -0.35 -1.60 -12.97 -8.30 -0.40  2.99 -4.74 -7.23  4.50 -8.37  8.10  0.81 
utt>    17                      0018  179    0    76 10  1 3 1.924349e-12 -1.947238e+02 -3.485556e+04
INFO: cmn.c(183): CMN: 77.68  3.08  0.50 -13.53 -6.39 -1.80 -0.50 -0.68 -7.28 11.13 -1.68 11.25  8.78 
utt>    18                      0019  227    0   100 12  2 4 1.989617e-12 -1.977196e+02 -4.488235e+04
INFO: cmn.c(183): CMN: 80.48 -2.10 -16.45 -10.09 -9.22  0.62  1.34 -9.16 -9.34  8.17 -11.10  5.42  5.55 
utt>    19                      0020  215    0    92 12  2 4 3.322375e-12 -1.966722e+02 -4.228453e+04
INFO: cmn.c(183): CMN: 78.34  2.35 -9.40 -2.35 -9.57 -0.70  5.11 -18.49 -9.11 -3.54 -8.90  0.51 -11.65 
utt>    20                      0021  229    0    92 13  2 4 3.020749e-12 -1.946467e+02 -4.457409e+04
INFO: cmn.c(183): CMN: 76.64  4.63 -10.05 -6.80 -4.29  2.06  4.53 -14.75 -8.58 -1.53 -2.08  1.72 -5.97 
utt>    21                      0022  183    0    80 13  2 3 4.575019e-12 -1.923086e+02 -3.519248e+04
INFO: cmn.c(183): CMN: 72.94 10.13 -7.92 -13.63  0.97 -7.39  1.83 -11.84 -8.67 -0.08 -4.91  1.18 -7.85 
utt>    22                      0023  209    0   100 14  2 4 4.319816e-12 -1.966396e+02 -4.109769e+04
INFO: cmn.c(183): CMN: 69.75 11.66  0.74 -5.77  4.33 -5.76 -1.43 -6.98 -3.47  3.28 -2.21  0.65 -2.52 
utt>    23                      0024  219    0   104 15  2 4 2.412379e-12 -1.983197e+02 -4.343202e+04
INFO: cmn.c(183): CMN: 77.70  7.85 -9.84 -10.85 -3.66 -2.57  2.85 -13.60 -8.44 -8.00 -7.19 -0.89 -7.84 
utt>    24                      0025  163    0    76 12  2 4 3.716393e-12 -1.931407e+02 -3.148193e+04
INFO: cmn.c(183): CMN: 111.35 -12.14 -5.64 -3.50 -2.87 -4.41 -3.78 -6.93 -4.89 -7.42 -6.59 -5.00 -1.56 
utt>    25                      0026  839    0    92 16  1 2 1.620676e-12 -2.005712e+02 -1.682793e+05
INFO: cmn.c(183): CMN: 77.33  7.12  5.29 -4.63 -9.41 -12.54  1.33 -2.97 -6.83 -0.30 -7.01  1.45  2.03 
utt>    26                      0027  193    0    92 12  2 4 3.347673e-12 -1.986592e+02 -3.834122e+04
INFO: cmn.c(183): CMN: 79.52 -0.04 -1.80 -6.78 -13.23 -4.36 11.53 -4.36 -2.45 12.50 -2.22  1.30 -0.22 
utt>    27                      0028  301    0   156 12  1 3 4.001407e-12 -1.950260e+02 -5.870282e+04
INFO: cmn.c(183): CMN: 77.27 -0.63  0.44 -6.00 -13.61 -8.26 11.47 -5.88 -6.21  9.03 -1.01  0.85  2.77 
utt>    28                      0029  311    0   156 12  1 3 1.996151e-12 -1.960909e+02 -6.098426e+04
INFO: cmn.c(183): CMN: 76.98  0.42 -5.42 -12.41 -10.46  1.76 11.89 -5.91  0.91 10.59 -0.59  5.11  5.88 
utt>    29                      0030  168    0    80 13  2 4 2.907613e-12 -1.996846e+02 -3.354702e+04
INFO: cmn.c(183): CMN: 79.98  0.60 -14.42 -4.22 -7.54 -0.53  0.66 -5.86  7.91 -1.30 -1.55 -5.58 10.39 
utt>    30                      0031  209    0   108 14  2 4 2.870486e-12 -1.964491e+02 -4.105785e+04
INFO: cmn.c(183): CMN: 79.16 -1.80 -7.81 -3.49 -11.91 -4.51 -2.86 -0.85 -0.46  4.63 -6.49 -3.65  4.86 
utt>    31                      0032  214    0   108 12  2 4 2.280662e-12 -1.928117e+02 -4.126171e+04
INFO: cmn.c(183): CMN: 77.41  6.89 -5.98 -10.60 -8.64 -2.95  4.27  3.04  5.07  4.11 -1.05  3.22 11.27 
utt>    32                      0033  209    0   112 13  2 4 5.526421e-12 -1.988297e+02 -4.155541e+04
INFO: cmn.c(183): CMN: 75.37 -0.81 -19.42 -14.16  3.82 -0.72  1.57  0.67  4.40  2.86 -2.43 -6.09  7.32 
utt>    33                      0034  250    0   116 20  2 4 4.279232e-12 -1.984428e+02 -4.961070e+04
INFO: cmn.c(183): CMN: 80.92 -2.00 -8.50  0.77 -12.20 -7.35  5.04  7.95  1.66  7.89  2.77  5.91  9.84 
utt>    34                      0035  271    0   124 15  2 4 3.914336e-12 -2.013416e+02 -5.456358e+04
INFO: cmn.c(183): CMN: 76.38  4.36  5.56 -14.59 -3.07 -9.90  2.31 -2.69 -6.51 10.83  0.99  3.92  5.23 
utt>    35                      0036  211    0   104 13  2 4 4.705972e-12 -1.993895e+02 -4.207119e+04
INFO: cmn.c(183): CMN: 78.85  3.70  0.27 -15.49 -5.32 -15.76  3.59 -4.59 -7.45  3.75 -3.84 -1.53  5.99 
utt>    36                      0037  198    0    96 12  2 3 2.939310e-12 -1.971252e+02 -3.903080e+04
INFO: cmn.c(183): CMN: 74.42  5.38 -19.12 -25.51 13.79 -0.27 -1.78 -4.60  0.31 -2.62 -0.68 -9.80  6.59 
utt>    37                      0038  211    0   108 17  2 5 2.726335e-12 -1.990738e+02 -4.200458e+04
INFO: cmn.c(183): CMN: 77.73  3.92 -5.24 -18.25  2.43 -3.45  0.29 -5.44  2.07  3.23  2.29 -2.87 11.21 
utt>    38                      0039  167    0    84 14  2 4 3.595678e-12 -1.980921e+02 -3.308137e+04
INFO: cmn.c(183): CMN: 78.12  2.22 -1.72 -16.10 -7.85 -9.34  0.58  6.38 -3.50  5.44 -3.30  2.85  8.28 
utt>    39                      0040  374    0   136 14  1 2 2.493095e-12 -1.989983e+02 -7.442536e+04
INFO: cmn.c(183): CMN: 79.21  3.42 -2.21 -22.11 -8.69 -4.15 -0.19  4.46 -8.32  8.60 -4.61  1.94  0.33 
utt>    40                      0041  266    0   136 12  2 3 4.574832e-12 -1.988309e+02 -5.288902e+04
INFO: cmn.c(183): CMN: 79.68  4.15 -8.62 -18.97 -6.19 -7.44  0.01 -0.72 -5.13  8.03 -7.63 -1.55  3.51 
utt>    41                      0042  274    0   132 13  2 4 2.572593e-12 -1.983331e+02 -5.434328e+04
INFO: cmn.c(183): CMN: 80.16  2.86 -2.21 -17.62 -10.25 -2.47  1.27  7.56 -12.89  5.99 -3.37  6.21 -1.72 
utt>    42                      0043  185    0    88 11  2 3 2.498866e-12 -1.972556e+02 -3.649228e+04
INFO: cmn.c(183): CMN: 77.82  7.22 -3.60 -18.03 -12.41 -4.61  1.56  7.29 -7.43  0.43 -7.28  2.49  0.03 
utt>    43                      0044  287    0   132 12  1 3 3.846063e-12 -1.979150e+02 -5.680160e+04
INFO: cmn.c(183): CMN: 76.68  8.63 -1.74 -18.74 -6.99 -6.61 -2.71  6.09  0.00  7.54 -3.36  9.05  7.19 
utt>    44                      0045  293    0   132 12  2 4 1.796742e-12 -2.002766e+02 -5.868105e+04
INFO: cmn.c(183): CMN: 79.37 10.60 -11.12 -26.90 -1.53 -12.75  7.27 -7.35 -2.23 -2.79 -7.91 -1.90 -2.20 
utt>    45                      0046  243    0   112 12  1 3 2.762109e-12 -1.962546e+02 -4.768987e+04
INFO: cmn.c(183): CMN: 78.32  3.52 -9.27 -19.11  0.67 -5.12 11.15 -14.17  5.66  6.63 -3.81 -2.03  3.32 
utt>    46                      0047  198    0    92 11  2 4 3.364617e-12 -1.966325e+02 -3.893323e+04
INFO: cmn.c(183): CMN: 74.69 14.92 -2.40 -26.96 -3.80 -9.25  4.05 -5.98  1.31 -2.32 -6.98 -1.01  4.22 
utt>    47                      0048  206    0   104 11  2 3 4.210641e-12 -1.966582e+02 -4.051159e+04
INFO: cmn.c(183): CMN: 78.27  3.60 -10.32 -18.36  2.21 -4.51  8.12 -2.18  2.11  8.56 -3.08  6.16  8.90 
utt>    48                      0049  164    0    76 13  2 4 3.813974e-12 -1.949516e+02 -3.197207e+04
INFO: cmn.c(183): CMN: 76.07  8.21 -7.73 -24.96  2.10 -1.01 -1.94 -10.39  0.88 -1.50 -4.28  3.07  2.95 
utt>    49                      0050  172    0    84 14  2 3 1.795373e-12 -1.956862e+02 -3.365802e+04
INFO: cmn.c(183): CMN: 69.97 12.67 -2.41 -13.65 -13.93  4.59 -7.14  4.89 11.67  0.80 -3.67 -1.33  2.40 
utt>    50                      0051  275    0   100 13  2 3 3.829054e-12 -1.972791e+02 -5.425176e+04
INFO: cmn.c(183): CMN: 68.84  7.18 -13.68 -8.85 -12.18  3.16 -3.67  4.46 12.65 -0.72 -6.45  0.27 -0.95 
utt>    51                      0052  319    0   100 13  1 3 3.232634e-12 -1.952630e+02 -6.228889e+04
INFO: cmn.c(183): CMN: 70.65  6.81 -17.31 -5.81 -10.94 -1.96 -5.15 14.73 16.05 -1.90 -5.31  2.80  0.11 
utt>    52                      0053  300    0   100 20  2 4 3.525942e-12 -1.950290e+02 -5.850870e+04
INFO: cmn.c(183): CMN: 68.65  5.90 -14.57 -3.00 -7.78 -4.71 -8.08  9.39 14.82 -3.00 -6.60  6.60 -0.29 
utt>    53                      0054  300    0   120 17  2 3 3.164977e-12 -1.916597e+02 -5.749790e+04
INFO: cmn.c(183): CMN: 67.05  7.82 -6.10 -9.45 -13.74  5.02 -5.34  6.92 11.31  1.02 -2.75  0.95 -0.36 
utt>    54                      0055  302    0   100 14  2 4 4.473514e-12 -1.963045e+02 -5.928396e+04
INFO: cmn.c(183): CMN: 66.00  9.40  1.46  5.44 -20.67 -3.13  4.47  4.20  5.37 -7.30  1.33  3.76 -0.63 
utt>    55                      0056  294    0   104 15  1 3 3.657812e-12 -1.964878e+02 -5.776740e+04
INFO: cmn.c(183): CMN: 67.04  7.72 -2.22  9.09 -20.18 -5.16  7.21  8.42  5.56 -6.63  1.67  2.00 -1.17 
utt>    56                      0057  319    0   124 16  2 4 2.956452e-12 -1.916766e+02 -6.114484e+04
INFO: cmn.c(183): CMN: 65.92  3.78 -7.98  7.98 -18.98 -5.03  7.94  1.69 12.59 -3.73  0.06  5.05 -4.04 
utt>    57                      0058  394    0   152 15  1 3 3.646827e-12 -1.942038e+02 -7.651629e+04
INFO: cmn.c(183): CMN: 63.80  7.91  5.48  1.05 -14.97  2.68  3.27  1.92  6.10 -1.61  1.95  0.75 -2.77 
utt>    58                      0059  225    0    96 13  2 4 2.507898e-12 -1.938422e+02 -4.361449e+04
INFO: cmn.c(183): CMN: 65.15  6.36 -1.17  7.02 -15.94 -3.90  7.34  5.45 10.14 -6.34  1.13  4.11 -1.50 
utt>    59                      0060  319    0   120 13  1 3 2.536040e-12 -1.879889e+02 -5.996844e+04
INFO: cmn.c(183): CMN: 111.27 -8.25 -2.02 -0.95  2.78 -2.34 -4.68 -3.65 -2.49 -2.57 -3.84 -1.37 -0.63 
utt>    60                      0061 1197    0   128 25  1 2 1.977737e-12 -1.953562e+02 -2.338414e+05
INFO: cmn.c(183): CMN: 67.74  7.78 -2.30 10.15 -20.56 -5.60  7.36  9.14  6.12 -7.68  1.50  2.02 -1.82 
utt>    61                      0062  302    0   128 17  2 4 4.986194e-12 -1.962730e+02 -5.927445e+04
INFO: cmn.c(183): CMN: 66.56  4.52 -8.19  8.02 -20.31 -5.36  8.06  1.52 13.26 -4.20  0.23  5.55 -4.45 
utt>    62                      0063  370    0   140 14  1 3 3.085500e-12 -1.943167e+02 -7.189719e+04
INFO: cmn.c(183): CMN: 65.41  6.92 -1.01  7.17 -16.45 -4.05  7.40  5.38 10.19 -6.56  1.13  4.14 -1.45 
utt>    63                      0064  309    0   128 13  2 3 3.175884e-12 -1.879497e+02 -5.807645e+04
INFO: cmn.c(183): CMN: 62.47  0.62  1.04 11.11 -16.03 -6.01  7.95  4.80  4.84 -2.59  2.65  7.61 -2.37 
utt>    64                      0065  222    0   116 16  2 4 4.858136e-12 -1.927601e+02 -4.279275e+04
INFO: cmn.c(183): CMN: 65.26  4.00  4.26  9.48 -19.61 -7.21  5.06  3.93  0.84 -3.40  1.55  1.68 -4.31 
utt>    65                      0066  207    0   112 15  2 4 5.597347e-12 -1.934963e+02 -4.005374e+04
INFO: cmn.c(183): CMN: 67.26  5.64  3.46 12.02 -18.61  3.09  7.73  6.53 10.15 -4.99  1.09  1.46 -5.60 
utt>    66                      0067  207    0    96 16  2 4 2.758615e-12 -1.947413e+02 -4.031146e+04
INFO: cmn.c(183): CMN: 66.95  4.10  0.99 14.18 -21.23 -1.38 10.20  5.89  9.94 -1.52  2.25  3.91 -6.53 
utt>    67                      0068  178    0    76 13  2 3 4.561825e-12 -1.920303e+02 -3.418139e+04
INFO: cmn.c(183): CMN: 64.80  4.83  5.79  9.52 -17.31  3.24  8.38  5.35 10.19 -4.24  2.43  1.37 -2.57 
utt>    68                      0069  207    0   100 15  2 4 3.851022e-12 -1.926611e+02 -3.988085e+04
INFO: cmn.c(183): CMN: 63.57  3.76 -3.22  4.33 -16.93  0.42 13.47  4.06  9.41 -2.38  6.49  6.84 -3.36 
utt>    69                      0070  258    0    92 16  2 4 3.890001e-12 -1.943858e+02 -5.015154e+04
INFO: cmn.c(183): CMN: 66.95  8.09  3.73  6.76 -14.67  7.46  3.13  3.09 12.89 -6.21  4.00 -0.02 -1.41 
utt>    70                      0071  225    0    92 14  2 4 3.522810e-12 -1.931667e+02 -4.346252e+04
INFO: cmn.c(183): CMN: 65.87  6.90  4.15  7.32 -17.83  4.62 10.39  3.60  8.83 -1.34  4.87  2.00 -3.37 
utt>    71                      0072  196    0    80 13  2 4 3.556004e-12 -1.912179e+02 -3.747870e+04
INFO: cmn.c(183): CMN: 65.59  6.33 -2.68 -2.05 -17.57  5.95  6.47  4.97 11.71 -2.96  5.79  3.40 -2.09 
utt>    72                      0073  207    0   100 16  2 4 3.468078e-12 -1.937805e+02 -4.011256e+04
INFO: cmn.c(183): CMN: 60.71  5.45  6.71  0.22 -9.60  7.07  4.80  3.55  7.83 -2.43  1.15  1.24 -0.17 
utt>    73                      0074  236    0   104 20  2 5 5.407042e-12 -1.955580e+02 -4.615169e+04
INFO: cmn.c(183): CMN: 67.10  8.03  2.24  3.75 -17.40  6.07  9.33  3.09  9.33 -4.63  8.19  3.15 -1.06 
utt>    74                      0075  152    0    76 15  2 5 5.795407e-12 -1.951053e+02 -2.965600e+04
INFO: cmn.c(183): CMN: 69.68  7.44 -1.57 13.60 -15.32 -8.58  3.26 -0.76  8.89 -8.22  1.97 -0.80  0.87 
utt>    75                      0076  175    0    92 13  2 4 4.242971e-12 -1.975271e+02 -3.456724e+04
INFO: cmn.c(183): CMN: 64.34  7.38  4.36 12.76 -12.05 -6.87  6.19  3.49  8.25 -5.90 -2.10  0.86  0.78 
utt>    76                      0077  200    0    92 14  2 5 3.269340e-12 -1.951730e+02 -3.903460e+04
INFO: cmn.c(183): CMN: 66.97  2.90 -3.83 21.42 -18.64 -12.46  8.34  2.84 10.56 -8.48 -0.46  5.36 -3.86 
utt>    77                      0078  316    0   156 14  2 4 4.469922e-12 -1.917107e+02 -6.058058e+04
INFO: cmn.c(183): CMN: 67.63  3.74 -1.28 25.85 -11.42 -10.89  9.11  7.34 12.88 -8.11  1.54  8.34 -1.12 
utt>    78                      0079  347    0   156 15  1 3 2.705409e-12 -1.938936e+02 -6.728109e+04
INFO: cmn.c(183): CMN: 64.22  3.01 -6.27 12.96 -15.48 -8.90 13.87  9.68 10.71 -3.81  1.22  6.85 -0.74 
utt>    79                      0080  185    0    80 16  2 4 3.920988e-12 -1.980024e+02 -3.663044e+04
INFO: cmn.c(183): CMN: 63.80  1.39  8.93 13.83 -4.15 -4.49  5.28 11.74  6.48 -2.26  2.29 -2.18  5.80 
utt>    80                      0081  205    0   108 17  2 5 3.584448e-12 -1.975447e+02 -4.049666e+04
INFO: cmn.c(183): CMN: 63.46  2.96  5.28 15.53 -6.97 -7.54  6.81  9.28  9.07 -0.83  2.83 -3.93  6.11 
utt>    81                      0082  210    0   108 16  2 4 4.103502e-12 -1.925888e+02 -4.044365e+04
INFO: cmn.c(183): CMN: 61.17  5.96 -0.92 -3.00 -6.00 -3.70  2.62  6.12  5.03  3.86  7.43 -1.46  2.34 
utt>    82                      0083  275    0   112 20  2 4 4.873016e-12 -1.959799e+02 -5.389447e+04
INFO: cmn.c(183): CMN: 63.86  3.39 -3.38  8.47 -5.19 -13.75  3.79  8.58  3.99  4.03  2.45 -1.94  3.43 
utt>    83                      0084  160    0   116 19  2 5 3.275113e-12 -1.991190e+02 -3.185905e+04
INFO: cmn.c(183): CMN: 62.48  4.28 -3.66  6.19 -7.22 -12.29  4.44  8.34  3.88  2.70  0.17 -1.52  4.04 
utt>    84                      0085  396    0   124 18  2 4 3.348609e-12 -1.984993e+02 -7.860572e+04
INFO: cmn.c(183): CMN: 67.80  2.48  9.42 10.49 -6.92 -2.64  0.13 10.25 13.11 -9.12  5.42 -2.37 -0.06 
utt>    85                      0086  195    0   104 14  2 4 5.619557e-12 -1.973824e+02 -3.848958e+04
INFO: cmn.c(183): CMN: 68.17  3.86  8.25 15.29 -10.03 -3.34  0.73 11.61  6.20 -8.33 10.00 -5.15  1.59 
utt>    86                      0087  205    0    96 14  2 3 4.452420e-12 -1.931608e+02 -3.959796e+04
INFO: cmn.c(183): CMN: 63.44  6.86 -1.50 -5.26 -8.63  2.35 -2.47  7.55  8.94 -0.27 13.68 -1.72 -1.72 
utt>    87                      0088  255    0   108 17  2 4 5.614253e-12 -1.964604e+02 -5.009741e+04
INFO: cmn.c(183): CMN: 65.86  3.46  2.79  6.72 -5.78 -6.15  1.51  7.77  7.19 -1.82 10.44  0.62 -5.20 
utt>    88                      0089  170    0    84 15  2 4 4.037647e-12 -1.968400e+02 -3.346281e+04
INFO: cmn.c(183): CMN: 64.05  4.87 -2.72  4.78 -8.21 -8.03 -0.12  8.64  8.18 -2.41  5.25 -2.21 -2.17 
utt>    89                      0090  411    0   136 17  1 3 2.556057e-12 -1.969058e+02 -8.092829e+04
INFO: cmn.c(183): CMN: 69.26  6.69 -0.92  8.34 -4.78 -9.22 -4.36 10.22 13.15  1.99  5.06  3.80 -2.66 
utt>    90                      0091  270    0   136 15  2 4 2.900868e-12 -1.949203e+02 -5.262847e+04
INFO: cmn.c(183): CMN: 65.25  8.09  0.55  7.83 -5.06 -10.11 -2.49  4.14 10.24  2.22  3.54  1.50 -4.01 
utt>    91                      0092  282    0   132 14  2 4 3.842555e-12 -1.935541e+02 -5.458226e+04
INFO: cmn.c(183): CMN: 68.81  3.09 -2.90 10.18 -6.27 -13.79 -0.16  4.68  8.88  4.20  0.61  1.26 -5.35 
utt>    92                      0093  195    0    88 14  2 4 4.002595e-12 -1.950496e+02 -3.803467e+04
INFO: cmn.c(183): CMN: 66.66  5.57 -1.03  3.66 -5.05 -10.61 -2.98  7.73 11.09 -0.08 -0.09  2.70 -4.19 
utt>    93                      0094  331    0   132 14  2 3 1.801623e-12 -1.947272e+02 -6.445469e+04
INFO: cmn.c(183): CMN: 65.18  7.43  1.26  2.67 -2.14 -8.91 -2.35  5.87  9.52  2.82  2.66  2.74 -2.30 
utt>    94                      0095  321    0   132 16  2 3 3.918402e-12 -1.943248e+02 -6.237828e+04
INFO: cmn.c(183): CMN: 70.05  6.26 -1.65 -0.99 -10.18 -3.24 -14.25 15.44 17.11  1.54  0.01  1.41 -4.16 
utt>    95                      0096  210    0   112 12  2 3 2.063127e-12 -1.968985e+02 -4.134869e+04
INFO: cmn.c(183): CMN: 68.36  1.89 -4.78  6.88 -6.54 -7.93 -6.85 13.93 15.25  4.06  2.05  3.27 -3.68 
utt>    96                      0097  195    0    92 12  1 3 3.445731e-12 -1.952168e+02 -3.806727e+04
INFO: cmn.c(183): CMN: 62.67 10.19 10.10 -0.07 -6.21 -6.69 -4.87  8.58  8.81  1.41 -2.04  2.73 -1.08 
utt>    97                      0098  210    0   104 16  2 4 3.494686e-12 -1.951326e+02 -4.097785e+04
INFO: cmn.c(183): CMN: 65.18  3.39 -1.92  2.62 -6.63 -8.26 -7.07 13.07 10.63  1.29 -0.68  4.44 -3.70 
utt>    98                      0099  180    0    76 16  2 3 3.145888e-12 -1.971827e+02 -3.549289e+04
INFO: cmn.c(183): CMN: 62.28  4.28 -0.41  4.42 -5.76 -6.28 -2.01  4.69 10.23  8.15  1.18  3.42 -5.33 
utt>    99                      0100  190    0    84 13  1 3 2.196156e-12 -1.951115e+02 -3.707118e+04
INFO: cmn.c(183): CMN: 66.73 21.21  6.60 10.59  8.89 -11.25 -7.46  3.80  9.17  8.97 -5.25 -11.96 -0.59 
utt>   100                      0101  504    0   100 16  1 3 2.674553e-12 -1.945903e+02 -9.807350e+04
INFO: cmn.c(183): CMN: 69.62 23.05 -1.75 -1.92  3.80 -7.69 -5.45  8.67 10.60  4.14 -6.52 -12.58 -3.16 
utt>   101                      0102  497    0   100 14  1 2 1.392666e-12 -1.926894e+02 -9.576664e+04
INFO: cmn.c(183): CMN: 69.46 18.17 -2.67 -1.41  7.81 -5.37 -2.51 10.16 10.43  1.42 -8.78 -8.74  0.15 
utt>   102                      0103  476    0   100 17  1 3 2.868482e-12 -1.934523e+02 -9.208330e+04
INFO: cmn.c(183): CMN: 67.44 19.08 -5.24  5.87 11.79 -8.69  0.80 12.45 13.30  6.29 -5.40 -7.93  2.70 
utt>   103                      0104  458    0   120 16  1 2 2.940910e-12 -1.933808e+02 -8.856842e+04
INFO: cmn.c(183): CMN: 67.26 19.63  0.41  5.01  8.15 -7.95 -4.33  7.42 12.98  8.13 -7.16 -10.01 -0.11 
utt>   104                      0105  430    0   100 16  1 3 2.840129e-12 -1.966591e+02 -8.456343e+04
INFO: cmn.c(183): CMN: 77.21  8.09 -6.58 -11.20 -5.71  5.31 -19.17  7.71  7.47  2.11 -0.96 -2.58  5.22 
utt>   105                      0106  248    0   104 12  2 4 2.751071e-12 -1.980440e+02 -4.911491e+04
INFO: cmn.c(183): CMN: 78.19  3.71 -3.51 -2.53 -8.25  0.34 -20.58  9.82  9.19  1.92 -0.89  0.16  1.64 
utt>   106                      0107  263    0   124 13  2 3 2.833019e-12 -1.951839e+02 -5.133338e+04
INFO: cmn.c(183): CMN: 77.92  4.50 -8.23 -1.98 -1.86 -4.30 -20.02 15.58  7.52 -3.64 -4.05  7.26 -3.15 
utt>   107                      0108  334    0   152 15  2 4 3.811637e-12 -1.962377e+02 -6.554339e+04
INFO: cmn.c(183): CMN: 72.66 10.68  4.74 -7.49  6.89  9.79 -16.30  4.91  7.72 -6.63 -3.69  1.55  0.50 
utt>   108                      0109  238    0    96 13  2 3 3.085623e-12 -1.966957e+02 -4.681358e+04
INFO: cmn.c(183): CMN: 75.80  7.41 -1.35 -5.17  2.17  4.09 -19.24 12.70  3.22 -8.14 -3.09  3.14 -0.46 
utt>   109                      0110  270    0   120 12  2 3 2.496943e-12 -1.946224e+02 -5.254805e+04
INFO: cmn.c(183): CMN: 78.45  9.48  0.62  3.38 -4.67 12.66 -6.74  2.19 -1.72  4.95 -3.33 -6.96  2.50 
utt>   110                      0111  309    0   128 13  2 3 2.789323e-12 -1.956802e+02 -6.046518e+04
INFO: cmn.c(183): CMN: 78.88 12.28  2.69  0.70 -6.04 15.00 -8.26  6.07 -2.11  6.59 -4.78 -7.06  2.91 
utt>   111                      0112  277    0   128 14  2 3 3.885231e-12 -1.969761e+02 -5.456237e+04
INFO: cmn.c(183): CMN: 76.93  8.98 -4.84 -1.22 -3.12 15.01 -9.92  2.44  2.88  7.46  0.01 -7.11  1.72 
utt>   112                      0113  335    0   140 13  1 3 2.889826e-12 -1.948176e+02 -6.526390e+04
INFO: cmn.c(183): CMN: 77.94  9.86 -0.56 -0.44 -1.73 13.92 -7.38  3.48 -0.79  3.67 -2.63 -6.54  0.55 
utt>   113                      0114  286    0   128 13  2 4 3.146009e-12 -1.933547e+02 -5.529943e+04
INFO: cmn.c(183): CMN: 71.88  1.30  1.60 10.46 -5.03  9.27 -4.61  1.74  0.63  2.25  1.42 -1.23  0.71 
utt>   114                      0115  214    0   116 16  2 4 2.406616e-12 -1.988565e+02 -4.255529e+04
INFO: cmn.c(183): CMN: 111.96 -8.68 -0.86 -1.79 -1.73 -4.23 -2.74 -2.29 -0.68 -1.86 -2.20 -1.75 -1.65 
utt>   115                      0116  855    0   112 23  1 2 2.059966e-12 -1.926617e+02 -1.647258e+05
INFO: cmn.c(183): CMN: 78.86  8.08 -0.24  6.19 -4.51 17.84 -9.05  1.68 -5.48  3.23 -1.19 -4.15 -2.41 
utt>   116                      0117  246    0    96 13  2 4 2.728905e-12 -1.936139e+02 -4.762901e+04
INFO: cmn.c(183): CMN: 77.54  2.99  4.71 13.26 -7.60 17.18 -6.40 -4.25 -1.83  6.09  4.56 -1.39 -3.41 
utt>   117                      0118  232    0    76 10  1 3 2.356472e-12 -1.907412e+02 -4.425195e+04
INFO: cmn.c(183): CMN: 72.77  6.55  7.94  7.13 -1.95 24.81 -9.77 -5.48 -5.82  2.76  7.59 -4.27 -1.41 
utt>   118                      0119  241    0   100 13  2 4 4.068700e-12 -1.958100e+02 -4.719020e+04
INFO: cmn.c(183): CMN: 78.78  9.36 -9.80  4.14 -2.54 10.62 -4.40  6.23 -1.71  1.55 -2.00 -5.13 -1.01 
utt>   119                      0120  223    0    92 14  2 5 3.512379e-12 -1.944281e+02 -4.335746e+04
INFO: cmn.c(183): CMN: 75.19  6.39  1.63  7.12 -2.81 13.52 -18.99 11.42 -0.29 -0.07 -0.06 -7.43  7.83 
utt>   120                      0121  246    0    92 13  2 4 3.759475e-12 -1.919949e+02 -4.723074e+04
INFO: cmn.c(183): CMN: 75.22  4.24  6.40  4.56 -5.51 12.81 -15.94  9.99  4.25  0.45 -0.46 -6.71  3.76 
utt>   121                      0122  201    0    80 12  2 4 4.916146e-12 -1.947287e+02 -3.914047e+04
INFO: cmn.c(183): CMN: 74.70  7.40  6.09  0.65 -2.37 13.62 -18.71  8.32  6.72 -3.55  0.10 -5.29  6.67 
utt>   122                      0123  197    0   100 13  2 4 2.456609e-12 -1.955587e+02 -3.852506e+04
INFO: cmn.c(183): CMN: 72.40  8.68 11.80  6.82  6.56 12.69 -15.27  7.92 -1.13 -2.23  0.78 -3.66  4.43 
utt>   123                      0124  197    0   104 15  2 4 3.345382e-12 -1.970210e+02 -3.881315e+04
INFO: cmn.c(183): CMN: 77.73 10.20  5.20 -0.58 -5.42 14.36 -20.62 11.76 -3.69 -0.82 -4.82 -5.79  7.45 
utt>   124                      0125  156    0    76 12  2 4 5.328821e-12 -1.936015e+02 -3.020183e+04
INFO: cmn.c(183): CMN: 77.35 10.14  7.68  2.69 -8.85 19.00 -18.85  3.25  1.61 -3.08  0.63 -7.83  6.51 
utt>   125                      0126  201    0    92 12  2 4 3.424573e-12 -1.918892e+02 -3.856973e+04
INFO: cmn.c(183): CMN: 73.34  7.90 10.02  6.71 -1.84 16.35 -17.19  4.93 -0.83 -0.99 -2.24 -6.09  4.91 
utt>   126                      0127  192    0    92 12  2 4 3.232075e-12 -1.923230e+02 -3.692602e+04
INFO: cmn.c(183): CMN: 74.58  1.67  6.73 10.79 -7.61  7.71 -15.09  7.80 -1.04  5.39 -1.54 -1.92  0.35 
utt>   127                      0128  331    0   156 13  1 3 1.866344e-12 -1.927063e+02 -6.378578e+04
INFO: cmn.c(183): CMN: 72.53  0.97  7.02 12.23 -7.93  4.87 -15.50  7.94 -0.39  6.21  0.20 -2.61 -1.32 
utt>   128                      0129  331    0   156 13  1 3 2.806759e-12 -1.935102e+02 -6.405186e+04
INFO: cmn.c(183): CMN: 73.83  0.55 -0.16  3.99 -7.35  6.38 -14.00 10.00 -1.69  8.96  1.25 -2.71 -1.62 
utt>   129                      0130  179    0    80 15  2 3 1.996511e-12 -1.934862e+02 -3.463403e+04
INFO: cmn.c(183): CMN: 76.21  8.79 -0.84  5.84 -9.92 14.43 -14.12  3.69  2.21  1.33  5.33 -4.66 -0.38 
utt>   130                      0131  250    0   108 12  2 3 1.612760e-12 -1.926254e+02 -4.815635e+04
INFO: cmn.c(183): CMN: 75.34  7.87 -1.79  6.16 -4.42 10.88 -14.39  3.92  1.84  4.72  5.65 -4.90 -0.50 
utt>   131                      0132  250    0   108 12  2 3 2.287002e-12 -1.910870e+02 -4.777176e+04
INFO: cmn.c(183): CMN: 73.87 13.81  6.63  0.90 -5.03 12.01 -12.30  3.70 -0.87  3.30  4.04 -7.59  2.97 
utt>   132                      0133  210    0   112 15  2 4 4.093308e-12 -1.952441e+02 -4.100127e+04
INFO: cmn.c(183): CMN: 72.17  8.12 -9.18 -4.68 -3.63  7.46 -14.10  6.72  5.12  7.94  3.67 -3.48  0.07 
utt>   133                      0134  273    0   116 19  2 4 3.499638e-12 -1.973833e+02 -5.388565e+04
INFO: cmn.c(183): CMN: 75.35  8.33  0.28  4.45 -1.81  3.42 -16.05  6.97 -0.21  2.69  4.96 -4.04  2.93 
utt>   134                      0135  295    0   124 16  2 4 3.214499e-12 -1.971111e+02 -5.814779e+04
INFO: cmn.c(183): CMN: 75.87  7.16  7.41 14.01 -3.37 15.02 -16.19  1.16  1.63 -5.35  9.93 -6.69 -1.75 
utt>   135                      0136  210    0   104 13  2 3 5.602712e-12 -1.963582e+02 -4.123523e+04
INFO: cmn.c(183): CMN: 75.08  7.25  8.03 11.92 -6.44 15.38 -17.83 -0.19  2.89  1.38  8.59 -11.13  4.24 
utt>   136                      0137  197    0    96 14  2 3 2.531320e-12 -1.953984e+02 -3.849349e+04
INFO: cmn.c(183): CMN: 74.48  6.82 -8.23 -4.52 -2.47 13.66 -15.42  9.18  3.55  8.35  4.23 -6.15  2.46 
utt>   137                      0138  264    0   108 16  2 4 1.967308e-12 -1.943769e+02 -5.131551e+04
INFO: cmn.c(183): CMN: 74.28  5.07  0.45  2.36 -4.62 10.25 -13.61  4.13 -1.43  5.57  5.09 -3.67  0.38 
utt>   138                      0139  201    0    84 14  2 4 3.400548e-12 -1.924576e+02 -3.868398e+04
INFO: cmn.c(183): CMN: 73.22  6.42  1.28  3.80 -6.51  8.37 -16.47  4.47  0.62  7.16  3.56 -4.49 -1.27 
utt>   139                      0140  385    0   136 15  2 3 2.338610e-12 -1.968473e+02 -7.578622e+04
INFO: cmn.c(183): CMN: 76.45  7.44  0.00  6.70 -8.79 13.43 -13.86 -0.69  4.33  1.03  6.91 -7.20  4.72 
utt>   140                      0141  326    0   136 13  2 4 2.593447e-12 -1.913518e+02 -6.238067e+04
INFO: cmn.c(183): CMN: 75.14  7.88 -1.24  7.01 -6.92 11.15 -10.87  1.19  4.04  0.42  7.55 -7.86  4.88 
utt>   141                      0142  282    0   132 14  2 4 2.734108e-12 -1.918478e+02 -5.410107e+04
INFO: cmn.c(183): CMN: 75.94  5.17  1.63  5.88 -9.65 11.03 -12.00 -4.09  2.64  0.46  7.45 -9.35  5.21 
utt>   142                      0143  206    0    88 13  2 3 2.587121e-12 -1.927552e+02 -3.970758e+04
INFO: cmn.c(183): CMN: 75.52  8.23 -0.16  0.38 -9.04  6.22 -12.04  2.49  3.25  2.19  7.67 -7.66  4.44 
utt>   143                      0144  322    0   132 12  2 3 3.378477e-12 -1.913440e+02 -6.161276e+04
INFO: cmn.c(183): CMN: 75.98  8.99  2.53  2.69 -5.56  9.41 -12.37 -0.45  1.44  0.57  5.44 -9.49  6.94 
utt>   144                      0145  309    0   132 14  2 4 4.361375e-12 -1.952086e+02 -6.031947e+04
INFO: cmn.c(183): CMN: 75.80 14.83 -2.03 -0.83 -7.19  8.12 -13.25  2.50  3.24  3.14  8.17 -4.61  1.89 
utt>   145                      0146  259    0   112 13  2 3 1.680292e-12 -1.935321e+02 -5.012480e+04
INFO: cmn.c(183): CMN: 76.61  6.78 -4.62  5.17 -9.62  6.20 -12.90  8.69  2.03  3.48  6.72 -4.53 -1.36 
utt>   146                      0147  214    0    92 12  2 4 2.189013e-12 -1.921253e+02 -4.111482e+04
INFO: cmn.c(183): CMN: 73.79 13.73 10.45  2.70 -9.99 14.15 -11.54  1.07  2.64 -2.72  3.05 -8.46  6.78 
utt>   147                      0148  210    0   104 12  2 4 3.000199e-12 -1.935565e+02 -4.064687e+04
INFO: cmn.c(183): CMN: 76.67  6.86 -3.47  4.47 -9.46  7.11 -13.06  6.86  1.47  3.60  3.48 -3.32  1.86 
utt>   148                      0149  192    0    76 14  2 4 3.046834e-12 -1.918880e+02 -3.684250e+04
INFO: cmn.c(183): CMN: 75.44  5.64 -3.09  6.79 -9.07  8.33 -8.66  0.42  3.31  8.22  1.40 -2.45 -1.81 
utt>   149                      0150  192    0    84 13  1 3 5.388242e-12 -1.920569e+02 -3.687492e+04
INFO: cmn.c(183): CMN: 111.44 -13.21 -3.89 -1.41 -0.17  0.68 -2.75 -0.74  0.58 -2.94 -4.82 -4.80 -4.49 
utt>   150                      0151 1107    0   100 16  1 2 6.551648e-13 -1.949338e+02 -2.157917e+05
INFO: cmn.c(183): CMN: 79.24  5.74 -24.62 -12.69  3.42 -11.05 -1.82 -2.89  0.08  7.49 -4.01 -4.20 -1.24 
utt>   151                      0152  288    0   100 12  2 3 3.678982e-12 -1.966403e+02 -5.663241e+04
INFO: cmn.c(183): CMN: 77.76  6.00 -23.51 -6.02 -0.36 -10.65  1.88 -6.61 -4.55 10.23 -4.31 -2.06  0.32 
utt>   152                      0153  326    0   100 15  1 3 3.204825e-12 -1.964379e+02 -6.403876e+04
INFO: cmn.c(183): CMN: 75.48  6.07 -20.10 -2.98 -1.21 -11.50  4.66 -5.29  0.02 19.06  3.17 -0.58  1.86 
utt>   153                      0154  330    0   120 15  2 3 2.881571e-12 -1.948433e+02 -6.429827e+04
INFO: cmn.c(183): CMN: 78.77 14.24 -18.42 -11.26  0.78 -12.74 -3.75 -0.77 -3.72  4.78 -7.21 -5.32 -6.59 
utt>   154                      0155  259    0   100 13  2 3 2.939825e-12 -1.991147e+02 -5.157071e+04
INFO: cmn.c(183): CMN:  0.62 -5.53 -6.57 -4.80 -2.85 -2.75  1.10 -2.72 -3.09 -1.12 -0.31  2.60 -2.46 
utt>   155                      0156  165    0   104 51  3 6 5.033627e-12 -1.858317e+02 -3.066224e+04
INFO: cmn.c(183): CMN: 77.39  2.00 -22.22 -9.98  0.65 -12.74  9.94 -4.23 -0.15 11.42 -1.59  0.78 -6.01 
utt>   156                      0157  351    0   124 15  2 3 2.340590e-12 -1.941283e+02 -6.813903e+04
INFO: cmn.c(183): CMN: 79.01  1.46 -23.97 -0.94 -2.39 -13.86 12.28 -7.46 -2.44 18.59 -2.10 -1.22 -5.80 
utt>   157                      0158  463    0   152 14  1 3 1.494293e-12 -1.948845e+02 -9.023152e+04
INFO: cmn.c(183): CMN: 77.67 15.80 -10.10 -14.11  3.16 -13.93 -5.09 -1.38 -3.17  3.87 -7.73 -2.45 -5.40 
utt>   158                      0159  259    0    96 12  2 3 2.286997e-12 -1.963501e+02 -5.085468e+04
INFO: cmn.c(183): CMN: 81.15  9.22 -14.45 -9.37 -1.52 -15.84  6.14 -8.95 -6.47 11.56 -7.92  3.30 -4.95 
utt>   159                      0160  280    0   120 11  1 3 3.770137e-12 -1.946064e+02 -5.448980e+04
INFO: cmn.c(183): CMN: 76.35 17.25 -14.67 -16.25 -2.25 -5.91 -5.12  5.98  7.66 -7.07 -5.45 -1.57 -0.39 
utt>   160                      0161  309    0   128 13  2 4 2.140749e-12 -1.991906e+02 -6.154990e+04
INFO: cmn.c(183): CMN: 76.57 18.35 -15.65 -14.38 -3.49 -6.92 -4.55  5.23  5.47 -1.72 -2.20 -2.06 -3.40 
utt>   161                      0162  300    0   128 14  2 4 2.349866e-12 -1.986760e+02 -5.960281e+04
INFO: cmn.c(183): CMN: 79.55  8.30 -21.29 -11.94  4.36 -7.05 -4.46 -3.40  2.67 -3.74 -5.90 -3.86 -4.92 
utt>   162                      0163  355    0   140 11  1 3 2.654573e-12 -1.975582e+02 -7.013318e+04
INFO: cmn.c(183): CMN: 77.97 15.00 -16.71 -11.02  4.48 -7.36 -2.85 -1.91  2.83 -3.57 -2.92 -2.78 -6.41 
utt>   163                      0164  321    0   128 12  2 4 2.535119e-12 -1.962659e+02 -6.300136e+04
INFO: cmn.c(183): CMN: 73.54  7.85 -11.73 -8.04  0.98 -0.93  5.06  4.35  5.21  0.58  0.43  2.16 -7.96 
utt>   164                      0165  238    0   116 13  1 3 4.653086e-12 -1.951172e+02 -4.643789e+04
INFO: cmn.c(183): CMN: 72.53  9.69 -5.00 -8.68 -3.55 -3.02  7.14 -0.46  5.76  2.03  6.80 -2.41 -3.55 
utt>   165                      0166  280    0   112 15  2 3 3.894695e-12 -1.937554e+02 -5.425150e+04
INFO: cmn.c(183): CMN: 75.47  6.50 -10.54 -4.04  0.86 -3.60 -0.73 -0.09 -2.24 -3.10 -0.88 -4.64 -2.71 
utt>   166                      0167  326    0    96 14  1 3 1.992793e-12 -1.958897e+02 -6.386004e+04
INFO: cmn.c(183): CMN: 80.33  5.30 -2.50 -6.82 -1.17 -4.66  1.93 -2.32 -1.81 -9.91 -0.64 -4.35 -11.52 
utt>   167                      0168  213    0    76 10  1 3 2.690854e-12 -1.921033e+02 -4.091801e+04
INFO: cmn.c(183): CMN: 77.27 10.12 -3.25 -8.57  0.65 -6.64  4.77 -2.46 -4.76 -4.00  0.97 -2.55 -7.71 
utt>   168                      0169  246    0   100 11  2 3 2.966548e-12 -1.970840e+02 -4.848266e+04
INFO: cmn.c(183): CMN: 81.33  3.33 -23.57 -2.85 -1.40 -9.41  0.17 -4.33 -1.26 -7.12  2.14 -8.27 -5.02 
utt>   169                      0170  259    0    92 12  2 3 2.611952e-12 -1.952836e+02 -5.057846e+04
INFO: cmn.c(183): CMN: 79.11  5.73 -9.43 -13.00  0.14 -9.50  1.26 -9.33 -3.47 -4.70 -7.94  0.65 -7.91 
utt>   170                      0171  248    0    92 13  2 3 2.433840e-12 -1.960608e+02 -4.862307e+04
INFO: cmn.c(183): CMN: 77.90  9.61 -7.44 -12.01  2.83 -8.04  3.50 -9.10 -5.42 -6.57 -6.21 -2.50 -14.10 
utt>   171                      0172  219    0    80 12  2 3 3.075642e-12 -1.946266e+02 -4.262322e+04
INFO: cmn.c(183): CMN: 76.84 15.21 -4.24 -15.03  1.62 -19.21  1.40 -3.03 -2.26 -9.66 -5.40 -4.03 -8.89 
utt>   172                      0173  198    0   100 13  2 4 3.623680e-12 -1.966821e+02 -3.894306e+04
INFO: cmn.c(183): CMN: 73.72 16.85  2.12 -12.91  4.90 -13.40 -0.09 -2.96 -2.48 -6.19 -4.93 -4.75 -8.80 
utt>   173                      0174  261    0   104 15  2 3 2.794897e-12 -2.000566e+02 -5.221477e+04
INFO: cmn.c(183): CMN: 76.14 15.70 -7.38 -13.51 -1.67 -5.92  1.04 -4.30 -1.39 -6.98 -4.50 -2.52 -4.88 
utt>   174                      0175  190    0    76 12  2 4 3.957249e-12 -1.957393e+02 -3.719048e+04
INFO: cmn.c(183): CMN: 78.30 17.00 -9.04 -8.25 -3.34 -7.95 -2.73 -2.37  0.02 -7.99 -0.65 -8.48  1.31 
utt>   175                      0176  194    0    92 12  2 4 3.455326e-12 -1.981088e+02 -3.843310e+04
INFO: cmn.c(183): CMN: 76.70 14.04 -1.11 -5.07 -3.93 -8.65 -0.33 -1.38 -9.72 -4.02 -9.29 -7.78 -6.12 
utt>   176                      0177  186    0    92 12  2 4 2.585808e-12 -2.022679e+02 -3.762184e+04
INFO: cmn.c(183): CMN: 77.24  7.45 -3.14 -10.28 -4.12 -4.85  1.75  1.43 -0.02  3.54 -6.22  2.08 -12.49 
utt>   177                      0178  294    0   156 13  1 3 2.811528e-12 -1.981920e+02 -5.826845e+04
INFO: cmn.c(183): CMN: 76.86  6.96 -1.02 -8.03 -0.50 -8.20  4.14 -0.61 -0.02  2.02 -6.80  3.94 -10.26 
utt>   178                      0179  331    0   156 12  1 3 2.370124e-12 -1.976308e+02 -6.541580e+04
INFO: cmn.c(183): CMN: 78.39  3.25 -13.19 -6.23 -0.26 -3.61  1.62 -1.78  0.51  1.32 -10.33  1.70 -11.56 
utt>   179                      0180  182    0    80 15  2 3 4.518811e-12 -2.016474e+02 -3.669984e+04
INFO: cmn.c(183): CMN: 79.23 10.32 -16.38 -4.29 -2.18 -6.62  6.34 -9.98  2.93  2.43 -1.39 -8.27  3.15 
utt>   180                      0181  244    0   108 12  2 3 3.686361e-12 -1.968830e+02 -4.803945e+04
INFO: cmn.c(183): CMN: 78.02 13.08 -18.35 -0.66  0.87 -6.49  7.78 -9.93  7.12  3.13  0.52 -8.93  1.73 
utt>   181                      0182  227    0   108 11  1 3 2.662008e-12 -1.952818e+02 -4.432896e+04
INFO: cmn.c(183): CMN: 76.24 18.01 -14.85 -8.47  1.13 -7.42  6.41 -5.57 -3.68  0.20  1.75 -8.38  0.19 
utt>   182                      0183  240    0   112 13  2 4 3.594318e-12 -2.001367e+02 -4.803281e+04
INFO: cmn.c(183): CMN: 75.05  7.57 -27.02 -5.54  5.31 -4.97  4.81 -7.54  4.09  6.98 -3.07 -14.91 -6.27 
utt>   183                      0184  298    0   116 16  1 3 2.655531e-12 -1.989094e+02 -5.927501e+04
INFO: cmn.c(183): CMN: 74.31  7.83 -14.00  1.35  0.26 -10.68  7.35 -10.99 -0.86  2.66  1.18 -10.72 -4.24 
utt>   184                      0185  584    0   124 15  1 3 2.171476e-12 -1.970140e+02 -1.150562e+05
INFO: cmn.c(183): CMN: 78.18  4.63  4.21  6.10 -4.92 -2.22  2.92 -4.67 -9.85  4.57 -8.52 -8.88 -4.42 
utt>   185                      0186  244    0   104 11  1 3 3.778362e-12 -1.982393e+02 -4.837038e+04
INFO: cmn.c(183): CMN: 78.06  6.54 -3.84 -2.27 -5.93 -2.88  4.88 -3.26 -6.39 10.62 -1.32 -1.65  0.39 
utt>   186                      0187  244    0    96 12  2 3 1.881932e-12 -1.973637e+02 -4.815675e+04
INFO: cmn.c(183): CMN: 75.42  7.21 -24.41 -2.84  8.41 -3.46  4.28 -0.62 -4.72 11.38 -2.72 -12.22 -1.44 
utt>   187                      0188  344    0   108 14  1 3 3.056721e-12 -1.957714e+02 -6.734538e+04
INFO: cmn.c(183): CMN: 78.89  6.95 -9.25  0.86 -2.41 -0.69  1.72  2.37 -4.48 12.11 -4.86 -10.66 -4.51 
utt>   188                      0189  190    0    84 13  2 4 2.498712e-12 -1.985434e+02 -3.772325e+04
INFO: cmn.c(183): CMN: 75.62  7.19 -16.44 -1.52 -3.06 -5.56  4.20 -1.38 -5.98  5.78 -0.41 -8.16 -1.01 
utt>   189                      0190  447    0   136 15  1 2 2.410579e-12 -1.980513e+02 -8.852892e+04
INFO: cmn.c(183): CMN: 76.84  4.45 -12.40  0.08 -7.53 -4.14  0.98  1.02 -0.87  2.68 -3.34 -6.25  3.55 
utt>   190                      0191  364    0   136 12  1 3 3.277010e-12 -1.971152e+02 -7.174995e+04
INFO: cmn.c(183): CMN: 78.31  8.66 -17.30 -0.97 -7.40 -1.87  2.93 -2.72  0.11  5.63 -2.68 -7.48  3.25 
utt>   191                      0192  298    0   132 11  2 3 2.553895e-12 -1.963417e+02 -5.850982e+04
INFO: cmn.c(183): CMN: 79.81  5.70 -16.83 -1.49 -5.02 -1.56  6.52 -0.53  3.79  4.90 -2.09 -11.55 -1.91 
utt>   192                      0193  223    0    88 12  1 3 2.350972e-12 -1.976301e+02 -4.407151e+04
INFO: cmn.c(183): CMN: 78.23  7.76 -18.11 -1.02 -10.09 -1.88  7.33 -2.83  2.15  0.91 -4.19 -9.90 -3.10 
utt>   193                      0194  348    0   132 11  1 3 2.754848e-12 -1.963339e+02 -6.832420e+04
INFO: cmn.c(183): CMN: 76.14 10.88 -14.02  2.26 -8.61 -8.38  4.26  2.58  2.14  1.68 -0.25 -4.85 -0.52 
utt>   194                      0195  348    0   132 13  2 3 2.921843e-12 -1.991220e+02 -6.929447e+04
INFO: cmn.c(183): CMN: 80.21  7.43 -15.46 -2.98 -4.62 -8.65  3.44 -9.78 -2.90 -0.54 -10.87 -13.70 -9.19 
utt>   195                      0196  286    0   112 11  1 3 2.493788e-12 -1.955809e+02 -5.593615e+04
INFO: cmn.c(183): CMN: 80.64  0.50 -14.85  4.04 -4.87 -2.14  5.68 -8.22 -2.88  5.74 -5.06 -9.24 -7.11 
utt>   196                      0197  227    0    92 11  2 4 3.455421e-12 -1.948362e+02 -4.422782e+04
INFO: cmn.c(183): CMN: 75.51 18.21 -9.18 -5.37 -5.23 -4.00  5.98 -2.39 -2.59  0.27 -4.28 -6.82 -6.06 
utt>   197                      0198  269    0   104 12  2 3 3.388158e-12 -1.939485e+02 -5.217215e+04
INFO: cmn.c(183): CMN: 81.28  3.47 -19.80  3.81 -5.36 -7.30  8.48 -3.38 -1.52 10.85 -2.93 -7.05 -3.68 
utt>   198                      0199  178    0    76 13  1 3 4.732462e-12 -1.966819e+02 -3.500938e+04
INFO: cmn.c(183): CMN: 81.32  3.81 -18.33 -2.94 -2.16  0.03  7.25 -1.49  3.50  7.44 -1.50 -1.51 -0.94 
utt>   199                      0200  182    0    84 11  1 2 2.479772e-12 -1.958175e+02 -3.563878e+04
INFO: cmn.c(183): CMN: 77.56  9.05 -8.54 -34.17 -0.72 -18.41 -2.36  9.30  1.45 -12.38 -17.70  4.51 -7.84 
utt>   200                      0201  206    0   100 13  2 4 4.149145e-12 -2.002486e+02 -4.125122e+04
INFO: cmn.c(183): CMN: 75.72 -0.65 -10.80 -19.52  1.64 -14.28  0.75  4.06  2.89  3.69 -17.44  5.10 -3.56 
utt>   201                      0202  254    0   100 12  1 3 3.445296e-12 -1.961957e+02 -4.983372e+04
INFO: cmn.c(183): CMN: 74.34 -4.53 -8.95 -10.84 -2.89 -11.69  3.39  6.58  0.90  5.44 -15.65  8.50  1.47 
utt>   202                      0203  254    0   100 15  2 4 3.575085e-12 -1.976886e+02 -5.021289e+04
INFO: cmn.c(183): CMN: 72.22  3.86  0.70 -18.21 -7.65 -9.63  4.32  6.02  9.26  6.86 -12.83 11.29 -1.29 
utt>   203                      0204  242    0   120 15  1 3 2.399990e-12 -1.945720e+02 -4.708642e+04
INFO: cmn.c(183): CMN: 67.78  7.07  0.10 -14.66 -4.12 -11.34 -4.68  7.25  1.76 -4.73 -18.00  1.18 -4.95 
utt>   204                      0205  218    0   100 13  2 4 3.144568e-12 -2.004793e+02 -4.370448e+04
INFO: cmn.c(183): CMN: 74.36  5.97 -10.09 -19.07 -13.14 -1.53 15.09 -4.75 -8.40  0.94  1.09  0.74 -16.33 
utt>   205                      0206  254    0   104 11  1 3 3.873770e-12 -1.978410e+02 -5.025161e+04
INFO: cmn.c(183): CMN: 71.80  2.81 -4.99 -12.79 -15.98  1.20 11.98 -1.60 -7.73  6.61  2.22  3.22 -14.10 
utt>   206                      0207  284    0   124 14  2 4 1.842069e-12 -1.965856e+02 -5.583030e+04
INFO: cmn.c(183): CMN: 74.26  0.79 -9.31 -7.55 -14.61  2.14 16.60 -8.50 -8.00  7.47  0.30  3.79 -8.64 
utt>   207                      0208  381    0   152 14  2 3 2.438771e-12 -1.967004e+02 -7.494285e+04
INFO: cmn.c(183): CMN: 69.78 13.94  1.56 -16.36 -2.23 -6.92 -1.00 -2.26 -7.86 -1.26 -6.39  1.09 -13.64 
utt>   208                      0209  199    0    96 13  2 4 3.833243e-12 -1.984975e+02 -3.950100e+04
INFO: cmn.c(183): CMN: 72.54  9.94 -2.92 -16.62 -8.85 -6.11  5.03 -3.54 -8.81 -2.17 -8.69  4.46 -10.03 
utt>   209                      0210  257    0   120 13  2 3 4.234264e-12 -1.955005e+02 -5.024364e+04
INFO: cmn.c(183): CMN: 78.18  7.46 -8.81 -16.29 -11.17 -7.75 -2.15 -2.28 -0.89 -1.47 -11.22 -1.20 -3.01 
utt>   210                      0211  278    0   128 14  2 4 2.889609e-12 -1.974799e+02 -5.489942e+04
INFO: cmn.c(183): CMN: 77.93  5.92 -9.17 -16.48 -10.40 -7.38  1.56 -1.59 -1.40 -2.49 -8.62 -1.49 -2.58 
utt>   211                      0212  272    0   128 13  2 4 4.116457e-12 -1.985331e+02 -5.400099e+04
INFO: cmn.c(183): CMN: 81.06 -0.02 -12.10 -14.00 -10.15 -7.89  3.27 -4.05 -6.65  8.21 -12.05  2.28 -2.53 
utt>   212                      0213  303    0   140 12  1 3 3.937650e-12 -1.957541e+02 -5.931349e+04
INFO: cmn.c(183): CMN: 78.46  5.11 -8.00 -13.77 -7.84 -9.38 -0.18 -3.56 -4.36  5.62 -10.67  2.24  2.20 
utt>   213                      0214  284    0   128 13  2 4 2.991736e-12 -1.961226e+02 -5.569881e+04
INFO: cmn.c(183): CMN: 76.74 -4.16 -4.10 -7.97 -7.93  1.31  5.66 -2.91 -4.13 12.66 -2.03  4.24 -1.37 
utt>   214                      0215  236    0   116 15  1 3 3.136165e-12 -1.965301e+02 -4.638109e+04
INFO: cmn.c(183): CMN: 71.92  4.55 -0.85 -15.80 -7.04  3.62  4.32 -0.82 -3.04  8.30 -9.36 -5.44 -17.25 
utt>   215                      0216  244    0   112 13  1 3 3.128850e-12 -2.008740e+02 -4.901325e+04
INFO: cmn.c(183): CMN: 77.76  2.91 -4.11 -8.24 -11.55  1.92  7.40 -1.07 -1.98 12.27 -0.87 16.18 14.28 
utt>   216                      0217  204    0    96 13  2 3 2.833385e-12 -1.955287e+02 -3.988786e+04
INFO: cmn.c(183): CMN: 78.09 -0.35 -1.60 -12.97 -8.30 -0.40  2.99 -4.74 -7.23  4.50 -8.37  8.10  0.81 
utt>   217                      0218  179    0    76 10  1 3 1.924349e-12 -1.947238e+02 -3.485556e+04
INFO: cmn.c(183): CMN: 77.68  3.08  0.50 -13.53 -6.39 -1.80 -0.50 -0.68 -7.28 11.13 -1.68 11.25  8.78 
utt>   218                      0219  227    0   100 12  2 4 1.989617e-12 -1.977196e+02 -4.488235e+04
INFO: cmn.c(183): CMN: 80.48 -2.10 -16.45 -10.09 -9.22  0.62  1.34 -9.16 -9.34  8.17 -11.10  5.42  5.55 
utt>   219                      0220  215    0    92 12  2 4 3.322375e-12 -1.966722e+02 -4.228453e+04
INFO: cmn.c(183): CMN: 78.34  2.35 -9.40 -2.35 -9.57 -0.70  5.11 -18.49 -9.11 -3.54 -8.90  0.51 -11.65 
utt>   220                      0221  229    0    92 13  2 4 3.020749e-12 -1.946467e+02 -4.457409e+04
INFO: cmn.c(183): CMN: 76.64  4.63 -10.05 -6.80 -4.29  2.06  4.53 -14.75 -8.58 -1.53 -2.08  1.72 -5.97 
utt>   221                      0222  183    0    80 13  2 3 4.575019e-12 -1.923086e+02 -3.519248e+04
INFO: cmn.c(183): CMN: 72.94 10.13 -7.92 -13.63  0.97 -7.39  1.83 -11.84 -8.67 -0.08 -4.91  1.18 -7.85 
utt>   222                      0223  209    0   100 14  2 4 4.319816e-12 -1.966396e+02 -4.109769e+04
INFO: cmn.c(183): CMN: 69.75 11.66  0.74 -5.77  4.33 -5.76 -1.43 -6.98 -3.47  3.28 -2.21  0.65 -2.52 
utt>   223                      0224  219    0   104 15  2 4 2.412379e-12 -1.983197e+02 -4.343202e+04
INFO: cmn.c(183): CMN: 77.70  7.85 -9.84 -10.85 -3.66 -2.57  2.85 -13.60 -8.44 -8.00 -7.19 -0.89 -7.84 
utt>   224                      0225  163    0    76 12  2 4 3.716393e-12 -1.931407e+02 -3.148193e+04
INFO: cmn.c(183): CMN: 111.35 -12.14 -5.64 -3.50 -2.87 -4.41 -3.78 -6.93 -4.89 -7.42 -6.59 -5.00 -1.56 
utt>   225                      0226  839    0    92 16  1 2 1.620676e-12 -2.005712e+02 -1.682793e+05
INFO: cmn.c(183): CMN: 77.33  7.12  5.29 -4.63 -9.41 -12.54  1.33 -2.97 -6.83 -0.30 -7.01  1.45  2.03 
utt>   226                      0227  193    0    92 12  2 4 3.347673e-12 -1.986592e+02 -3.834122e+04
INFO: cmn.c(183): CMN: 79.52 -0.04 -1.80 -6.78 -13.23 -4.36 11.53 -4.36 -2.45 12.50 -2.22  1.30 -0.22 
utt>   227                      0228  301    0   156 12  1 3 4.001407e-12 -1.950260e+02 -5.870282e+04
INFO: cmn.c(183): CMN: 77.27 -0.63  0.44 -6.00 -13.61 -8.26 11.47 -5.88 -6.21  9.03 -1.01  0.85  2.77 
utt>   228                      0229  311    0   156 12  1 3 1.996151e-12 -1.960909e+02 -6.098426e+04
INFO: cmn.c(183): CMN: 76.98  0.42 -5.42 -12.41 -10.46  1.76 11.89 -5.91  0.91 10.59 -0.59  5.11  5.88 
utt>   229                      0230  168    0    80 13  2 4 2.907613e-12 -1.996846e+02 -3.354702e+04
INFO: cmn.c(183): CMN: 79.98  0.60 -14.42 -4.22 -7.54 -0.53  0.66 -5.86  7.91 -1.30 -1.55 -5.58 10.39 
utt>   230                      0231  209    0   108 14  2 4 2.870486e-12 -1.964491e+02 -4.105785e+04
INFO: cmn.c(183): CMN: 79.16 -1.80 -7.81 -3.49 -11.91 -4.51 -2.86 -0.85 -0.46  4.63 -6.49 -3.65  4.86 
utt>   231                      0232  214    0   108 12  2 4 2.280662e-12 -1.928117e+02 -4.126171e+04
INFO: cmn.c(183): CMN: 77.41  6.89 -5.98 -10.60 -8.64 -2.95  4.27  3.04  5.07  4.11 -1.05  3.22 11.27 
utt>   232                      0233  209    0   112 13  2 4 5.526421e-12 -1.988297e+02 -4.155541e+04
INFO: cmn.c(183): CMN: 75.37 -0.81 -19.42 -14.16  3.82 -0.72  1.57  0.67  4.40  2.86 -2.43 -6.09  7.32 
utt>   233                      0234  250    0   116 20  2 4 4.279232e-12 -1.984428e+02 -4.961070e+04
INFO: cmn.c(183): CMN: 80.92 -2.00 -8.50  0.77 -12.20 -7.35  5.04  7.95  1.66  7.89  2.77  5.91  9.84 
utt>   234                      0235  271    0   124 15  2 4 3.914336e-12 -2.013416e+02 -5.456358e+04
INFO: cmn.c(183): CMN: 76.38  4.36  5.56 -14.59 -3.07 -9.90  2.31 -2.69 -6.51 10.83  0.99  3.92  5.23 
utt>   235                      0236  211    0   104 13  2 4 4.705972e-12 -1.993895e+02 -4.207119e+04
INFO: cmn.c(183): CMN: 78.85  3.70  0.27 -15.49 -5.32 -15.76  3.59 -4.59 -7.45  3.75 -3.84 -1.53  5.99 
utt>   236                      0237  198    0    96 12  2 3 2.939310e-12 -1.971252e+02 -3.903080e+04
INFO: cmn.c(183): CMN: 74.42  5.38 -19.12 -25.51 13.79 -0.27 -1.78 -4.60  0.31 -2.62 -0.68 -9.80  6.59 
utt>   237                      0238  211    0   108 17  2 5 2.726335e-12 -1.990738e+02 -4.200458e+04
INFO: cmn.c(183): CMN: 77.73  3.92 -5.24 -18.25  2.43 -3.45  0.29 -5.44  2.07  3.23  2.29 -2.87 11.21 
utt>   238                      0239  167    0    84 14  2 4 3.595678e-12 -1.980921e+02 -3.308137e+04
INFO: cmn.c(183): CMN: 78.12  2.22 -1.72 -16.10 -7.85 -9.34  0.58  6.38 -3.50  5.44 -3.30  2.85  8.28 
utt>   239                      0240  374    0   136 14  1 2 2.493095e-12 -1.989983e+02 -7.442536e+04
INFO: cmn.c(183): CMN: 79.21  3.42 -2.21 -22.11 -8.69 -4.15 -0.19  4.46 -8.32  8.60 -4.61  1.94  0.33 
utt>   240                      0241  266    0   136 12  2 3 4.574832e-12 -1.988309e+02 -5.288902e+04
INFO: cmn.c(183): CMN: 79.68  4.15 -8.62 -18.97 -6.19 -7.44  0.01 -0.72 -5.13  8.03 -7.63 -1.55  3.51 
utt>   241                      0242  274    0   132 13  2 4 2.572593e-12 -1.983331e+02 -5.434328e+04
INFO: cmn.c(183): CMN: 80.16  2.86 -2.21 -17.62 -10.25 -2.47  1.27  7.56 -12.89  5.99 -3.37  6.21 -1.72 
utt>   242                      0243  185    0    88 11  2 3 2.498866e-12 -1.972556e+02 -3.649228e+04
INFO: cmn.c(183): CMN: 77.82  7.22 -3.60 -18.03 -12.41 -4.61  1.56  7.29 -7.43  0.43 -7.28  2.49  0.03 
utt>   243                      0244  287    0   132 12  1 3 3.846063e-12 -1.979150e+02 -5.680160e+04
INFO: cmn.c(183): CMN: 76.68  8.63 -1.74 -18.74 -6.99 -6.61 -2.71  6.09  0.00  7.54 -3.36  9.05  7.19 
utt>   244                      0245  293    0   132 12  2 4 1.796742e-12 -2.002766e+02 -5.868105e+04
INFO: cmn.c(183): CMN: 79.37 10.60 -11.12 -26.90 -1.53 -12.75  7.27 -7.35 -2.23 -2.79 -7.91 -1.90 -2.20 
utt>   245                      0246  243    0   112 12  1 3 2.762109e-12 -1.962546e+02 -4.768987e+04
INFO: cmn.c(183): CMN: 78.32  3.52 -9.27 -19.11  0.67 -5.12 11.15 -14.17  5.66  6.63 -3.81 -2.03  3.32 
utt>   246                      0247  198    0    92 11  2 4 3.364617e-12 -1.966325e+02 -3.893323e+04
INFO: cmn.c(183): CMN: 74.69 14.92 -2.40 -26.96 -3.80 -9.25  4.05 -5.98  1.31 -2.32 -6.98 -1.01  4.22 
utt>   247                      0248  206    0   104 11  2 3 4.210641e-12 -1.966582e+02 -4.051159e+04
INFO: cmn.c(183): CMN: 78.27  3.60 -10.32 -18.36  2.21 -4.51  8.12 -2.18  2.11  8.56 -3.08  6.16  8.90 
utt>   248                      0249  164    0    76 13  2 4 3.813974e-12 -1.949516e+02 -3.197207e+04
INFO: cmn.c(183): CMN: 76.07  8.21 -7.73 -24.96  2.10 -1.01 -1.94 -10.39  0.88 -1.50 -4.28  3.07  2.95 
utt>   249                      0250  172    0    84 14  2 3 1.795373e-12 -1.956862e+02 -3.365802e+04
INFO: cmn.c(183): CMN: 69.97 12.67 -2.41 -13.65 -13.93  4.59 -7.14  4.89 11.67  0.80 -3.67 -1.33  2.40 
utt>   250                      0251  275    0   100 13  2 3 3.829054e-12 -1.972791e+02 -5.425176e+04
INFO: cmn.c(183): CMN: 68.84  7.18 -13.68 -8.85 -12.18  3.16 -3.67  4.46 12.65 -0.72 -6.45  0.27 -0.95 
utt>   251                      0252  319    0   100 13  1 3 3.232634e-12 -1.952630e+02 -6.228889e+04
INFO: cmn.c(183): CMN: 70.65  6.81 -17.31 -5.81 -10.94 -1.96 -5.15 14.73 16.05 -1.90 -5.31  2.80  0.11 
utt>   252                      0253  300    0   100 20  2 4 3.525942e-12 -1.950290e+02 -5.850870e+04
INFO: cmn.c(183): CMN: 68.65  5.90 -14.57 -3.00 -7.78 -4.71 -8.08  9.39 14.82 -3.00 -6.60  6.60 -0.29 
utt>   253                      0254  300    0   120 17  2 3 3.164977e-12 -1.916597e+02 -5.749790e+04
INFO: cmn.c(183): CMN: 67.05  7.82 -6.10 -9.45 -13.74  5.02 -5.34  6.92 11.31  1.02 -2.75  0.95 -0.36 
utt>   254                      0255  302    0   100 14  2 4 4.473514e-12 -1.963045e+02 -5.928396e+04
INFO: cmn.c(183): CMN: 66.00  9.40  1.46  5.44 -20.67 -3.13  4.47  4.20  5.37 -7.30  1.33  3.76 -0.63 
utt>   255                      0256  294    0   104 15  1 3 3.657812e-12 -1.964878e+02 -5.776740e+04
INFO: cmn.c(183): CMN: 67.04  7.72 -2.22  9.09 -20.18 -5.16  7.21  8.42  5.56 -6.63  1.67  2.00 -1.17 
utt>   256                      0257  319    0   124 16  2 4 2.956452e-12 -1.916766e+02 -6.114484e+04
INFO: cmn.c(183): CMN: 65.92  3.78 -7.98  7.98 -18.98 -5.03  7.94  1.69 12.59 -3.73  0.06  5.05 -4.04 
utt>   257                      0258  394    0   152 15  1 3 3.646827e-12 -1.942038e+02 -7.651629e+04
INFO: cmn.c(183): CMN: 63.80  7.91  5.48  1.05 -14.97  2.68  3.27  1.92  6.10 -1.61  1.95  0.75 -2.77 
utt>   258                      0259  225    0    96 13  2 4 2.507898e-12 -1.938422e+02 -4.361449e+04
INFO: cmn.c(183): CMN: 65.15  6.36 -1.17  7.02 -15.94 -3.90  7.34  5.45 10.14 -6.34  1.13  4.11 -1.50 
utt>   259                      0260  319    0   120 13  1 3 2.536040e-12 -1.879889e+02 -5.996844e+04
INFO: cmn.c(183): CMN: 111.27 -8.25 -2.02 -0.95  2.78 -2.34 -4.68 -3.65 -2.49 -2.57 -3.84 -1.37 -0.63 
utt>   260                      0261 1197    0   128 25  1 2 1.977737e-12 -1.953562e+02 -2.338414e+05
INFO: cmn.c(183): CMN: 67.74  7.78 -2.30 10.15 -20.56 -5.60  7.36  9.14  6.12 -7.68  1.50  2.02 -1.82 
utt>   261                      0262  302    0   128 17  2 4 4.986194e-12 -1.962730e+02 -5.927445e+04
INFO: cmn.c(183): CMN: 66.56  4.52 -8.19  8.02 -20.31 -5.36  8.06  1.52 13.26 -4.20  0.23  5.55 -4.45 
utt>   262                      0263  370    0   140 14  1 3 3.085500e-12 -1.943167e+02 -7.189719e+04
INFO: cmn.c(183): CMN: 65.41  6.92 -1.01  7.17 -16.45 -4.05  7.40  5.38 10.19 -6.56  1.13  4.14 -1.45 
utt>   263                      0264  309    0   128 13  2 3 3.175884e-12 -1.879497e+02 -5.807645e+04
INFO: cmn.c(183): CMN: 62.47  0.62  1.04 11.11 -16.03 -6.01  7.95  4.80  4.84 -2.59  2.65  7.61 -2.37 
utt>   264                      0265  222    0   116 16  2 4 4.858136e-12 -1.927601e+02 -4.279275e+04
INFO: cmn.c(183): CMN: 65.26  4.00  4.26  9.48 -19.61 -7.21  5.06  3.93  0.84 -3.40  1.55  1.68 -4.31 
utt>   265                      0266  207    0   112 15  2 4 5.597347e-12 -1.934963e+02 -4.005374e+04
INFO: cmn.c(183): CMN: 67.26  5.64  3.46 12.02 -18.61  3.09  7.73  6.53 10.15 -4.99  1.09  1.46 -5.60 
utt>   266                      0267  207    0    96 16  2 4 2.758615e-12 -1.947413e+02 -4.031146e+04
INFO: cmn.c(183): CMN: 66.95  4.10  0.99 14.18 -21.23 -1.38 10.20  5.89  9.94 -1.52  2.25  3.91 -6.53 
utt>   267                      0268  178    0    76 13  2 3 4.561825e-12 -1.920303e+02 -3.418139e+04
INFO: cmn.c(183): CMN: 64.80  4.83  5.79  9.52 -17.31  3.24  8.38  5.35 10.19 -4.24  2.43  1.37 -2.57 
utt>   268                      0269  207    0   100 15  2 4 3.851022e-12 -1.926611e+02 -3.988085e+04
INFO: cmn.c(183): CMN: 63.57  3.76 -3.22  4.33 -16.93  0.42 13.47  4.06  9.41 -2.38  6.49  6.84 -3.36 
utt>   269                      0270  258    0    92 16  2 4 3.890001e-12 -1.943858e+02 -5.015154e+04
INFO: cmn.c(183): CMN: 66.95  8.09  3.73  6.76 -14.67  7.46  3.13  3.09 12.89 -6.21  4.00 -0.02 -1.41 
utt>   270                      0271  225    0    92 14  2 4 3.522810e-12 -1.931667e+02 -4.346252e+04
INFO: cmn.c(183): CMN: 65.87  6.90  4.15  7.32 -17.83  4.62 10.39  3.60  8.83 -1.34  4.87  2.00 -3.37 
utt>   271                      0272  196    0    80 13  2 4 3.556004e-12 -1.912179e+02 -3.747870e+04
INFO: cmn.c(183): CMN: 65.59  6.33 -2.68 -2.05 -17.57  5.95  6.47  4.97 11.71 -2.96  5.79  3.40 -2.09 
utt>   272                      0273  207    0   100 16  2 4 3.468078e-12 -1.937805e+02 -4.011256e+04
INFO: cmn.c(183): CMN: 60.71  5.45  6.71  0.22 -9.60  7.07  4.80  3.55  7.83 -2.43  1.15  1.24 -0.17 
utt>   273                      0274  236    0   104 20  2 5 5.407042e-12 -1.955580e+02 -4.615169e+04
INFO: cmn.c(183): CMN: 67.10  8.03  2.24  3.75 -17.40  6.07  9.33  3.09  9.33 -4.63  8.19  3.15 -1.06 
utt>   274                      0275  152    0    76 15  2 5 5.795407e-12 -1.951053e+02 -2.965600e+04
INFO: cmn.c(183): CMN: 69.68  7.44 -1.57 13.60 -15.32 -8.58  3.26 -0.76  8.89 -8.22  1.97 -0.80  0.87 
utt>   275                      0276  175    0    92 13  2 4 4.242971e-12 -1.975271e+02 -3.456724e+04
INFO: cmn.c(183): CMN: 64.34  7.38  4.36 12.76 -12.05 -6.87  6.19  3.49  8.25 -5.90 -2.10  0.86  0.78 
utt>   276                      0277  200    0    92 14  2 5 3.269340e-12 -1.951730e+02 -3.903460e+04
INFO: cmn.c(183): CMN: 66.97  2.90 -3.83 21.42 -18.64 -12.46  8.34  2.84 10.56 -8.48 -0.46  5.36 -3.86 
utt>   277                      0278  316    0   156 14  2 4 4.469922e-12 -1.917107e+02 -6.058058e+04
INFO: cmn.c(183): CMN: 67.63  3.74 -1.28 25.85 -11.42 -10.89  9.11  7.34 12.88 -8.11  1.54  8.34 -1.12 
utt>   278                      0279  347    0   156 15  1 3 2.705409e-12 -1.938936e+02 -6.728109e+04
INFO: cmn.c(183): CMN: 64.22  3.01 -6.27 12.96 -15.48 -8.90 13.87  9.68 10.71 -3.81  1.22  6.85 -0.74 
utt>   279                      0280  185    0    80 16  2 4 3.920988e-12 -1.980024e+02 -3.663044e+04
INFO: cmn.c(183): CMN: 63.80  1.39  8.93 13.83 -4.15 -4.49  5.28 11.74  6.48 -2.26  2.29 -2.18  5.80 
utt>   280                      0281  205    0   108 17  2 5 3.584448e-12 -1.975447e+02 -4.049666e+04
INFO: cmn.c(183): CMN: 63.46  2.96  5.28 15.53 -6.97 -7.54  6.81  9.28  9.07 -0.83  2.83 -3.93  6.11 
utt>   281                      0282  210    0   108 16  2 4 4.103502e-12 -1.925888e+02 -4.044365e+04
INFO: cmn.c(183): CMN: 61.17  5.96 -0.92 -3.00 -6.00 -3.70  2.62  6.12  5.03  3.86  7.43 -1.46  2.34 
utt>   282                      0283  275    0   112 20  2 4 4.873016e-12 -1.959799e+02 -5.389447e+04
INFO: cmn.c(183): CMN: 63.86  3.39 -3.38  8.47 -5.19 -13.75  3.79  8.58  3.99  4.03  2.45 -1.94  3.43 
utt>   283                      0284  160    0   116 19  2 5 3.275113e-12 -1.991190e+02 -3.185905e+04
INFO: cmn.c(183): CMN: 62.48  4.28 -3.66  6.19 -7.22 -12.29  4.44  8.34  3.88  2.70  0.17 -1.52  4.04 
utt>   284                      0285  396    0   124 18  2 4 3.348609e-12 -1.984993e+02 -7.860572e+04
INFO: cmn.c(183): CMN: 67.80  2.48  9.42 10.49 -6.92 -2.64  0.13 10.25 13.11 -9.12  5.42 -2.37 -0.06 
utt>   285                      0286  195    0   104 14  2 4 5.619557e-12 -1.973824e+02 -3.848958e+04
INFO: cmn.c(183): CMN: 68.17  3.86  8.25 15.29 -10.03 -3.34  0.73 11.61  6.20 -8.33 10.00 -5.15  1.59 
utt>   286                      0287  205    0    96 14  2 3 4.452420e-12 -1.931608e+02 -3.959796e+04
INFO: cmn.c(183): CMN: 63.44  6.86 -1.50 -5.26 -8.63  2.35 -2.47  7.55  8.94 -0.27 13.68 -1.72 -1.72 
utt>   287                      0288  255    0   108 17  2 4 5.614253e-12 -1.964604e+02 -5.009741e+04
INFO: cmn.c(183): CMN: 65.86  3.46  2.79  6.72 -5.78 -6.15  1.51  7.77  7.19 -1.82 10.44  0.62 -5.20 
utt>   288                      0289  170    0    84 15  2 4 4.037647e-12 -1.968400e+02 -3.346281e+04
INFO: cmn.c(183): CMN: 64.05  4.87 -2.72  4.78 -8.21 -8.03 -0.12  8.64  8.18 -2.41  5.25 -2.21 -2.17 
utt>   289                      0290  411    0   136 17  1 3 2.556057e-12 -1.969058e+02 -8.092829e+04
INFO: cmn.c(183): CMN: 69.26  6.69 -0.92  8.34 -4.78 -9.22 -4.36 10.22 13.15  1.99  5.06  3.80 -2.66 
utt>   290                      0291  270    0   136 15  2 4 2.900868e-12 -1.949203e+02 -5.262847e+04
INFO: cmn.c(183): CMN: 65.25  8.09  0.55  7.83 -5.06 -10.11 -2.49  4.14 10.24  2.22  3.54  1.50 -4.01 
utt>   291                      0292  282    0   132 14  2 4 3.842555e-12 -1.935541e+02 -5.458226e+04
INFO: cmn.c(183): CMN: 68.81  3.09 -2.90 10.18 -6.27 -13.79 -0.16  4.68  8.88  4.20  0.61  1.26 -5.35 
utt>   292                      0293  195    0    88 14  2 4 4.002595e-12 -1.950496e+02 -3.803467e+04
INFO: cmn.c(183): CMN: 66.66  5.57 -1.03  3.66 -5.05 -10.61 -2.98  7.73 11.09 -0.08 -0.09  2.70 -4.19 
utt>   293                      0294  331    0   132 14  2 3 1.801623e-12 -1.947272e+02 -6.445469e+04
INFO: cmn.c(183): CMN: 65.18  7.43  1.26  2.67 -2.14 -8.91 -2.35  5.87  9.52  2.82  2.66  2.74 -2.30 
utt>   294                      0295  321    0   132 16  2 3 3.918402e-12 -1.943248e+02 -6.237828e+04
INFO: cmn.c(183): CMN: 70.05  6.26 -1.65 -0.99 -10.18 -3.24 -14.25 15.44 17.11  1.54  0.01  1.41 -4.16 
utt>   295                      0296  210    0   112 12  2 3 2.063127e-12 -1.968985e+02 -4.134869e+04
INFO: cmn.c(183): CMN: 68.36  1.89 -4.78  6.88 -6.54 -7.93 -6.85 13.93 15.25  4.06  2.05  3.27 -3.68 
utt>   296                      0297  195    0    92 12  1 3 3.445731e-12 -1.952168e+02 -3.806727e+04
INFO: cmn.c(183): CMN: 62.67 10.19 10.10 -0.07 -6.21 -6.69 -4.87  8.58  8.81  1.41 -2.04  2.73 -1.08 
utt>   297                      0298  210    0   104 16  2 4 3.494686e-12 -1.951326e+02 -4.097785e+04
INFO: cmn.c(183): CMN: 65.18  3.39 -1.92  2.62 -6.63 -8.26 -7.07 13.07 10.63  1.29 -0.68  4.44 -3.70 
utt>   298                      0299  180    0    76 16  2 3 3.145888e-12 -1.971827e+02 -3.549289e+04
INFO: cmn.c(183): CMN: 62.28  4.28 -0.41  4.42 -5.76 -6.28 -2.01  4.69 10.23  8.15  1.18  3.42 -5.33 
utt>   299                      0300  190    0    84 13  1 3 2.196156e-12 -1.951115e+02 -3.707118e+04
INFO: cmn.c(183): CMN: 66.73 21.21  6.60 10.59  8.89 -11.25 -7.46  3.80  9.17  8.97 -5.25 -11.96 -0.59 
utt>   300                      0301  504    0   100 16  1 3 2.674553e-12 -1.945903e+02 -9.807350e+04
INFO: cmn.c(183): CMN: 69.62 23.05 -1.75 -1.92  3.80 -7.69 -5.45  8.67 10.60  4.14 -6.52 -12.58 -3.16 
utt>   301                      0302  497    0   100 14  1 2 1.392666e-12 -1.926894e+02 -9.576664e+04
INFO: cmn.c(183): CMN: 69.46 18.17 -2.67 -1.41  7.81 -5.37 -2.51 10.16 10.43  1.42 -8.78 -8.74  0.15 
utt>   302                      0303  476    0   100 17  1 3 2.868482e-12 -1.934523e+02 -9.208330e+04
INFO: cmn.c(183): CMN: 67.44 19.08 -5.24  5.87 11.79 -8.69  0.80 12.45 13.30  6.29 -5.40 -7.93  2.70 
utt>   303                      0304  458    0   120 16  1 2 2.940910e-12 -1.933808e+02 -8.856842e+04
INFO: cmn.c(183): CMN: 67.26 19.63  0.41  5.01  8.15 -7.95 -4.33  7.42 12.98  8.13 -7.16 -10.01 -0.11 
utt>   304                      0305  430    0   100 16  1 3 2.840129e-12 -1.966591e+02 -8.456343e+04
INFO: cmn.c(183): CMN: 77.21  8.09 -6.58 -11.20 -5.71  5.31 -19.17  7.71  7.47  2.11 -0.96 -2.58  5.22 
utt>   305                      0306  248    0   104 12  2 4 2.751071e-12 -1.980440e+02 -4.911491e+04
INFO: cmn.c(183): CMN: 78.19  3.71 -3.51 -2.53 -8.25  0.34 -20.58  9.82  9.19  1.92 -0.89  0.16  1.64 
utt>   306                      0307  263    0   124 13  2 3 2.833019e-12 -1.951839e+02 -5.133338e+04
INFO: cmn.c(183): CMN: 77.92  4.50 -8.23 -1.98 -1.86 -4.30 -20.02 15.58  7.52 -3.64 -4.05  7.26 -3.15 
utt>   307                      0308  334    0   152 15  2 4 3.811637e-12 -1.962377e+02 -6.554339e+04
INFO: cmn.c(183): CMN: 72.66 10.68  4.74 -7.49  6.89  9.79 -16.30  4.91  7.72 -6.63 -3.69  1.55  0.50 
utt>   308                      0309  238    0    96 13  2 3 3.085623e-12 -1.966957e+02 -4.681358e+04
INFO: cmn.c(183): CMN: 75.80  7.41 -1.35 -5.17  2.17  4.09 -19.24 12.70  3.22 -8.14 -3.09  3.14 -0.46 
utt>   309                      0310  270    0   120 12  2 3 2.496943e-12 -1.946224e+02 -5.254805e+04
INFO: cmn.c(183): CMN: 78.45  9.48  0.62  3.38 -4.67 12.66 -6.74  2.19 -1.72  4.95 -3.33 -6.96  2.50 
utt>   310                      0311  309    0   128 13  2 3 2.789323e-12 -1.956802e+02 -6.046518e+04
INFO: cmn.c(183): CMN: 78.88 12.28  2.69  0.70 -6.04 15.00 -8.26  6.07 -2.11  6.59 -4.78 -7.06  2.91 
utt>   311                      0312  277    0   128 14  2 3 3.885231e-12 -1.969761e+02 -5.456237e+04
INFO: cmn.c(183): CMN: 76.93  8.98 -4.84 -1.22 -3.12 15.01 -9.92  2.44  2.88  7.46  0.01 -7.11  1.72 
utt>   312                      0313  335    0   140 13  1 3 2.889826e-12 -1.948176e+02 -6.526390e+04
INFO: cmn.c(183): CMN: 77.94  9.86 -0.56 -0.44 -1.73 13.92 -7.38  3.48 -0.79  3.67 -2.63 -6.54  0.55 
utt>   313                      0314  286    0   128 13  2 4 3.146009e-12 -1.933547e+02 -5.529943e+04
INFO: cmn.c(183): CMN: 71.88  1.30  1.60 10.46 -5.03  9.27 -4.61  1.74  0.63  2.25  1.42 -1.23  0.71 
utt>   314                      0315  214    0   116 16  2 4 2.406616e-12 -1.988565e+02 -4.255529e+04
INFO: cmn.c(183): CMN: 111.96 -8.68 -0.86 -1.79 -1.73 -4.23 -2.74 -2.29 -0.68 -1.86 -2.20 -1.75 -1.65 
utt>   315                      0316  855    0   112 23  1 2 2.059966e-12 -1.926617e+02 -1.647258e+05
INFO: cmn.c(183): CMN: 78.86  8.08 -0.24  6.19 -4.51 17.84 -9.05  1.68 -5.48  3.23 -1.19 -4.15 -2.41 
utt>   316                      0317  246    0    96 13  2 4 2.728905e-12 -1.936139e+02 -4.762901e+04
INFO: cmn.c(183): CMN: 77.54  2.99  4.71 13.26 -7.60 17.18 -6.40 -4.25 -1.83  6.09  4.56 -1.39 -3.41 
utt>   317                      0318  232    0    76 10  1 3 2.356472e-12 -1.907412e+02 -4.425195e+04
INFO: cmn.c(183): CMN: 72.77  6.55  7.94  7.13 -1.95 24.81 -9.77 -5.48 -5.82  2.76  7.59 -4.27 -1.41 
utt>   318                      0319  241    0   100 13  2 4 4.068700e-12 -1.958100e+02 -4.719020e+04
INFO: cmn.c(183): CMN: 78.78  9.36 -9.80  4.14 -2.54 10.62 -4.40  6.23 -1.71  1.55 -2.00 -5.13 -1.01 
utt>   319                      0320  223    0    92 14  2 5 3.512379e-12 -1.944281e+02 -4.335746e+04
INFO: cmn.c(183): CMN: 75.19  6.39  1.63  7.12 -2.81 13.52 -18.99 11.42 -0.29 -0.07 -0.06 -7.43  7.83 
utt>   320                      0321  246    0    92 13  2 4 3.759475e-12 -1.919949e+02 -4.723074e+04
INFO: cmn.c(183): CMN: 75.22  4.24  6.40  4.56 -5.51 12.81 -15.94  9.99  4.25  0.45 -0.46 -6.71  3.76 
utt>   321                      0322  201    0    80 12  2 4 4.916146e-12 -1.947287e+02 -3.914047e+04
INFO: cmn.c(183): CMN: 74.70  7.40  6.09  0.65 -2.37 13.62 -18.71  8.32  6.72 -3.55  0.10 -5.29  6.67 
utt>   322                      0323  197    0   100 13  2 4 2.456609e-12 -1.955587e+02 -3.852506e+04
INFO: cmn.c(183): CMN: 72.40  8.68 11.80  6.82  6.56 12.69 -15.27  7.92 -1.13 -2.23  0.78 -3.66  4.43 
utt>   323                      0324  197    0   104 15  2 4 3.345382e-12 -1.970210e+02 -3.881315e+04
INFO: cmn.c(183): CMN: 77.73 10.20  5.20 -0.58 -5.42 14.36 -20.62 11.76 -3.69 -0.82 -4.82 -5.79  7.45 
utt>   324                      0325  156    0    76 12  2 4 5.328821e-12 -1.936015e+02 -3.020183e+04
INFO: cmn.c(183): CMN: 77.35 10.14  7.68  2.69 -8.85 19.00 -18.85  3.25  1.61 -3.08  0.63 -7.83  6.51 
utt>   325                      0326  201    0    92 12  2 4 3.424573e-12 -1.918892e+02 -3.856973e+04
INFO: cmn.c(183): CMN: 73.34  7.90 10.02  6.71 -1.84 16.35 -17.19  4.93 -0.83 -0.99 -2.24 -6.09  4.91 
utt>   326                      0327  192    0    92 12  2 4 3.232075e-12 -1.923230e+02 -3.692602e+04
INFO: cmn.c(183): CMN: 74.58  1.67  6.73 10.79 -7.61  7.71 -15.09  7.80 -1.04  5.39 -1.54 -1.92  0.35 
utt>   327                      0328  331    0   156 13  1 3 1.866344e-12 -1.927063e+02 -6.378578e+04
INFO: cmn.c(183): CMN: 72.53  0.97  7.02 12.23 -7.93  4.87 -15.50  7.94 -0.39  6.21  0.20 -2.61 -1.32 
utt>   328                      0329  331    0   156 13  1 3 2.806759e-12 -1.935102e+02 -6.405186e+04
INFO: cmn.c(183): CMN: 73.83  0.55 -0.16  3.99 -7.35  6.38 -14.00 10.00 -1.69  8.96  1.25 -2.71 -1.62 
utt>   329                      0330  179    0    80 15  2 3 1.996511e-12 -1.934862e+02 -3.463403e+04
INFO: cmn.c(183): CMN: 76.21  8.79 -0.84  5.84 -9.92 14.43 -14.12  3.69  2.21  1.33  5.33 -4.66 -0.38 
utt>   330                      0331  250    0   108 12  2 3 1.612760e-12 -1.926254e+02 -4.815635e+04
INFO: cmn.c(183): CMN: 75.34  7.87 -1.79  6.16 -4.42 10.88 -14.39  3.92  1.84  4.72  5.65 -4.90 -0.50 
utt>   331                      0332  250    0   108 12  2 3 2.287002e-12 -1.910870e+02 -4.777176e+04
INFO: cmn.c(183): CMN: 73.87 13.81  6.63  0.90 -5.03 12.01 -12.30  3.70 -0.87  3.30  4.04 -7.59  2.97 
utt>   332                      0333  210    0   112 15  2 4 4.093308e-12 -1.952441e+02 -4.100127e+04
INFO: cmn.c(183): CMN: 72.17  8.12 -9.18 -4.68 -3.63  7.46 -14.10  6.72  5.12  7.94  3.67 -3.48  0.07 
utt>   333                      0334  273    0   116 19  2 4 3.499638e-12 -1.973833e+02 -5.388565e+04
INFO: cmn.c(183): CMN: 75.35  8.33  0.28  4.45 -1.81  3.42 -16.05  6.97 -0.21  2.69  4.96 -4.04  2.93 
utt>   334                      0335  295    0   124 16  2 4 3.214499e-12 -1.971111e+02 -5.814779e+04
INFO: cmn.c(183): CMN: 75.87  7.16  7.41 14.01 -3.37 15.02 -16.19  1.16  1.63 -5.35  9.93 -6.69 -1.75 
utt>   335                      0336  210    0   104 13  2 3 5.602712e-12 -1.963582e+02 -4.123523e+04
INFO: cmn.c(183): CMN: 75.08  7.25  8.03 11.92 -6.44 15.38 -17.83 -0.19  2.89  1.38  8.59 -11.13  4.24 
utt>   336                      0337  197    0    96 14  2 3 2.531320e-12 -1.953984e+02 -3.849349e+04
INFO: cmn.c(183): CMN: 74.48  6.82 -8.23 -4.52 -2.47 13.66 -15.42  9.18  3.55  8.35  4.23 -6.15  2.46 
utt>   337                      0338  264    0   108 16  2 4 1.967308e-12 -1.943769e+02 -5.131551e+04
INFO: cmn.c(183): CMN: 74.28  5.07  0.45  2.36 -4.62 10.25 -13.61  4.13 -1.43  5.57  5.09 -3.67  0.38 
utt>   338                      0339  201    0    84 14  2 4 3.400548e-12 -1.924576e+02 -3.868398e+04
INFO: cmn.c(183): CMN: 73.22  6.42  1.28  3.80 -6.51  8.37 -16.47  4.47  0.62  7.16  3.56 -4.49 -1.27 
utt>   339                      0340  385    0   136 15  2 3 2.338610e-12 -1.968473e+02 -7.578622e+04
INFO: cmn.c(183): CMN: 76.45  7.44  0.00  6.70 -8.79 13.43 -13.86 -0.69  4.33  1.03  6.91 -7.20  4.72 
utt>   340                      0341  326    0   136 13  2 4 2.593447e-12 -1.913518e+02 -6.238067e+04
INFO: cmn.c(183): CMN: 75.14  7.88 -1.24  7.01 -6.92 11.15 -10.87  1.19  4.04  0.42  7.55 -7.86  4.88 
utt>   341                      0342  282    0   132 14  2 4 2.734108e-12 -1.918478e+02 -5.410107e+04
INFO: cmn.c(183): CMN: 75.94  5.17  1.63  5.88 -9.65 11.03 -12.00 -4.09  2.64  0.46  7.45 -9.35  5.21 
utt>   342                      0343  206    0    88 13  2 3 2.587121e-12 -1.927552e+02 -3.970758e+04
INFO: cmn.c(183): CMN: 75.52  8.23 -0.16  0.38 -9.04  6.22 -12.04  2.49  3.25  2.19  7.67 -7.66  4.44 
utt>   343                      0344  322    0   132 12  2 3 3.378477e-12 -1.913440e+02 -6.161276e+04
INFO: cmn.c(183): CMN: 75.98  8.99  2.53  2.69 -5.56  9.41 -12.37 -0.45  1.44  0.57  5.44 -9.49  6.94 
utt>   344                      0345  309    0   132 14  2 4 4.361375e-12 -1.952086e+02 -6.031947e+04
INFO: cmn.c(183): CMN: 75.80 14.83 -2.03 -0.83 -7.19  8.12 -13.25  2.50  3.24  3.14  8.17 -4.61  1.89 
utt>   345                      0346  259    0   112 13  2 3 1.680292e-12 -1.935321e+02 -5.012480e+04
INFO: cmn.c(183): CMN: 76.61  6.78 -4.62  5.17 -9.62  6.20 -12.90  8.69  2.03  3.48  6.72 -4.53 -1.36 
utt>   346                      0347  214    0    92 12  2 4 2.189013e-12 -1.921253e+02 -4.111482e+04
INFO: cmn.c(183): CMN: 73.79 13.73 10.45  2.70 -9.99 14.15 -11.54  1.07  2.64 -2.72  3.05 -8.46  6.78 
utt>   347                      0348  210    0   104 12  2 4 3.000199e-12 -1.935565e+02 -4.064687e+04
INFO: cmn.c(183): CMN: 76.67  6.86 -3.47  4.47 -9.46  7.11 -13.06  6.86  1.47  3.60  3.48 -3.32  1.86 
utt>   348                      0349  192    0    76 14  2 4 3.046834e-12 -1.918880e+02 -3.684250e+04
INFO: cmn.c(183): CMN: 75.44  5.64 -3.09  6.79 -9.07  8.33 -8.66  0.42  3.31  8.22  1.40 -2.45 -1.81 
utt>   349                      0350  192    0    84 13  1 3 5.388242e-12 -1.920569e+02 -3.687492e+04
INFO: cmn.c(183): CMN: 111.44 -13.21 -3.89 -1.41 -0.17  0.68 -2.75 -0.74  0.58 -2.94 -4.82 -4.80 -4.49 
utt>   350                      0351 1107    0   100 16  1 2 6.551648e-13 -1.949338e+02 -2.157917e+05
INFO: cmn.c(183): CMN: 79.24  5.74 -24.62 -12.69  3.42 -11.05 -1.82 -2.89  0.08  7.49 -4.01 -4.20 -1.24 
utt>   351                      0352  288    0   100 12  2 3 3.678982e-12 -1.966403e+02 -5.663241e+04
INFO: cmn.c(183): CMN: 77.76  6.00 -23.51 -6.02 -0.36 -10.65  1.88 -6.61 -4.55 10.23 -4.31 -2.06  0.32 
utt>   352                      0353  326    0   100 15  1 3 3.204825e-12 -1.964379e+02 -6.403876e+04
INFO: cmn.c(183): CMN: 75.48  6.07 -20.10 -2.98 -1.21 -11.50  4.66 -5.29  0.02 19.06  3.17 -0.58  1.86 
utt>   353                      0354  330    0   120 15  2 3 2.881571e-12 -1.948433e+02 -6.429827e+04
INFO: cmn.c(183): CMN: 78.77 14.24 -18.42 -11.26  0.78 -12.74 -3.75 -0.77 -3.72  4.78 -7.21 -5.32 -6.59 
utt>   354                      0355  259    0   100 13  2 3 2.939825e-12 -1.991147e+02 -5.157071e+04
INFO: cmn.c(183): CMN:  0.62 -5.53 -6.57 -4.80 -2.85 -2.75  1.10 -2.72 -3.09 -1.12 -0.31  2.60 -2.46 
utt>   355                      0356  165    0   104 51  3 6 5.033627e-12 -1.858317e+02 -3.066224e+04
INFO: cmn.c(183): CMN: 77.39  2.00 -22.22 -9.98  0.65 -12.74  9.94 -4.23 -0.15 11.42 -1.59  0.78 -6.01 
utt>   356                      0357  351    0   124 15  2 3 2.340590e-12 -1.941283e+02 -6.813903e+04
INFO: cmn.c(183): CMN: 79.01  1.46 -23.97 -0.94 -2.39 -13.86 12.28 -7.46 -2.44 18.59 -2.10 -1.22 -5.80 
utt>   357                      0358  463    0   152 14  1 3 1.494293e-12 -1.948845e+02 -9.023152e+04
INFO: cmn.c(183): CMN: 77.67 15.80 -10.10 -14.11  3.16 -13.93 -5.09 -1.38 -3.17  3.87 -7.73 -2.45 -5.40 
utt>   358                      0359  259    0    96 12  2 3 2.286997e-12 -1.963501e+02 -5.085468e+04
INFO: cmn.c(183): CMN: 81.15  9.22 -14.45 -9.37 -1.52 -15.84  6.14 -8.95 -6.47 11.56 -7.92  3.30 -4.95 
utt>   359                      0360  280    0   120 11  1 3 3.770137e-12 -1.946064e+02 -5.448980e+04
INFO: cmn.c(183): CMN: 76.35 17.25 -14.67 -16.25 -2.25 -5.91 -5.12  5.98  7.66 -7.07 -5.45 -1.57 -0.39 
utt>   360                      0361  309    0   128 13  2 4 2.140749e-12 -1.991906e+02 -6.154990e+04
INFO: cmn.c(183): CMN: 76.57 18.35 -15.65 -14.38 -3.49 -6.92 -4.55  5.23  5.47 -1.72 -2.20 -2.06 -3.40 
utt>   361                      0362  300    0   128 14  2 4 2.349866e-12 -1.986760e+02 -5.960281e+04
INFO: cmn.c(183): CMN: 79.55  8.30 -21.29 -11.94  4.36 -7.05 -4.46 -3.40  2.67 -3.74 -5.90 -3.86 -4.92 
utt>   362                      0363  355    0   140 11  1 3 2.654573e-12 -1.975582e+02 -7.013318e+04
INFO: cmn.c(183): CMN: 77.97 15.00 -16.71 -11.02  4.48 -7.36 -2.85 -1.91  2.83 -3.57 -2.92 -2.78 -6.41 
utt>   363                      0364  321    0   128 12  2 4 2.535119e-12 -1.962659e+02 -6.300136e+04
INFO: cmn.c(183): CMN: 73.54  7.85 -11.73 -8.04  0.98 -0.93  5.06  4.35  5.21  0.58  0.43  2.16 -7.96 
utt>   364                      0365  238    0   116 13  1 3 4.653086e-12 -1.951172e+02 -4.643789e+04
INFO: cmn.c(183): CMN: 72.53  9.69 -5.00 -8.68 -3.55 -3.02  7.14 -0.46  5.76  2.03  6.80 -2.41 -3.55 
utt>   365                      0366  280    0   112 15  2 3 3.894695e-12 -1.937554e+02 -5.425150e+04
INFO: cmn.c(183): CMN: 75.47  6.50 -10.54 -4.04  0.86 -3.60 -0.73 -0.09 -2.24 -3.10 -0.88 -4.64 -2.71 
utt>   366                      0367  326    0    96 14  1 3 1.992793e-12 -1.958897e+02 -6.386004e+04
INFO: cmn.c(183): CMN: 80.33  5.30 -2.50 -6.82 -1.17 -4.66  1.93 -2.32 -1.81 -9.91 -0.64 -4.35 -11.52 
utt>   367                      0368  213    0    76 10  1 3 2.690854e-12 -1.921033e+02 -4.091801e+04
INFO: cmn.c(183): CMN: 77.27 10.12 -3.25 -8.57  0.65 -6.64  4.77 -2.46 -4.76 -4.00  0.97 -2.55 -7.71 
utt>   368                      0369  246    0   100 11  2 3 2.966548e-12 -1.970840e+02 -4.848266e+04
INFO: cmn.c(183): CMN: 81.33  3.33 -23.57 -2.85 -1.40 -9.41  0.17 -4.33 -1.26 -7.12  2.14 -8.27 -5.02 
utt>   369                      0370  259    0    92 12  2 3 2.611952e-12 -1.952836e+02 -5.057846e+04
INFO: cmn.c(183): CMN: 79.11  5.73 -9.43 -13.00  0.14 -9.50  1.26 -9.33 -3.47 -4.70 -7.94  0.65 -7.91 
utt>   370                      0371  248    0    92 13  2 3 2.433840e-12 -1.960608e+02 -4.862307e+04
INFO: cmn.c(183): CMN: 77.90  9.61 -7.44 -12.01  2.83 -8.04  3.50 -9.10 -5.42 -6.57 -6.21 -2.50 -14.10 
utt>   371                      0372  219    0    80 12  2 3 3.075642e-12 -1.946266e+02 -4.262322e+04
INFO: cmn.c(183): CMN: 76.84 15.21 -4.24 -15.03  1.62 -19.21  1.40 -3.03 -2.26 -9.66 -5.40 -4.03 -8.89 
utt>   372                      0373  198    0   100 13  2 4 3.623680e-12 -1.966821e+02 -3.894306e+04
INFO: cmn.c(183): CMN: 73.72 16.85  2.12 -12.91  4.90 -13.40 -0.09 -2.96 -2.48 -6.19 -4.93 -4.75 -8.80 
utt>   373                      0374  261    0   104 15  2 3 2.794897e-12 -2.000566e+02 -5.221477e+04
INFO: cmn.c(183): CMN: 76.14 15.70 -7.38 -13.51 -1.67 -5.92  1.04 -4.30 -1.39 -6.98 -4.50 -2.52 -4.88 
utt>   374                      0375  190    0    76 12  2 4 3.957249e-12 -1.957393e+02 -3.719048e+04
INFO: cmn.c(183): CMN: 78.30 17.00 -9.04 -8.25 -3.34 -7.95 -2.73 -2.37  0.02 -7.99 -0.65 -8.48  1.31 
utt>   375                      0376  194    0    92 12  2 4 3.455326e-12 -1.981088e+02 -3.843310e+04
INFO: cmn.c(183): CMN: 76.70 14.04 -1.11 -5.07 -3.93 -8.65 -0.33 -1.38 -9.72 -4.02 -9.29 -7.78 -6.12 
utt>   376                      0377  186    0    92 12  2 4 2.585808e-12 -2.022679e+02 -3.762184e+04
INFO: cmn.c(183): CMN: 77.24  7.45 -3.14 -10.28 -4.12 -4.85  1.75  1.43 -0.02  3.54 -6.22  2.08 -12.49 
utt>   377                      0378  294    0   156 13  1 3 2.811528e-12 -1.981920e+02 -5.826845e+04
INFO: cmn.c(183): CMN: 76.86  6.96 -1.02 -8.03 -0.50 -8.20  4.14 -0.61 -0.02  2.02 -6.80  3.94 -10.26 
utt>   378                      0379  331    0   156 12  1 3 2.370124e-12 -1.976308e+02 -6.541580e+04
INFO: cmn.c(183): CMN: 78.39  3.25 -13.19 -6.23 -0.26 -3.61  1.62 -1.78  0.51  1.32 -10.33  1.70 -11.56 
utt>   379                      0380  182    0    80 15  2 3 4.518811e-12 -2.016474e+02 -3.669984e+04
INFO: cmn.c(183): CMN: 79.23 10.32 -16.38 -4.29 -2.18 -6.62  6.34 -9.98  2.93  2.43 -1.39 -8.27  3.15 
utt>   380                      0381  244    0   108 12  2 3 3.686361e-12 -1.968830e+02 -4.803945e+04
INFO: cmn.c(183): CMN: 78.02 13.08 -18.35 -0.66  0.87 -6.49  7.78 -9.93  7.12  3.13  0.52 -8.93  1.73 
utt>   381                      0382  227    0   108 11  1 3 2.662008e-12 -1.952818e+02 -4.432896e+04
INFO: cmn.c(183): CMN: 76.24 18.01 -14.85 -8.47  1.13 -7.42  6.41 -5.57 -3.68  0.20  1.75 -8.38  0.19 
utt>   382                      0383  240    0   112 13  2 4 3.594318e-12 -2.001367e+02 -4.803281e+04
INFO: cmn.c(183): CMN: 75.05  7.57 -27.02 -5.54  5.31 -4.97  4.81 -7.54  4.09  6.98 -3.07 -14.91 -6.27 
utt>   383                      0384  298    0   116 16  1 3 2.655531e-12 -1.989094e+02 -5.927501e+04
INFO: cmn.c(183): CMN: 74.31  7.83 -14.00  1.35  0.26 -10.68  7.35 -10.99 -0.86  2.66  1.18 -10.72 -4.24 
utt>   384                      0385  584    0   124 15  1 3 2.171476e-12 -1.970140e+02 -1.150562e+05
INFO: cmn.c(183): CMN: 78.18  4.63  4.21  6.10 -4.92 -2.22  2.92 -4.67 -9.85  4.57 -8.52 -8.88 -4.42 
utt>   385                      0386  244    0   104 11  1 3 3.778362e-12 -1.982393e+02 -4.837038e+04
INFO: cmn.c(183): CMN: 78.06  6.54 -3.84 -2.27 -5.93 -2.88  4.88 -3.26 -6.39 10.62 -1.32 -1.65  0.39 
utt>   386                      0387  244    0    96 12  2 3 1.881932e-12 -1.973637e+02 -4.815675e+04
INFO: cmn.c(183): CMN: 75.42  7.21 -24.41 -2.84  8.41 -3.46  4.28 -0.62 -4.72 11.38 -2.72 -12.22 -1.44 
utt>   387                      0388  344    0   108 14  1 3 3.056721e-12 -1.957714e+02 -6.734538e+04
INFO: cmn.c(183): CMN: 78.89  6.95 -9.25  0.86 -2.41 -0.69  1.72  2.37 -4.48 12.11 -4.86 -10.66 -4.51 
utt>   388                      0389  190    0    84 13  2 4 2.498712e-12 -1.985434e+02 -3.772325e+04
INFO: cmn.c(183): CMN: 75.62  7.19 -16.44 -1.52 -3.06 -5.56  4.20 -1.38 -5.98  5.78 -0.41 -8.16 -1.01 
utt>   389                      0390  447    0   136 15  1 2 2.410579e-12 -1.980513e+02 -8.852892e+04
INFO: cmn.c(183): CMN: 76.84  4.45 -12.40  0.08 -7.53 -4.14  0.98  1.02 -0.87  2.68 -3.34 -6.25  3.55 
utt>   390                      0391  364    0   136 12  1 3 3.277010e-12 -1.971152e+02 -7.174995e+04
INFO: cmn.c(183): CMN: 78.31  8.66 -17.30 -0.97 -7.40 -1.87  2.93 -2.72  0.11  5.63 -2.68 -7.48  3.25 
utt>   391                      0392  298    0   132 11  2 3 2.553895e-12 -1.963417e+02 -5.850982e+04
INFO: cmn.c(183): CMN: 79.81  5.70 -16.83 -1.49 -5.02 -1.56  6.52 -0.53  3.79  4.90 -2.09 -11.55 -1.91 
utt>   392                      0393  223    0    88 12  1 3 2.350972e-12 -1.976301e+02 -4.407151e+04
INFO: cmn.c(183): CMN: 78.23  7.76 -18.11 -1.02 -10.09 -1.88  7.33 -2.83  2.15  0.91 -4.19 -9.90 -3.10 
utt>   393                      0394  348    0   132 11  1 3 2.754848e-12 -1.963339e+02 -6.832420e+04
INFO: cmn.c(183): CMN: 76.14 10.88 -14.02  2.26 -8.61 -8.38  4.26  2.58  2.14  1.68 -0.25 -4.85 -0.52 
utt>   394                      0395  348    0   132 13  2 3 2.921843e-12 -1.991220e+02 -6.929447e+04
INFO: cmn.c(183): CMN: 80.21  7.43 -15.46 -2.98 -4.62 -8.65  3.44 -9.78 -2.90 -0.54 -10.87 -13.70 -9.19 
utt>   395                      0396  286    0   112 11  1 3 2.493788e-12 -1.955809e+02 -5.593615e+04
INFO: cmn.c(183): CMN: 80.64  0.50 -14.85  4.04 -4.87 -2.14  5.68 -8.22 -2.88  5.74 -5.06 -9.24 -7.11 
utt>   396                      0397  227    0    92 11  2 4 3.455421e-12 -1.948362e+02 -4.422782e+04
INFO: cmn.c(183): CMN: 75.51 18.21 -9.18 -5.37 -5.23 -4.00  5.98 -2.39 -2.59  0.27 -4.28 -6.82 -6.06 
utt>   397                      0398  269    0   104 12  2 3 3.388158e-12 -1.939485e+02 -5.217215e+04
INFO: cmn.c(183): CMN: 81.28  3.47 -19.80  3.81 -5.36 -7.30  8.48 -3.38 -1.52 10.85 -2.93 -7.05 -3.68 
utt>   398                      0399  178    0    76 13  1 3 4.732462e-12 -1.966819e+02 -3.500938e+04
INFO: cmn.c(183): CMN: 81.32  3.81 -18.33 -2.94 -2.16  0.03  7.25 -1.49  3.50  7.44 -1.50 -1.51 -0.94 
utt>   399                      0400  182    0    84 11  1 2 2.479772e-12 -1.958175e+02 -3.563878e+04
overall> stats 109988 (-0) -1.956696e+02 -2.152131e+07

INFO: s3mixw_io.c(233): Wrote /home/nguyenchanh/Documents/beta/bwaccumdir/beta_buff_1/mixw_counts [171x4x64 array]
INFO: s3tmat_io.c(176): Wrote /home/nguyenchanh/Documents/beta/bwaccumdir/beta_buff_1/tmat_counts [57x3x4 array]
INFO: s3gau_io.c(485): Wrote /home/nguyenchanh/Documents/beta/bwaccumdir/beta_buff_1/gauden_counts with means with vars (2pass) [57x4x64 vector arrays]
INFO: main.c(999): Counts saved to /home/nguyenchanh/Documents/beta/bwaccumdir/beta_buff_1
Sat Sep 10 17:57:23 2016
