Current configuration:
[NAME]		[DEFLT]	[VALUE]
-example	no	no
-help		no	no
-mixwfn			/home/nguyenchanh/Git_Hub/beta_1.1/beta/model_parameters/beta.ci_ptm_flatinitial/mixture_weights
-moddeffn		/home/nguyenchanh/Git_Hub/beta_1.1/beta/model_architecture/beta.ci.mdef
-ndensity	256	64
-nstream	4	4
-tmatfn			/home/nguyenchanh/Git_Hub/beta_1.1/beta/model_parameters/beta.ci_ptm_flatinitial/transition_matrices
-topo			/home/nguyenchanh/Git_Hub/beta_1.1/beta/model_architecture/beta.topology

INFO: model_def_io.c(573): Model definition info:
INFO: model_def_io.c(574): 57 total models defined (57 base, 0 tri)
INFO: model_def_io.c(575): 228 total states
INFO: model_def_io.c(576): 171 total tied states
INFO: model_def_io.c(577): 171 total tied CI states
INFO: model_def_io.c(578): 57 total tied transition matrices
INFO: model_def_io.c(579): 4 max state/model
INFO: model_def_io.c(580): 4 min state/model
INFO: s3tmat_io.c(176): Wrote /home/nguyenchanh/Git_Hub/beta_1.1/beta/model_parameters/beta.ci_ptm_flatinitial/transition_matrices [57x3x4 array]
INFO: s3mixw_io.c(233): Wrote /home/nguyenchanh/Git_Hub/beta_1.1/beta/model_parameters/beta.ci_ptm_flatinitial/mixture_weights [171x4x64 array]
main.c(83): Reading model definition file /home/nguyenchanh/Git_Hub/beta_1.1/beta/model_architecture/beta.ci.mdef
main.c(90): 57 models defined
Fri Oct  7 00:00:30 2016
