Current configuration:
[NAME]		[DEFLT]	[VALUE]
-dest_meanfn		/home/nguyenchanh/Git_Hub/beta_1.1/beta/model_parameters/beta.ci_ptm_flatinitial/means
-dest_mixwfn		/home/nguyenchanh/Git_Hub/beta_1.1/beta/model_parameters/beta.ci_ptm_flatinitial/mixture_weights
-dest_moddeffn		/home/nguyenchanh/Git_Hub/beta_1.1/beta/model_architecture/beta.ci.mdef
-dest_tmatfn		/home/nguyenchanh/Git_Hub/beta_1.1/beta/model_parameters/beta.ci_ptm_flatinitial/transition_matrices
-dest_ts2cbfn		.ptm.
-dest_varfn		/home/nguyenchanh/Git_Hub/beta_1.1/beta/model_parameters/beta.ci_ptm_flatinitial/variances
-example	no	no
-fullvar	no	no
-help		no	no
-src_meanfn		/home/nguyenchanh/Git_Hub/beta_1.1/beta/model_parameters/beta.ci_ptm_flatinitial/means
-src_mixwfn		/home/nguyenchanh/Git_Hub/beta_1.1/beta/model_parameters/beta.ci_ptm_flatinitial/mixture_weights
-src_moddeffn		/home/nguyenchanh/Git_Hub/beta_1.1/beta/model_architecture/beta.ci.mdef
-src_tmatfn		/home/nguyenchanh/Git_Hub/beta_1.1/beta/model_parameters/beta.ci_ptm_flatinitial/transition_matrices
-src_ts2cbfn		.semi.
-src_varfn		/home/nguyenchanh/Git_Hub/beta_1.1/beta/model_parameters/beta.ci_ptm_flatinitial/variances

INFO: main.c(261): Reading src /home/nguyenchanh/Git_Hub/beta_1.1/beta/model_architecture/beta.ci.mdef
INFO: model_def_io.c(573): Model definition info:
INFO: model_def_io.c(574): 57 total models defined (57 base, 0 tri)
INFO: model_def_io.c(575): 228 total states
INFO: model_def_io.c(576): 171 total tied states
INFO: model_def_io.c(577): 171 total tied CI states
INFO: model_def_io.c(578): 57 total tied transition matrices
INFO: model_def_io.c(579): 4 max state/model
INFO: model_def_io.c(580): 4 min state/model
INFO: main.c(272): Generating semi-continous ts2cb mapping
INFO: main.c(299): Reading src /home/nguyenchanh/Git_Hub/beta_1.1/beta/model_parameters/beta.ci_ptm_flatinitial/mixture_weights
INFO: s3mixw_io.c(117): Read /home/nguyenchanh/Git_Hub/beta_1.1/beta/model_parameters/beta.ci_ptm_flatinitial/mixture_weights [171x4x64 array]
INFO: main.c(309): Reading src /home/nguyenchanh/Git_Hub/beta_1.1/beta/model_parameters/beta.ci_ptm_flatinitial/transition_matrices
INFO: s3tmat_io.c(118): Read /home/nguyenchanh/Git_Hub/beta_1.1/beta/model_parameters/beta.ci_ptm_flatinitial/transition_matrices [57x3x4 array]
INFO: main.c(318): Reading src /home/nguyenchanh/Git_Hub/beta_1.1/beta/model_parameters/beta.ci_ptm_flatinitial/means
INFO: s3gau_io.c(169): Read /home/nguyenchanh/Git_Hub/beta_1.1/beta/model_parameters/beta.ci_ptm_flatinitial/means [1x4x64 array]
INFO: main.c(342): Reading src /home/nguyenchanh/Git_Hub/beta_1.1/beta/model_parameters/beta.ci_ptm_flatinitial/variances
INFO: s3gau_io.c(169): Read /home/nguyenchanh/Git_Hub/beta_1.1/beta/model_parameters/beta.ci_ptm_flatinitial/variances [1x4x64 array]
INFO: main.c(391): Reading dest /home/nguyenchanh/Git_Hub/beta_1.1/beta/model_architecture/beta.ci.mdef
INFO: model_def_io.c(573): Model definition info:
INFO: model_def_io.c(574): 57 total models defined (57 base, 0 tri)
INFO: model_def_io.c(575): 228 total states
INFO: model_def_io.c(576): 171 total tied states
INFO: model_def_io.c(577): 171 total tied CI states
INFO: model_def_io.c(578): 57 total tied transition matrices
INFO: model_def_io.c(579): 4 max state/model
INFO: model_def_io.c(580): 4 min state/model
INFO: main.c(413): Generating phonetically tied ts2cb mapping
INFO: main.c(431): Calculating initial model parameters
INFO: main.c(439): Alloc 57x3x4 dest tmat
INFO: main.c(450): Alloc 171x4x64 dest mixw
INFO: main.c(463): Alloc 57x4x64 dest mean and var
       SIL <- SIL       : [tm     0 +=     0]
[mx     0(0) +=     0] [mg     0(0) <-     0] [mx     1(1) +=     1] [mx     2(2) +=     2] 
         a <- a         : [tm     1 +=     1]
[mx     3(0) +=     3] [mg     1(0) <-     0] [mx     4(1) +=     4] [mx     5(2) +=     5] 
        aa <- aa        : [tm     2 +=     2]
[mx     6(0) +=     6] [mg     2(0) <-     0] [mx     7(1) +=     7] [mx     8(2) +=     8] 
       aaf <- aaf       : [tm     3 +=     3]
[mx     9(0) +=     9] [mg     3(0) <-     0] [mx    10(1) +=    10] [mx    11(2) +=    11] 
       aaj <- aaj       : [tm     4 +=     4]
[mx    12(0) +=    12] [mg     4(0) <-     0] [mx    13(1) +=    13] [mx    14(2) +=    14] 
       aas <- aas       : [tm     5 +=     5]
[mx    15(0) +=    15] [mg     5(0) <-     0] [mx    16(1) +=    16] [mx    17(2) +=    17] 
        af <- af        : [tm     6 +=     6]
[mx    18(0) +=    18] [mg     6(0) <-     0] [mx    19(1) +=    19] [mx    20(2) +=    20] 
        ai <- ai        : [tm     7 +=     7]
[mx    21(0) +=    21] [mg     7(0) <-     0] [mx    22(1) +=    22] [mx    23(2) +=    23] 
        aj <- aj        : [tm     8 +=     8]
[mx    24(0) +=    24] [mg     8(0) <-     0] [mx    25(1) +=    25] [mx    26(2) +=    26] 
        ar <- ar        : [tm     9 +=     9]
[mx    27(0) +=    27] [mg     9(0) <-     0] [mx    28(1) +=    28] [mx    29(2) +=    29] 
        as <- as        : [tm    10 +=    10]
[mx    30(0) +=    30] [mg    10(0) <-     0] [mx    31(1) +=    31] [mx    32(2) +=    32] 
        aw <- aw        : [tm    11 +=    11]
[mx    33(0) +=    33] [mg    11(0) <-     0] [mx    34(1) +=    34] [mx    35(2) +=    35] 
       awm <- awm       : [tm    12 +=    12]
[mx    36(0) +=    36] [mg    12(0) <-     0] [mx    37(1) +=    37] [mx    38(2) +=    38] 
       aws <- aws       : [tm    13 +=    13]
[mx    39(0) +=    39] [mg    13(0) <-     0] [mx    40(1) +=    40] [mx    41(2) +=    41] 
         b <- b         : [tm    14 +=    14]
[mx    42(0) +=    42] [mg    14(0) <-     0] [mx    43(1) +=    43] [mx    44(2) +=    44] 
         c <- c         : [tm    15 +=    15]
[mx    45(0) +=    45] [mg    15(0) <-     0] [mx    46(1) +=    46] [mx    47(2) +=    47] 
        ch <- ch        : [tm    16 +=    16]
[mx    48(0) +=    48] [mg    16(0) <-     0] [mx    49(1) +=    49] [mx    50(2) +=    50] 
        dd <- dd        : [tm    17 +=    17]
[mx    51(0) +=    51] [mg    17(0) <-     0] [mx    52(1) +=    52] [mx    53(2) +=    53] 
       eef <- eef       : [tm    18 +=    18]
[mx    54(0) +=    54] [mg    18(0) <-     0] [mx    55(1) +=    55] [mx    56(2) +=    56] 
       eej <- eej       : [tm    19 +=    19]
[mx    57(0) +=    57] [mg    19(0) <-     0] [mx    58(1) +=    58] [mx    59(2) +=    59] 
       eer <- eer       : [tm    20 +=    20]
[mx    60(0) +=    60] [mg    20(0) <-     0] [mx    61(1) +=    61] [mx    62(2) +=    62] 
       ees <- ees       : [tm    21 +=    21]
[mx    63(0) +=    63] [mg    21(0) <-     0] [mx    64(1) +=    64] [mx    65(2) +=    65] 
        ef <- ef        : [tm    22 +=    22]
[mx    66(0) +=    66] [mg    22(0) <-     0] [mx    67(1) +=    67] [mx    68(2) +=    68] 
        er <- er        : [tm    23 +=    23]
[mx    69(0) +=    69] [mg    23(0) <-     0] [mx    70(1) +=    70] [mx    71(2) +=    71] 
        gi <- gi        : [tm    24 +=    24]
[mx    72(0) +=    72] [mg    24(0) <-     0] [mx    73(1) +=    73] [mx    74(2) +=    74] 
         h <- h         : [tm    25 +=    25]
[mx    75(0) +=    75] [mg    25(0) <-     0] [mx    76(1) +=    76] [mx    77(2) +=    77] 
         i <- i         : [tm    26 +=    26]
[mx    78(0) +=    78] [mg    26(0) <-     0] [mx    79(1) +=    79] [mx    80(2) +=    80] 
       ifn <- ifn       : [tm    27 +=    27]
[mx    81(0) +=    81] [mg    27(0) <-     0] [mx    82(1) +=    82] [mx    83(2) +=    83] 
        ij <- ij        : [tm    28 +=    28]
[mx    84(0) +=    84] [mg    28(0) <-     0] [mx    85(1) +=    85] [mx    86(2) +=    86] 
        is <- is        : [tm    29 +=    29]
[mx    87(0) +=    87] [mg    29(0) <-     0] [mx    88(1) +=    88] [mx    89(2) +=    89] 
         k <- k         : [tm    30 +=    30]
[mx    90(0) +=    90] [mg    30(0) <-     0] [mx    91(1) +=    91] [mx    92(2) +=    92] 
        kh <- kh        : [tm    31 +=    31]
[mx    93(0) +=    93] [mg    31(0) <-     0] [mx    94(1) +=    94] [mx    95(2) +=    95] 
         l <- l         : [tm    32 +=    32]
[mx    96(0) +=    96] [mg    32(0) <-     0] [mx    97(1) +=    97] [mx    98(2) +=    98] 
         m <- m         : [tm    33 +=    33]
[mx    99(0) +=    99] [mg    33(0) <-     0] [mx   100(1) +=   100] [mx   101(2) +=   101] 
         n <- n         : [tm    34 +=    34]
[mx   102(0) +=   102] [mg    34(0) <-     0] [mx   103(1) +=   103] [mx   104(2) +=   104] 
        ng <- ng        : [tm    35 +=    35]
[mx   105(0) +=   105] [mg    35(0) <-     0] [mx   106(1) +=   106] [mx   107(2) +=   107] 
       ngh <- ngh       : [tm    36 +=    36]
[mx   108(0) +=   108] [mg    36(0) <-     0] [mx   109(1) +=   109] [mx   110(2) +=   110] 
         o <- o         : [tm    37 +=    37]
[mx   111(0) +=   111] [mg    37(0) <-     0] [mx   112(1) +=   112] [mx   113(2) +=   113] 
        of <- of        : [tm    38 +=    38]
[mx   114(0) +=   114] [mg    38(0) <-     0] [mx   115(1) +=   115] [mx   116(2) +=   116] 
        oo <- oo        : [tm    39 +=    39]
[mx   117(0) +=   117] [mg    39(0) <-     0] [mx   118(1) +=   118] [mx   119(2) +=   119] 
       ooj <- ooj       : [tm    40 +=    40]
[mx   120(0) +=   120] [mg    40(0) <-     0] [mx   121(1) +=   121] [mx   122(2) +=   122] 
       oos <- oos       : [tm    41 +=    41]
[mx   123(0) +=   123] [mg    41(0) <-     0] [mx   124(1) +=   124] [mx   125(2) +=   125] 
        ow <- ow        : [tm    42 +=    42]
[mx   126(0) +=   126] [mg    42(0) <-     0] [mx   127(1) +=   127] [mx   128(2) +=   128] 
       owf <- owf       : [tm    43 +=    43]
[mx   129(0) +=   129] [mg    43(0) <-     0] [mx   130(1) +=   130] [mx   131(2) +=   131] 
       owr <- owr       : [tm    44 +=    44]
[mx   132(0) +=   132] [mg    44(0) <-     0] [mx   133(1) +=   133] [mx   134(2) +=   134] 
         p <- p         : [tm    45 +=    45]
[mx   135(0) +=   135] [mg    45(0) <-     0] [mx   136(1) +=   136] [mx   137(2) +=   137] 
        ph <- ph        : [tm    46 +=    46]
[mx   138(0) +=   138] [mg    46(0) <-     0] [mx   139(1) +=   139] [mx   140(2) +=   140] 
        qu <- qu        : [tm    47 +=    47]
[mx   141(0) +=   141] [mg    47(0) <-     0] [mx   142(1) +=   142] [mx   143(2) +=   143] 
         s <- s         : [tm    48 +=    48]
[mx   144(0) +=   144] [mg    48(0) <-     0] [mx   145(1) +=   145] [mx   146(2) +=   146] 
         t <- t         : [tm    49 +=    49]
[mx   147(0) +=   147] [mg    49(0) <-     0] [mx   148(1) +=   148] [mx   149(2) +=   149] 
        th <- th        : [tm    50 +=    50]
[mx   150(0) +=   150] [mg    50(0) <-     0] [mx   151(1) +=   151] [mx   152(2) +=   152] 
        tr <- tr        : [tm    51 +=    51]
[mx   153(0) +=   153] [mg    51(0) <-     0] [mx   154(1) +=   154] [mx   155(2) +=   155] 
         u <- u         : [tm    52 +=    52]
[mx   156(0) +=   156] [mg    52(0) <-     0] [mx   157(1) +=   157] [mx   158(2) +=   158] 
        ur <- ur        : [tm    53 +=    53]
[mx   159(0) +=   159] [mg    53(0) <-     0] [mx   160(1) +=   160] [mx   161(2) +=   161] 
        uw <- uw        : [tm    54 +=    54]
[mx   162(0) +=   162] [mg    54(0) <-     0] [mx   163(1) +=   163] [mx   164(2) +=   164] 
         v <- v         : [tm    55 +=    55]
[mx   165(0) +=   165] [mg    55(0) <-     0] [mx   166(1) +=   166] [mx   167(2) +=   167] 
         y <- y         : INFO: main.c(529): Writing dest /home/nguyenchanh/Git_Hub/beta_1.1/beta/model_parameters/beta.ci_ptm_flatinitial/transition_matrices
INFO: s3tmat_io.c(176): Wrote /home/nguyenchanh/Git_Hub/beta_1.1/beta/model_parameters/beta.ci_ptm_flatinitial/transition_matrices [57x3x4 array]
INFO: main.c(540): Writing dest /home/nguyenchanh/Git_Hub/beta_1.1/beta/model_parameters/beta.ci_ptm_flatinitial/mixture_weights
INFO: s3mixw_io.c(233): Wrote /home/nguyenchanh/Git_Hub/beta_1.1/beta/model_parameters/beta.ci_ptm_flatinitial/mixture_weights [171x4x64 array]
INFO: main.c(549): Writing dest /home/nguyenchanh/Git_Hub/beta_1.1/beta/model_parameters/beta.ci_ptm_flatinitial/means
INFO: s3gau_io.c(228): Wrote /home/nguyenchanh/Git_Hub/beta_1.1/beta/model_parameters/beta.ci_ptm_flatinitial/means [57x4x64 array]
INFO: main.c(561): Writing dest /home/nguyenchanh/Git_Hub/beta_1.1/beta/model_parameters/beta.ci_ptm_flatinitial/variances
INFO: s3gau_io.c(228): Wrote /home/nguyenchanh/Git_Hub/beta_1.1/beta/model_parameters/beta.ci_ptm_flatinitial/variances [57x4x64 array]
[tm    56 +=    56]
[mx   168(0) +=   168] [mg    56(0) <-     0] [mx   169(1) +=   169] [mx   170(2) +=   170] 
Fri Oct  7 00:00:30 2016
