Current configuration:
[NAME]		[DEFLT]		[VALUE]
-agc		none		none
-agcthresh	2.0		2.000000e+00
-cbcntfn			
-cepdir				
-cepext		mfc		mfc
-ceplen		13		13
-cmn		current		current
-cmninit	8.0		8.0
-ctlfn				
-dictfn				
-dmoddeffn			
-example	no		no
-fdictfn			
-feat		1s_c_d_dd	s2_4x
-featsel			0
-fpcachesz	3000		3000
-fullvar	no		no
-gthobj		state		single
-help		no		no
-lda				
-ldadim		0		0
-lsnfn				
-maxcbobs			0
-maxiter	100		100
-maxtotobs			0
-meanfn				/home/nguyenchanh/Git_Hub/beta_1.1/beta/model_parameters/beta.ci_ptm_flatinitial/means
-method		rkm		rkm
-minratio	0.01		1.000000e-03
-mixwfn				
-ndensity			64
-niter		20		20
-ntrial		5		1
-obscachesz	92		92
-omoddeffn			
-reest		yes		no
-runlen				0
-segdir				
-segdmpdirs			/home/nguyenchanh/Git_Hub/beta_1.1/beta/bwaccumdir/beta_buff_1,
-segdmpfn			/home/nguyenchanh/Git_Hub/beta_1.1/beta/bwaccumdir/beta_buff_1/beta.dmp
-segext		v8_seg		v8_seg
-segidxfn			
-stride		32		1
-svspec				
-ts2cbfn			
-tscnt				0
-tsoff		0		0
-tsrngfn			
-varfn				/home/nguyenchanh/Git_Hub/beta_1.1/beta/model_parameters/beta.ci_ptm_flatinitial/variances
-varnorm	no		no
-vartiethr	0		0

INFO: feat.c(715): Initializing feature stream to type: 's2_4x', ceplen=13, CMN='current', VARNORM='no', AGC='none'
INFO: cmn.c(143): mean[0]= 12.00, mean[1..12]= 0.0
INFO: main.c(520): No mdef files.  Assuming 1-class init
INFO: main.c(1345): 1-class dump file
INFO: main.c(1385): Corpus 0: sz==1326921 frames
INFO: main.c(1392): Convergence ratios are abs(cur - prior) / abs(prior)
INFO: main.c(237): alloc'ing 60Mb obs buf
INFO: main.c(577): Initializing means using random k-means
INFO: main.c(580): Trial 0: 64 means
INFO: kmeans.c(155): km iter [0] 1.000000e+00 ...
INFO: kmeans.c(155): km iter [1] 1.563271e-01 ...
INFO: kmeans.c(155): km iter [2] 3.788287e-02 ...
INFO: kmeans.c(155): km iter [3] 1.584808e-02 ...
INFO: kmeans.c(155): km iter [4] 9.364096e-03 ...
INFO: kmeans.c(155): km iter [5] 6.598630e-03 ...
INFO: kmeans.c(155): km iter [6] 4.892807e-03 ...
INFO: kmeans.c(155): km iter [7] 3.662966e-03 ...
INFO: kmeans.c(155): km iter [8] 2.844940e-03 ...
INFO: kmeans.c(155): km iter [9] 2.284184e-03 ...
INFO: kmeans.c(155): km iter [10] 1.864144e-03 ...
INFO: kmeans.c(155): km iter [11] 1.558805e-03 ...
INFO: kmeans.c(155): km iter [12] 1.316999e-03 ...
INFO: kmeans.c(155): km iter [13] 1.151855e-03 ...
INFO: kmeans.c(155): km iter [14] 1.057146e-03 ...
INFO: kmeans.c(168): kmtrineq n_iter 15 sqerr 1.384619e+09 conv_ratio 9.947263e-04
INFO: main.c(622): 	best-so-far sqerr = 1.384619e+09
INFO: main.c(237): alloc'ing 121Mb obs buf
INFO: main.c(577): Initializing means using random k-means
INFO: main.c(580): Trial 0: 64 means
INFO: kmeans.c(155): km iter [0] 1.000000e+00 ...
INFO: kmeans.c(155): km iter [1] 1.790340e-01 ...
INFO: kmeans.c(155): km iter [2] 2.878603e-02 ...
INFO: kmeans.c(155): km iter [3] 1.163729e-02 ...
INFO: kmeans.c(155): km iter [4] 6.709029e-03 ...
INFO: kmeans.c(155): km iter [5] 4.660717e-03 ...
INFO: kmeans.c(155): km iter [6] 3.555973e-03 ...
INFO: kmeans.c(155): km iter [7] 2.720855e-03 ...
INFO: kmeans.c(155): km iter [8] 1.985077e-03 ...
INFO: kmeans.c(155): km iter [9] 1.433650e-03 ...
INFO: kmeans.c(155): km iter [10] 1.084774e-03 ...
INFO: kmeans.c(168): kmtrineq n_iter 11 sqerr 4.763010e+09 conv_ratio 8.562168e-04
INFO: main.c(622): 	best-so-far sqerr = 4.763010e+09
INFO: main.c(237): alloc'ing 15Mb obs buf
INFO: main.c(577): Initializing means using random k-means
INFO: main.c(580): Trial 0: 64 means
INFO: kmeans.c(155): km iter [0] 1.000000e+00 ...
INFO: kmeans.c(155): km iter [1] 1.817432e-01 ...
INFO: kmeans.c(155): km iter [2] 5.145381e-02 ...
INFO: kmeans.c(155): km iter [3] 2.660818e-02 ...
INFO: kmeans.c(155): km iter [4] 1.614467e-02 ...
INFO: kmeans.c(155): km iter [5] 1.155183e-02 ...
INFO: kmeans.c(155): km iter [6] 9.014367e-03 ...
INFO: kmeans.c(155): km iter [7] 7.356890e-03 ...
INFO: kmeans.c(155): km iter [8] 6.035375e-03 ...
INFO: kmeans.c(155): km iter [9] 5.102457e-03 ...
INFO: kmeans.c(155): km iter [10] 4.267946e-03 ...
INFO: kmeans.c(155): km iter [11] 3.659548e-03 ...
INFO: kmeans.c(155): km iter [12] 3.034193e-03 ...
INFO: kmeans.c(155): km iter [13] 2.622387e-03 ...
INFO: kmeans.c(155): km iter [14] 2.280415e-03 ...
INFO: kmeans.c(155): km iter [15] 2.055578e-03 ...
INFO: kmeans.c(155): km iter [16] 1.849266e-03 ...
INFO: kmeans.c(155): km iter [17] 1.676078e-03 ...
INFO: kmeans.c(155): km iter [18] 1.535218e-03 ...
INFO: kmeans.c(155): km iter [19] 1.459291e-03 ...
INFO: kmeans.c(155): km iter [20] 1.377553e-03 ...
INFO: kmeans.c(155): km iter [21] 1.340507e-03 ...
INFO: kmeans.c(155): km iter [22] 1.317723e-03 ...
INFO: kmeans.c(155): km iter [23] 1.270228e-03 ...
INFO: kmeans.c(155): km iter [24] 1.275213e-03 ...
INFO: kmeans.c(155): km iter [25] 1.237781e-03 ...
INFO: kmeans.c(155): km iter [26] 1.135764e-03 ...
INFO: kmeans.c(155): km iter [27] 1.068003e-03 ...
INFO: kmeans.c(168): kmtrineq n_iter 28 sqerr 2.242986e+07 conv_ratio 9.677713e-04
INFO: main.c(622): 	best-so-far sqerr = 2.242986e+07
INFO: main.c(237): alloc'ing 60Mb obs buf
INFO: main.c(577): Initializing means using random k-means
INFO: main.c(580): Trial 0: 64 means
INFO: kmeans.c(155): km iter [0] 1.000000e+00 ...
INFO: kmeans.c(155): km iter [1] 1.104450e-01 ...
INFO: kmeans.c(155): km iter [2] 2.992364e-02 ...
INFO: kmeans.c(155): km iter [3] 1.142426e-02 ...
INFO: kmeans.c(155): km iter [4] 5.711956e-03 ...
INFO: kmeans.c(155): km iter [5] 3.441655e-03 ...
INFO: kmeans.c(155): km iter [6] 2.350311e-03 ...
INFO: kmeans.c(155): km iter [7] 1.753315e-03 ...
INFO: kmeans.c(155): km iter [8] 1.385510e-03 ...
INFO: kmeans.c(155): km iter [9] 1.122389e-03 ...
INFO: kmeans.c(168): kmtrineq n_iter 10 sqerr 2.402045e+09 conv_ratio 9.285848e-04
INFO: main.c(622): 	best-so-far sqerr = 2.402045e+09
INFO: main.c(908): Initializing variances
INFO: main.c(237): alloc'ing 60Mb obs buf
INFO: main.c(237): alloc'ing 121Mb obs buf
INFO: main.c(237): alloc'ing 15Mb obs buf
INFO: main.c(237): alloc'ing 60Mb obs buf
INFO: main.c(1438): sqerr [0] == 8.572104e+09
INFO: main.c(1442): sqerr = 8.572104e+09 tot 9.258566e+04 rms
INFO: s3gau_io.c(228): Wrote /home/nguyenchanh/Git_Hub/beta_1.1/beta/model_parameters/beta.ci_ptm_flatinitial/means [1x4x64 array]
INFO: s3gau_io.c(228): Wrote /home/nguyenchanh/Git_Hub/beta_1.1/beta/model_parameters/beta.ci_ptm_flatinitial/variances [1x4x64 array]
INFO: main.c(1496): No mixing weight file given; none written
INFO: main.c(1628): TOTALS: km 0.001x 9.992e-01 var 0.000x 1.001e+00 em 0.000x 0.000e+00 all 0.001x 9.993e-01
Fri Oct  7 00:00:29 2016
