Current configuration:
[NAME]		[DEFLT]		[VALUE]
-agc		none		none
-agcthresh	2.0		2.000000e+00
-cachesz	200		200
-cb2mllrfn	.1cls.		.1cls.
-cepdir				/home/nguyenchanh/Documents/beta/feat
-cepext		mfc		mfc
-ceplen		13		13
-cmn		current		current
-cmninit	8.0		8.0
-cntfn				
-ctlfn				/home/nguyenchanh/Documents/beta/etc/beta_train.fileids
-dictfn				
-example	no		no
-fdictfn			
-feat		1s_c_d_dd	s2_4x
-help		no		no
-lda				
-ldadim		0		0
-lsnfn				
-mllrctlfn			
-mllrdir			
-moddeffn			
-npart				0
-nskip		0		0
-part				0
-runlen		-1		-1
-segdir				
-segdmpdirs			/home/nguyenchanh/Documents/beta/bwaccumdir/beta_buff_1,
-segdmpfn			/home/nguyenchanh/Documents/beta/bwaccumdir/beta_buff_1/beta.dmp
-segext		v8_seg		v8_seg
-segidxfn			
-segtype	st		all
-sentdir			
-sentext			
-stride		1		1
-svspec				
-ts2cbfn			
-varnorm	no		no

INFO: main.c(169): No lexical transcripts provided
INFO: feat.c(715): Initializing feature stream to type: 's2_4x', ceplen=13, CMN='current', VARNORM='no', AGC='none'
INFO: cmn.c(143): mean[0]= 12.00, mean[1..12]= 0.0
INFO: corpus.c(1062): Will process all remaining utts starting at 0
INFO: main.c(288): Will produce feature dump
INFO: main.c(427): Writing frames to one file
INFO: agg_all_seg.c(129): [0]
INFO: cmn.c(183): CMN: 77.56  9.05 -8.54 -34.17 -0.72 -18.41 -2.36  9.30  1.45 -12.38 -17.70  4.51 -7.84 
INFO: cmn.c(183): CMN: 75.72 -0.65 -10.80 -19.52  1.64 -14.28  0.75  4.06  2.89  3.69 -17.44  5.10 -3.56 
INFO: cmn.c(183): CMN: 74.34 -4.53 -8.95 -10.84 -2.89 -11.69  3.39  6.58  0.90  5.44 -15.65  8.50  1.47 
INFO: cmn.c(183): CMN: 72.22  3.86  0.70 -18.21 -7.65 -9.63  4.32  6.02  9.26  6.86 -12.83 11.29 -1.29 
INFO: cmn.c(183): CMN: 67.78  7.07  0.10 -14.66 -4.12 -11.34 -4.68  7.25  1.76 -4.73 -18.00  1.18 -4.95 
INFO: cmn.c(183): CMN: 74.36  5.97 -10.09 -19.07 -13.14 -1.53 15.09 -4.75 -8.40  0.94  1.09  0.74 -16.33 
INFO: cmn.c(183): CMN: 71.80  2.81 -4.99 -12.79 -15.98  1.20 11.98 -1.60 -7.73  6.61  2.22  3.22 -14.10 
INFO: cmn.c(183): CMN: 74.26  0.79 -9.31 -7.55 -14.61  2.14 16.60 -8.50 -8.00  7.47  0.30  3.79 -8.64 
INFO: cmn.c(183): CMN: 69.78 13.94  1.56 -16.36 -2.23 -6.92 -1.00 -2.26 -7.86 -1.26 -6.39  1.09 -13.64 
INFO: cmn.c(183): CMN: 72.54  9.94 -2.92 -16.62 -8.85 -6.11  5.03 -3.54 -8.81 -2.17 -8.69  4.46 -10.03 
INFO: cmn.c(183): CMN: 78.18  7.46 -8.81 -16.29 -11.17 -7.75 -2.15 -2.28 -0.89 -1.47 -11.22 -1.20 -3.01 
INFO: cmn.c(183): CMN: 77.93  5.92 -9.17 -16.48 -10.40 -7.38  1.56 -1.59 -1.40 -2.49 -8.62 -1.49 -2.58 
INFO: cmn.c(183): CMN: 81.06 -0.02 -12.10 -14.00 -10.15 -7.89  3.27 -4.05 -6.65  8.21 -12.05  2.28 -2.53 
INFO: cmn.c(183): CMN: 78.46  5.11 -8.00 -13.77 -7.84 -9.38 -0.18 -3.56 -4.36  5.62 -10.67  2.24  2.20 
INFO: cmn.c(183): CMN: 76.74 -4.16 -4.10 -7.97 -7.93  1.31  5.66 -2.91 -4.13 12.66 -2.03  4.24 -1.37 
INFO: cmn.c(183): CMN: 71.92  4.55 -0.85 -15.80 -7.04  3.62  4.32 -0.82 -3.04  8.30 -9.36 -5.44 -17.25 
INFO: cmn.c(183): CMN: 77.76  2.91 -4.11 -8.24 -11.55  1.92  7.40 -1.07 -1.98 12.27 -0.87 16.18 14.28 
INFO: cmn.c(183): CMN: 78.09 -0.35 -1.60 -12.97 -8.30 -0.40  2.99 -4.74 -7.23  4.50 -8.37  8.10  0.81 
INFO: cmn.c(183): CMN: 77.68  3.08  0.50 -13.53 -6.39 -1.80 -0.50 -0.68 -7.28 11.13 -1.68 11.25  8.78 
INFO: cmn.c(183): CMN: 80.48 -2.10 -16.45 -10.09 -9.22  0.62  1.34 -9.16 -9.34  8.17 -11.10  5.42  5.55 
INFO: cmn.c(183): CMN: 78.34  2.35 -9.40 -2.35 -9.57 -0.70  5.11 -18.49 -9.11 -3.54 -8.90  0.51 -11.65 
INFO: cmn.c(183): CMN: 76.64  4.63 -10.05 -6.80 -4.29  2.06  4.53 -14.75 -8.58 -1.53 -2.08  1.72 -5.97 
INFO: cmn.c(183): CMN: 72.94 10.13 -7.92 -13.63  0.97 -7.39  1.83 -11.84 -8.67 -0.08 -4.91  1.18 -7.85 
INFO: cmn.c(183): CMN: 69.75 11.66  0.74 -5.77  4.33 -5.76 -1.43 -6.98 -3.47  3.28 -2.21  0.65 -2.52 
INFO: cmn.c(183): CMN: 77.70  7.85 -9.84 -10.85 -3.66 -2.57  2.85 -13.60 -8.44 -8.00 -7.19 -0.89 -7.84 
INFO: cmn.c(183): CMN: 111.35 -12.14 -5.64 -3.50 -2.87 -4.41 -3.78 -6.93 -4.89 -7.42 -6.59 -5.00 -1.56 
INFO: cmn.c(183): CMN: 77.33  7.12  5.29 -4.63 -9.41 -12.54  1.33 -2.97 -6.83 -0.30 -7.01  1.45  2.03 
INFO: cmn.c(183): CMN: 79.52 -0.04 -1.80 -6.78 -13.23 -4.36 11.53 -4.36 -2.45 12.50 -2.22  1.30 -0.22 
INFO: cmn.c(183): CMN: 77.27 -0.63  0.44 -6.00 -13.61 -8.26 11.47 -5.88 -6.21  9.03 -1.01  0.85  2.77 
INFO: cmn.c(183): CMN: 76.98  0.42 -5.42 -12.41 -10.46  1.76 11.89 -5.91  0.91 10.59 -0.59  5.11  5.88 
INFO: cmn.c(183): CMN: 79.98  0.60 -14.42 -4.22 -7.54 -0.53  0.66 -5.86  7.91 -1.30 -1.55 -5.58 10.39 
INFO: cmn.c(183): CMN: 79.16 -1.80 -7.81 -3.49 -11.91 -4.51 -2.86 -0.85 -0.46  4.63 -6.49 -3.65  4.86 
INFO: cmn.c(183): CMN: 77.41  6.89 -5.98 -10.60 -8.64 -2.95  4.27  3.04  5.07  4.11 -1.05  3.22 11.27 
INFO: cmn.c(183): CMN: 75.37 -0.81 -19.42 -14.16  3.82 -0.72  1.57  0.67  4.40  2.86 -2.43 -6.09  7.32 
INFO: cmn.c(183): CMN: 80.92 -2.00 -8.50  0.77 -12.20 -7.35  5.04  7.95  1.66  7.89  2.77  5.91  9.84 
INFO: cmn.c(183): CMN: 76.38  4.36  5.56 -14.59 -3.07 -9.90  2.31 -2.69 -6.51 10.83  0.99  3.92  5.23 
INFO: cmn.c(183): CMN: 78.85  3.70  0.27 -15.49 -5.32 -15.76  3.59 -4.59 -7.45  3.75 -3.84 -1.53  5.99 
INFO: cmn.c(183): CMN: 74.42  5.38 -19.12 -25.51 13.79 -0.27 -1.78 -4.60  0.31 -2.62 -0.68 -9.80  6.59 
INFO: cmn.c(183): CMN: 77.73  3.92 -5.24 -18.25  2.43 -3.45  0.29 -5.44  2.07  3.23  2.29 -2.87 11.21 
INFO: cmn.c(183): CMN: 78.12  2.22 -1.72 -16.10 -7.85 -9.34  0.58  6.38 -3.50  5.44 -3.30  2.85  8.28 
INFO: cmn.c(183): CMN: 79.21  3.42 -2.21 -22.11 -8.69 -4.15 -0.19  4.46 -8.32  8.60 -4.61  1.94  0.33 
INFO: cmn.c(183): CMN: 79.68  4.15 -8.62 -18.97 -6.19 -7.44  0.01 -0.72 -5.13  8.03 -7.63 -1.55  3.51 
INFO: cmn.c(183): CMN: 80.16  2.86 -2.21 -17.62 -10.25 -2.47  1.27  7.56 -12.89  5.99 -3.37  6.21 -1.72 
INFO: cmn.c(183): CMN: 77.82  7.22 -3.60 -18.03 -12.41 -4.61  1.56  7.29 -7.43  0.43 -7.28  2.49  0.03 
INFO: cmn.c(183): CMN: 76.68  8.63 -1.74 -18.74 -6.99 -6.61 -2.71  6.09  0.00  7.54 -3.36  9.05  7.19 
INFO: cmn.c(183): CMN: 79.37 10.60 -11.12 -26.90 -1.53 -12.75  7.27 -7.35 -2.23 -2.79 -7.91 -1.90 -2.20 
INFO: cmn.c(183): CMN: 78.32  3.52 -9.27 -19.11  0.67 -5.12 11.15 -14.17  5.66  6.63 -3.81 -2.03  3.32 
INFO: cmn.c(183): CMN: 74.69 14.92 -2.40 -26.96 -3.80 -9.25  4.05 -5.98  1.31 -2.32 -6.98 -1.01  4.22 
INFO: cmn.c(183): CMN: 78.27  3.60 -10.32 -18.36  2.21 -4.51  8.12 -2.18  2.11  8.56 -3.08  6.16  8.90 
INFO: cmn.c(183): CMN: 76.07  8.21 -7.73 -24.96  2.10 -1.01 -1.94 -10.39  0.88 -1.50 -4.28  3.07  2.95 
INFO: cmn.c(183): CMN: 69.97 12.67 -2.41 -13.65 -13.93  4.59 -7.14  4.89 11.67  0.80 -3.67 -1.33  2.40 
INFO: cmn.c(183): CMN: 68.84  7.18 -13.68 -8.85 -12.18  3.16 -3.67  4.46 12.65 -0.72 -6.45  0.27 -0.95 
INFO: cmn.c(183): CMN: 70.65  6.81 -17.31 -5.81 -10.94 -1.96 -5.15 14.73 16.05 -1.90 -5.31  2.80  0.11 
INFO: cmn.c(183): CMN: 68.65  5.90 -14.57 -3.00 -7.78 -4.71 -8.08  9.39 14.82 -3.00 -6.60  6.60 -0.29 
INFO: cmn.c(183): CMN: 67.05  7.82 -6.10 -9.45 -13.74  5.02 -5.34  6.92 11.31  1.02 -2.75  0.95 -0.36 
INFO: cmn.c(183): CMN: 66.00  9.40  1.46  5.44 -20.67 -3.13  4.47  4.20  5.37 -7.30  1.33  3.76 -0.63 
INFO: cmn.c(183): CMN: 67.04  7.72 -2.22  9.09 -20.18 -5.16  7.21  8.42  5.56 -6.63  1.67  2.00 -1.17 
INFO: cmn.c(183): CMN: 65.92  3.78 -7.98  7.98 -18.98 -5.03  7.94  1.69 12.59 -3.73  0.06  5.05 -4.04 
INFO: cmn.c(183): CMN: 63.80  7.91  5.48  1.05 -14.97  2.68  3.27  1.92  6.10 -1.61  1.95  0.75 -2.77 
INFO: cmn.c(183): CMN: 65.15  6.36 -1.17  7.02 -15.94 -3.90  7.34  5.45 10.14 -6.34  1.13  4.11 -1.50 
INFO: cmn.c(183): CMN: 111.27 -8.25 -2.02 -0.95  2.78 -2.34 -4.68 -3.65 -2.49 -2.57 -3.84 -1.37 -0.63 
INFO: cmn.c(183): CMN: 67.74  7.78 -2.30 10.15 -20.56 -5.60  7.36  9.14  6.12 -7.68  1.50  2.02 -1.82 
INFO: cmn.c(183): CMN: 66.56  4.52 -8.19  8.02 -20.31 -5.36  8.06  1.52 13.26 -4.20  0.23  5.55 -4.45 
INFO: cmn.c(183): CMN: 65.41  6.92 -1.01  7.17 -16.45 -4.05  7.40  5.38 10.19 -6.56  1.13  4.14 -1.45 
INFO: cmn.c(183): CMN: 62.47  0.62  1.04 11.11 -16.03 -6.01  7.95  4.80  4.84 -2.59  2.65  7.61 -2.37 
INFO: cmn.c(183): CMN: 65.26  4.00  4.26  9.48 -19.61 -7.21  5.06  3.93  0.84 -3.40  1.55  1.68 -4.31 
INFO: cmn.c(183): CMN: 67.26  5.64  3.46 12.02 -18.61  3.09  7.73  6.53 10.15 -4.99  1.09  1.46 -5.60 
INFO: cmn.c(183): CMN: 66.95  4.10  0.99 14.18 -21.23 -1.38 10.20  5.89  9.94 -1.52  2.25  3.91 -6.53 
INFO: cmn.c(183): CMN: 64.80  4.83  5.79  9.52 -17.31  3.24  8.38  5.35 10.19 -4.24  2.43  1.37 -2.57 
INFO: cmn.c(183): CMN: 63.57  3.76 -3.22  4.33 -16.93  0.42 13.47  4.06  9.41 -2.38  6.49  6.84 -3.36 
INFO: cmn.c(183): CMN: 66.95  8.09  3.73  6.76 -14.67  7.46  3.13  3.09 12.89 -6.21  4.00 -0.02 -1.41 
INFO: cmn.c(183): CMN: 65.87  6.90  4.15  7.32 -17.83  4.62 10.39  3.60  8.83 -1.34  4.87  2.00 -3.37 
INFO: cmn.c(183): CMN: 65.59  6.33 -2.68 -2.05 -17.57  5.95  6.47  4.97 11.71 -2.96  5.79  3.40 -2.09 
INFO: cmn.c(183): CMN: 60.71  5.45  6.71  0.22 -9.60  7.07  4.80  3.55  7.83 -2.43  1.15  1.24 -0.17 
INFO: cmn.c(183): CMN: 67.10  8.03  2.24  3.75 -17.40  6.07  9.33  3.09  9.33 -4.63  8.19  3.15 -1.06 
INFO: cmn.c(183): CMN: 69.68  7.44 -1.57 13.60 -15.32 -8.58  3.26 -0.76  8.89 -8.22  1.97 -0.80  0.87 
INFO: cmn.c(183): CMN: 64.34  7.38  4.36 12.76 -12.05 -6.87  6.19  3.49  8.25 -5.90 -2.10  0.86  0.78 
INFO: cmn.c(183): CMN: 66.97  2.90 -3.83 21.42 -18.64 -12.46  8.34  2.84 10.56 -8.48 -0.46  5.36 -3.86 
INFO: cmn.c(183): CMN: 67.63  3.74 -1.28 25.85 -11.42 -10.89  9.11  7.34 12.88 -8.11  1.54  8.34 -1.12 
INFO: cmn.c(183): CMN: 64.22  3.01 -6.27 12.96 -15.48 -8.90 13.87  9.68 10.71 -3.81  1.22  6.85 -0.74 
INFO: cmn.c(183): CMN: 63.80  1.39  8.93 13.83 -4.15 -4.49  5.28 11.74  6.48 -2.26  2.29 -2.18  5.80 
INFO: cmn.c(183): CMN: 63.46  2.96  5.28 15.53 -6.97 -7.54  6.81  9.28  9.07 -0.83  2.83 -3.93  6.11 
INFO: cmn.c(183): CMN: 61.17  5.96 -0.92 -3.00 -6.00 -3.70  2.62  6.12  5.03  3.86  7.43 -1.46  2.34 
INFO: cmn.c(183): CMN: 63.86  3.39 -3.38  8.47 -5.19 -13.75  3.79  8.58  3.99  4.03  2.45 -1.94  3.43 
INFO: cmn.c(183): CMN: 62.48  4.28 -3.66  6.19 -7.22 -12.29  4.44  8.34  3.88  2.70  0.17 -1.52  4.04 
INFO: cmn.c(183): CMN: 67.80  2.48  9.42 10.49 -6.92 -2.64  0.13 10.25 13.11 -9.12  5.42 -2.37 -0.06 
INFO: cmn.c(183): CMN: 68.17  3.86  8.25 15.29 -10.03 -3.34  0.73 11.61  6.20 -8.33 10.00 -5.15  1.59 
INFO: cmn.c(183): CMN: 63.44  6.86 -1.50 -5.26 -8.63  2.35 -2.47  7.55  8.94 -0.27 13.68 -1.72 -1.72 
INFO: cmn.c(183): CMN: 65.86  3.46  2.79  6.72 -5.78 -6.15  1.51  7.77  7.19 -1.82 10.44  0.62 -5.20 
INFO: cmn.c(183): CMN: 64.05  4.87 -2.72  4.78 -8.21 -8.03 -0.12  8.64  8.18 -2.41  5.25 -2.21 -2.17 
INFO: cmn.c(183): CMN: 69.26  6.69 -0.92  8.34 -4.78 -9.22 -4.36 10.22 13.15  1.99  5.06  3.80 -2.66 
INFO: cmn.c(183): CMN: 65.25  8.09  0.55  7.83 -5.06 -10.11 -2.49  4.14 10.24  2.22  3.54  1.50 -4.01 
INFO: cmn.c(183): CMN: 68.81  3.09 -2.90 10.18 -6.27 -13.79 -0.16  4.68  8.88  4.20  0.61  1.26 -5.35 
INFO: cmn.c(183): CMN: 66.66  5.57 -1.03  3.66 -5.05 -10.61 -2.98  7.73 11.09 -0.08 -0.09  2.70 -4.19 
INFO: cmn.c(183): CMN: 65.18  7.43  1.26  2.67 -2.14 -8.91 -2.35  5.87  9.52  2.82  2.66  2.74 -2.30 
INFO: cmn.c(183): CMN: 70.05  6.26 -1.65 -0.99 -10.18 -3.24 -14.25 15.44 17.11  1.54  0.01  1.41 -4.16 
INFO: cmn.c(183): CMN: 68.36  1.89 -4.78  6.88 -6.54 -7.93 -6.85 13.93 15.25  4.06  2.05  3.27 -3.68 
INFO: cmn.c(183): CMN: 62.67 10.19 10.10 -0.07 -6.21 -6.69 -4.87  8.58  8.81  1.41 -2.04  2.73 -1.08 
INFO: cmn.c(183): CMN: 65.18  3.39 -1.92  2.62 -6.63 -8.26 -7.07 13.07 10.63  1.29 -0.68  4.44 -3.70 
INFO: cmn.c(183): CMN: 62.28  4.28 -0.41  4.42 -5.76 -6.28 -2.01  4.69 10.23  8.15  1.18  3.42 -5.33 
INFO: cmn.c(183): CMN: 66.73 21.21  6.60 10.59  8.89 -11.25 -7.46  3.80  9.17  8.97 -5.25 -11.96 -0.59 
INFO: cmn.c(183): CMN: 69.62 23.05 -1.75 -1.92  3.80 -7.69 -5.45  8.67 10.60  4.14 -6.52 -12.58 -3.16 
INFO: cmn.c(183): CMN: 69.46 18.17 -2.67 -1.41  7.81 -5.37 -2.51 10.16 10.43  1.42 -8.78 -8.74  0.15 
INFO: cmn.c(183): CMN: 67.44 19.08 -5.24  5.87 11.79 -8.69  0.80 12.45 13.30  6.29 -5.40 -7.93  2.70 
INFO: cmn.c(183): CMN: 67.26 19.63  0.41  5.01  8.15 -7.95 -4.33  7.42 12.98  8.13 -7.16 -10.01 -0.11 
INFO: cmn.c(183): CMN: 77.21  8.09 -6.58 -11.20 -5.71  5.31 -19.17  7.71  7.47  2.11 -0.96 -2.58  5.22 
INFO: cmn.c(183): CMN: 78.19  3.71 -3.51 -2.53 -8.25  0.34 -20.58  9.82  9.19  1.92 -0.89  0.16  1.64 
INFO: cmn.c(183): CMN: 77.92  4.50 -8.23 -1.98 -1.86 -4.30 -20.02 15.58  7.52 -3.64 -4.05  7.26 -3.15 
INFO: cmn.c(183): CMN: 72.66 10.68  4.74 -7.49  6.89  9.79 -16.30  4.91  7.72 -6.63 -3.69  1.55  0.50 
INFO: cmn.c(183): CMN: 75.80  7.41 -1.35 -5.17  2.17  4.09 -19.24 12.70  3.22 -8.14 -3.09  3.14 -0.46 
INFO: cmn.c(183): CMN: 78.45  9.48  0.62  3.38 -4.67 12.66 -6.74  2.19 -1.72  4.95 -3.33 -6.96  2.50 
INFO: cmn.c(183): CMN: 78.88 12.28  2.69  0.70 -6.04 15.00 -8.26  6.07 -2.11  6.59 -4.78 -7.06  2.91 
INFO: cmn.c(183): CMN: 76.93  8.98 -4.84 -1.22 -3.12 15.01 -9.92  2.44  2.88  7.46  0.01 -7.11  1.72 
INFO: cmn.c(183): CMN: 77.94  9.86 -0.56 -0.44 -1.73 13.92 -7.38  3.48 -0.79  3.67 -2.63 -6.54  0.55 
INFO: cmn.c(183): CMN: 71.88  1.30  1.60 10.46 -5.03  9.27 -4.61  1.74  0.63  2.25  1.42 -1.23  0.71 
INFO: cmn.c(183): CMN: 111.96 -8.68 -0.86 -1.79 -1.73 -4.23 -2.74 -2.29 -0.68 -1.86 -2.20 -1.75 -1.65 
INFO: cmn.c(183): CMN: 78.86  8.08 -0.24  6.19 -4.51 17.84 -9.05  1.68 -5.48  3.23 -1.19 -4.15 -2.41 
INFO: cmn.c(183): CMN: 77.54  2.99  4.71 13.26 -7.60 17.18 -6.40 -4.25 -1.83  6.09  4.56 -1.39 -3.41 
INFO: cmn.c(183): CMN: 72.77  6.55  7.94  7.13 -1.95 24.81 -9.77 -5.48 -5.82  2.76  7.59 -4.27 -1.41 
INFO: cmn.c(183): CMN: 78.78  9.36 -9.80  4.14 -2.54 10.62 -4.40  6.23 -1.71  1.55 -2.00 -5.13 -1.01 
INFO: cmn.c(183): CMN: 75.19  6.39  1.63  7.12 -2.81 13.52 -18.99 11.42 -0.29 -0.07 -0.06 -7.43  7.83 
INFO: cmn.c(183): CMN: 75.22  4.24  6.40  4.56 -5.51 12.81 -15.94  9.99  4.25  0.45 -0.46 -6.71  3.76 
INFO: cmn.c(183): CMN: 74.70  7.40  6.09  0.65 -2.37 13.62 -18.71  8.32  6.72 -3.55  0.10 -5.29  6.67 
INFO: cmn.c(183): CMN: 72.40  8.68 11.80  6.82  6.56 12.69 -15.27  7.92 -1.13 -2.23  0.78 -3.66  4.43 
INFO: cmn.c(183): CMN: 77.73 10.20  5.20 -0.58 -5.42 14.36 -20.62 11.76 -3.69 -0.82 -4.82 -5.79  7.45 
INFO: cmn.c(183): CMN: 77.35 10.14  7.68  2.69 -8.85 19.00 -18.85  3.25  1.61 -3.08  0.63 -7.83  6.51 
INFO: cmn.c(183): CMN: 73.34  7.90 10.02  6.71 -1.84 16.35 -17.19  4.93 -0.83 -0.99 -2.24 -6.09  4.91 
INFO: cmn.c(183): CMN: 74.58  1.67  6.73 10.79 -7.61  7.71 -15.09  7.80 -1.04  5.39 -1.54 -1.92  0.35 
INFO: cmn.c(183): CMN: 72.53  0.97  7.02 12.23 -7.93  4.87 -15.50  7.94 -0.39  6.21  0.20 -2.61 -1.32 
INFO: cmn.c(183): CMN: 73.83  0.55 -0.16  3.99 -7.35  6.38 -14.00 10.00 -1.69  8.96  1.25 -2.71 -1.62 
INFO: cmn.c(183): CMN: 76.21  8.79 -0.84  5.84 -9.92 14.43 -14.12  3.69  2.21  1.33  5.33 -4.66 -0.38 
INFO: cmn.c(183): CMN: 75.34  7.87 -1.79  6.16 -4.42 10.88 -14.39  3.92  1.84  4.72  5.65 -4.90 -0.50 
INFO: cmn.c(183): CMN: 73.87 13.81  6.63  0.90 -5.03 12.01 -12.30  3.70 -0.87  3.30  4.04 -7.59  2.97 
INFO: cmn.c(183): CMN: 72.17  8.12 -9.18 -4.68 -3.63  7.46 -14.10  6.72  5.12  7.94  3.67 -3.48  0.07 
INFO: cmn.c(183): CMN: 75.35  8.33  0.28  4.45 -1.81  3.42 -16.05  6.97 -0.21  2.69  4.96 -4.04  2.93 
INFO: cmn.c(183): CMN: 75.87  7.16  7.41 14.01 -3.37 15.02 -16.19  1.16  1.63 -5.35  9.93 -6.69 -1.75 
INFO: cmn.c(183): CMN: 75.08  7.25  8.03 11.92 -6.44 15.38 -17.83 -0.19  2.89  1.38  8.59 -11.13  4.24 
INFO: cmn.c(183): CMN: 74.48  6.82 -8.23 -4.52 -2.47 13.66 -15.42  9.18  3.55  8.35  4.23 -6.15  2.46 
INFO: cmn.c(183): CMN: 74.28  5.07  0.45  2.36 -4.62 10.25 -13.61  4.13 -1.43  5.57  5.09 -3.67  0.38 
INFO: cmn.c(183): CMN: 73.22  6.42  1.28  3.80 -6.51  8.37 -16.47  4.47  0.62  7.16  3.56 -4.49 -1.27 
INFO: cmn.c(183): CMN: 76.45  7.44  0.00  6.70 -8.79 13.43 -13.86 -0.69  4.33  1.03  6.91 -7.20  4.72 
INFO: cmn.c(183): CMN: 75.14  7.88 -1.24  7.01 -6.92 11.15 -10.87  1.19  4.04  0.42  7.55 -7.86  4.88 
INFO: cmn.c(183): CMN: 75.94  5.17  1.63  5.88 -9.65 11.03 -12.00 -4.09  2.64  0.46  7.45 -9.35  5.21 
INFO: cmn.c(183): CMN: 75.52  8.23 -0.16  0.38 -9.04  6.22 -12.04  2.49  3.25  2.19  7.67 -7.66  4.44 
INFO: cmn.c(183): CMN: 75.98  8.99  2.53  2.69 -5.56  9.41 -12.37 -0.45  1.44  0.57  5.44 -9.49  6.94 
INFO: cmn.c(183): CMN: 75.80 14.83 -2.03 -0.83 -7.19  8.12 -13.25  2.50  3.24  3.14  8.17 -4.61  1.89 
INFO: cmn.c(183): CMN: 76.61  6.78 -4.62  5.17 -9.62  6.20 -12.90  8.69  2.03  3.48  6.72 -4.53 -1.36 
INFO: cmn.c(183): CMN: 73.79 13.73 10.45  2.70 -9.99 14.15 -11.54  1.07  2.64 -2.72  3.05 -8.46  6.78 
INFO: cmn.c(183): CMN: 76.67  6.86 -3.47  4.47 -9.46  7.11 -13.06  6.86  1.47  3.60  3.48 -3.32  1.86 
INFO: cmn.c(183): CMN: 75.44  5.64 -3.09  6.79 -9.07  8.33 -8.66  0.42  3.31  8.22  1.40 -2.45 -1.81 
INFO: cmn.c(183): CMN: 111.44 -13.21 -3.89 -1.41 -0.17  0.68 -2.75 -0.74  0.58 -2.94 -4.82 -4.80 -4.49 
INFO: cmn.c(183): CMN: 79.24  5.74 -24.62 -12.69  3.42 -11.05 -1.82 -2.89  0.08  7.49 -4.01 -4.20 -1.24 
INFO: cmn.c(183): CMN: 77.76  6.00 -23.51 -6.02 -0.36 -10.65  1.88 -6.61 -4.55 10.23 -4.31 -2.06  0.32 
INFO: cmn.c(183): CMN: 75.48  6.07 -20.10 -2.98 -1.21 -11.50  4.66 -5.29  0.02 19.06  3.17 -0.58  1.86 
INFO: cmn.c(183): CMN: 78.77 14.24 -18.42 -11.26  0.78 -12.74 -3.75 -0.77 -3.72  4.78 -7.21 -5.32 -6.59 
INFO: cmn.c(183): CMN:  0.62 -5.53 -6.57 -4.80 -2.85 -2.75  1.10 -2.72 -3.09 -1.12 -0.31  2.60 -2.46 
INFO: cmn.c(183): CMN: 77.39  2.00 -22.22 -9.98  0.65 -12.74  9.94 -4.23 -0.15 11.42 -1.59  0.78 -6.01 
INFO: cmn.c(183): CMN: 79.01  1.46 -23.97 -0.94 -2.39 -13.86 12.28 -7.46 -2.44 18.59 -2.10 -1.22 -5.80 
INFO: cmn.c(183): CMN: 77.67 15.80 -10.10 -14.11  3.16 -13.93 -5.09 -1.38 -3.17  3.87 -7.73 -2.45 -5.40 
INFO: cmn.c(183): CMN: 81.15  9.22 -14.45 -9.37 -1.52 -15.84  6.14 -8.95 -6.47 11.56 -7.92  3.30 -4.95 
INFO: cmn.c(183): CMN: 76.35 17.25 -14.67 -16.25 -2.25 -5.91 -5.12  5.98  7.66 -7.07 -5.45 -1.57 -0.39 
INFO: cmn.c(183): CMN: 76.57 18.35 -15.65 -14.38 -3.49 -6.92 -4.55  5.23  5.47 -1.72 -2.20 -2.06 -3.40 
INFO: cmn.c(183): CMN: 79.55  8.30 -21.29 -11.94  4.36 -7.05 -4.46 -3.40  2.67 -3.74 -5.90 -3.86 -4.92 
INFO: cmn.c(183): CMN: 77.97 15.00 -16.71 -11.02  4.48 -7.36 -2.85 -1.91  2.83 -3.57 -2.92 -2.78 -6.41 
INFO: cmn.c(183): CMN: 73.54  7.85 -11.73 -8.04  0.98 -0.93  5.06  4.35  5.21  0.58  0.43  2.16 -7.96 
INFO: cmn.c(183): CMN: 72.53  9.69 -5.00 -8.68 -3.55 -3.02  7.14 -0.46  5.76  2.03  6.80 -2.41 -3.55 
INFO: cmn.c(183): CMN: 75.47  6.50 -10.54 -4.04  0.86 -3.60 -0.73 -0.09 -2.24 -3.10 -0.88 -4.64 -2.71 
INFO: cmn.c(183): CMN: 80.33  5.30 -2.50 -6.82 -1.17 -4.66  1.93 -2.32 -1.81 -9.91 -0.64 -4.35 -11.52 
INFO: cmn.c(183): CMN: 77.27 10.12 -3.25 -8.57  0.65 -6.64  4.77 -2.46 -4.76 -4.00  0.97 -2.55 -7.71 
INFO: cmn.c(183): CMN: 81.33  3.33 -23.57 -2.85 -1.40 -9.41  0.17 -4.33 -1.26 -7.12  2.14 -8.27 -5.02 
INFO: cmn.c(183): CMN: 79.11  5.73 -9.43 -13.00  0.14 -9.50  1.26 -9.33 -3.47 -4.70 -7.94  0.65 -7.91 
INFO: cmn.c(183): CMN: 77.90  9.61 -7.44 -12.01  2.83 -8.04  3.50 -9.10 -5.42 -6.57 -6.21 -2.50 -14.10 
INFO: cmn.c(183): CMN: 76.84 15.21 -4.24 -15.03  1.62 -19.21  1.40 -3.03 -2.26 -9.66 -5.40 -4.03 -8.89 
INFO: cmn.c(183): CMN: 73.72 16.85  2.12 -12.91  4.90 -13.40 -0.09 -2.96 -2.48 -6.19 -4.93 -4.75 -8.80 
INFO: cmn.c(183): CMN: 76.14 15.70 -7.38 -13.51 -1.67 -5.92  1.04 -4.30 -1.39 -6.98 -4.50 -2.52 -4.88 
INFO: cmn.c(183): CMN: 78.30 17.00 -9.04 -8.25 -3.34 -7.95 -2.73 -2.37  0.02 -7.99 -0.65 -8.48  1.31 
INFO: cmn.c(183): CMN: 76.70 14.04 -1.11 -5.07 -3.93 -8.65 -0.33 -1.38 -9.72 -4.02 -9.29 -7.78 -6.12 
INFO: cmn.c(183): CMN: 77.24  7.45 -3.14 -10.28 -4.12 -4.85  1.75  1.43 -0.02  3.54 -6.22  2.08 -12.49 
INFO: cmn.c(183): CMN: 76.86  6.96 -1.02 -8.03 -0.50 -8.20  4.14 -0.61 -0.02  2.02 -6.80  3.94 -10.26 
INFO: cmn.c(183): CMN: 78.39  3.25 -13.19 -6.23 -0.26 -3.61  1.62 -1.78  0.51  1.32 -10.33  1.70 -11.56 
INFO: cmn.c(183): CMN: 79.23 10.32 -16.38 -4.29 -2.18 -6.62  6.34 -9.98  2.93  2.43 -1.39 -8.27  3.15 
INFO: cmn.c(183): CMN: 78.02 13.08 -18.35 -0.66  0.87 -6.49  7.78 -9.93  7.12  3.13  0.52 -8.93  1.73 
INFO: cmn.c(183): CMN: 76.24 18.01 -14.85 -8.47  1.13 -7.42  6.41 -5.57 -3.68  0.20  1.75 -8.38  0.19 
INFO: cmn.c(183): CMN: 75.05  7.57 -27.02 -5.54  5.31 -4.97  4.81 -7.54  4.09  6.98 -3.07 -14.91 -6.27 
INFO: cmn.c(183): CMN: 74.31  7.83 -14.00  1.35  0.26 -10.68  7.35 -10.99 -0.86  2.66  1.18 -10.72 -4.24 
INFO: cmn.c(183): CMN: 78.18  4.63  4.21  6.10 -4.92 -2.22  2.92 -4.67 -9.85  4.57 -8.52 -8.88 -4.42 
INFO: cmn.c(183): CMN: 78.06  6.54 -3.84 -2.27 -5.93 -2.88  4.88 -3.26 -6.39 10.62 -1.32 -1.65  0.39 
INFO: cmn.c(183): CMN: 75.42  7.21 -24.41 -2.84  8.41 -3.46  4.28 -0.62 -4.72 11.38 -2.72 -12.22 -1.44 
INFO: cmn.c(183): CMN: 78.89  6.95 -9.25  0.86 -2.41 -0.69  1.72  2.37 -4.48 12.11 -4.86 -10.66 -4.51 
INFO: cmn.c(183): CMN: 75.62  7.19 -16.44 -1.52 -3.06 -5.56  4.20 -1.38 -5.98  5.78 -0.41 -8.16 -1.01 
INFO: cmn.c(183): CMN: 76.84  4.45 -12.40  0.08 -7.53 -4.14  0.98  1.02 -0.87  2.68 -3.34 -6.25  3.55 
INFO: cmn.c(183): CMN: 78.31  8.66 -17.30 -0.97 -7.40 -1.87  2.93 -2.72  0.11  5.63 -2.68 -7.48  3.25 
INFO: cmn.c(183): CMN: 79.81  5.70 -16.83 -1.49 -5.02 -1.56  6.52 -0.53  3.79  4.90 -2.09 -11.55 -1.91 
INFO: cmn.c(183): CMN: 78.23  7.76 -18.11 -1.02 -10.09 -1.88  7.33 -2.83  2.15  0.91 -4.19 -9.90 -3.10 
INFO: cmn.c(183): CMN: 76.14 10.88 -14.02  2.26 -8.61 -8.38  4.26  2.58  2.14  1.68 -0.25 -4.85 -0.52 
INFO: cmn.c(183): CMN: 80.21  7.43 -15.46 -2.98 -4.62 -8.65  3.44 -9.78 -2.90 -0.54 -10.87 -13.70 -9.19 
INFO: cmn.c(183): CMN: 80.64  0.50 -14.85  4.04 -4.87 -2.14  5.68 -8.22 -2.88  5.74 -5.06 -9.24 -7.11 
INFO: cmn.c(183): CMN: 75.51 18.21 -9.18 -5.37 -5.23 -4.00  5.98 -2.39 -2.59  0.27 -4.28 -6.82 -6.06 
INFO: cmn.c(183): CMN: 81.28  3.47 -19.80  3.81 -5.36 -7.30  8.48 -3.38 -1.52 10.85 -2.93 -7.05 -3.68 
INFO: cmn.c(183): CMN: 81.32  3.81 -18.33 -2.94 -2.16  0.03  7.25 -1.49  3.50  7.44 -1.50 -1.51 -0.94 
INFO: cmn.c(183): CMN: 77.56  9.05 -8.54 -34.17 -0.72 -18.41 -2.36  9.30  1.45 -12.38 -17.70  4.51 -7.84 
INFO: cmn.c(183): CMN: 75.72 -0.65 -10.80 -19.52  1.64 -14.28  0.75  4.06  2.89  3.69 -17.44  5.10 -3.56 
INFO: cmn.c(183): CMN: 74.34 -4.53 -8.95 -10.84 -2.89 -11.69  3.39  6.58  0.90  5.44 -15.65  8.50  1.47 
INFO: cmn.c(183): CMN: 72.22  3.86  0.70 -18.21 -7.65 -9.63  4.32  6.02  9.26  6.86 -12.83 11.29 -1.29 
INFO: cmn.c(183): CMN: 67.78  7.07  0.10 -14.66 -4.12 -11.34 -4.68  7.25  1.76 -4.73 -18.00  1.18 -4.95 
INFO: cmn.c(183): CMN: 74.36  5.97 -10.09 -19.07 -13.14 -1.53 15.09 -4.75 -8.40  0.94  1.09  0.74 -16.33 
INFO: cmn.c(183): CMN: 71.80  2.81 -4.99 -12.79 -15.98  1.20 11.98 -1.60 -7.73  6.61  2.22  3.22 -14.10 
INFO: cmn.c(183): CMN: 74.26  0.79 -9.31 -7.55 -14.61  2.14 16.60 -8.50 -8.00  7.47  0.30  3.79 -8.64 
INFO: cmn.c(183): CMN: 69.78 13.94  1.56 -16.36 -2.23 -6.92 -1.00 -2.26 -7.86 -1.26 -6.39  1.09 -13.64 
INFO: cmn.c(183): CMN: 72.54  9.94 -2.92 -16.62 -8.85 -6.11  5.03 -3.54 -8.81 -2.17 -8.69  4.46 -10.03 
INFO: cmn.c(183): CMN: 78.18  7.46 -8.81 -16.29 -11.17 -7.75 -2.15 -2.28 -0.89 -1.47 -11.22 -1.20 -3.01 
INFO: cmn.c(183): CMN: 77.93  5.92 -9.17 -16.48 -10.40 -7.38  1.56 -1.59 -1.40 -2.49 -8.62 -1.49 -2.58 
INFO: cmn.c(183): CMN: 81.06 -0.02 -12.10 -14.00 -10.15 -7.89  3.27 -4.05 -6.65  8.21 -12.05  2.28 -2.53 
INFO: cmn.c(183): CMN: 78.46  5.11 -8.00 -13.77 -7.84 -9.38 -0.18 -3.56 -4.36  5.62 -10.67  2.24  2.20 
INFO: cmn.c(183): CMN: 76.74 -4.16 -4.10 -7.97 -7.93  1.31  5.66 -2.91 -4.13 12.66 -2.03  4.24 -1.37 
INFO: cmn.c(183): CMN: 71.92  4.55 -0.85 -15.80 -7.04  3.62  4.32 -0.82 -3.04  8.30 -9.36 -5.44 -17.25 
INFO: cmn.c(183): CMN: 77.76  2.91 -4.11 -8.24 -11.55  1.92  7.40 -1.07 -1.98 12.27 -0.87 16.18 14.28 
INFO: cmn.c(183): CMN: 78.09 -0.35 -1.60 -12.97 -8.30 -0.40  2.99 -4.74 -7.23  4.50 -8.37  8.10  0.81 
INFO: cmn.c(183): CMN: 77.68  3.08  0.50 -13.53 -6.39 -1.80 -0.50 -0.68 -7.28 11.13 -1.68 11.25  8.78 
INFO: cmn.c(183): CMN: 80.48 -2.10 -16.45 -10.09 -9.22  0.62  1.34 -9.16 -9.34  8.17 -11.10  5.42  5.55 
INFO: cmn.c(183): CMN: 78.34  2.35 -9.40 -2.35 -9.57 -0.70  5.11 -18.49 -9.11 -3.54 -8.90  0.51 -11.65 
INFO: cmn.c(183): CMN: 76.64  4.63 -10.05 -6.80 -4.29  2.06  4.53 -14.75 -8.58 -1.53 -2.08  1.72 -5.97 
INFO: cmn.c(183): CMN: 72.94 10.13 -7.92 -13.63  0.97 -7.39  1.83 -11.84 -8.67 -0.08 -4.91  1.18 -7.85 
INFO: cmn.c(183): CMN: 69.75 11.66  0.74 -5.77  4.33 -5.76 -1.43 -6.98 -3.47  3.28 -2.21  0.65 -2.52 
INFO: cmn.c(183): CMN: 77.70  7.85 -9.84 -10.85 -3.66 -2.57  2.85 -13.60 -8.44 -8.00 -7.19 -0.89 -7.84 
INFO: cmn.c(183): CMN: 111.35 -12.14 -5.64 -3.50 -2.87 -4.41 -3.78 -6.93 -4.89 -7.42 -6.59 -5.00 -1.56 
INFO: cmn.c(183): CMN: 77.33  7.12  5.29 -4.63 -9.41 -12.54  1.33 -2.97 -6.83 -0.30 -7.01  1.45  2.03 
INFO: cmn.c(183): CMN: 79.52 -0.04 -1.80 -6.78 -13.23 -4.36 11.53 -4.36 -2.45 12.50 -2.22  1.30 -0.22 
INFO: cmn.c(183): CMN: 77.27 -0.63  0.44 -6.00 -13.61 -8.26 11.47 -5.88 -6.21  9.03 -1.01  0.85  2.77 
INFO: cmn.c(183): CMN: 76.98  0.42 -5.42 -12.41 -10.46  1.76 11.89 -5.91  0.91 10.59 -0.59  5.11  5.88 
INFO: cmn.c(183): CMN: 79.98  0.60 -14.42 -4.22 -7.54 -0.53  0.66 -5.86  7.91 -1.30 -1.55 -5.58 10.39 
INFO: cmn.c(183): CMN: 79.16 -1.80 -7.81 -3.49 -11.91 -4.51 -2.86 -0.85 -0.46  4.63 -6.49 -3.65  4.86 
INFO: cmn.c(183): CMN: 77.41  6.89 -5.98 -10.60 -8.64 -2.95  4.27  3.04  5.07  4.11 -1.05  3.22 11.27 
INFO: cmn.c(183): CMN: 75.37 -0.81 -19.42 -14.16  3.82 -0.72  1.57  0.67  4.40  2.86 -2.43 -6.09  7.32 
INFO: cmn.c(183): CMN: 80.92 -2.00 -8.50  0.77 -12.20 -7.35  5.04  7.95  1.66  7.89  2.77  5.91  9.84 
INFO: cmn.c(183): CMN: 76.38  4.36  5.56 -14.59 -3.07 -9.90  2.31 -2.69 -6.51 10.83  0.99  3.92  5.23 
INFO: cmn.c(183): CMN: 78.85  3.70  0.27 -15.49 -5.32 -15.76  3.59 -4.59 -7.45  3.75 -3.84 -1.53  5.99 
INFO: cmn.c(183): CMN: 74.42  5.38 -19.12 -25.51 13.79 -0.27 -1.78 -4.60  0.31 -2.62 -0.68 -9.80  6.59 
INFO: cmn.c(183): CMN: 77.73  3.92 -5.24 -18.25  2.43 -3.45  0.29 -5.44  2.07  3.23  2.29 -2.87 11.21 
INFO: cmn.c(183): CMN: 78.12  2.22 -1.72 -16.10 -7.85 -9.34  0.58  6.38 -3.50  5.44 -3.30  2.85  8.28 
INFO: cmn.c(183): CMN: 79.21  3.42 -2.21 -22.11 -8.69 -4.15 -0.19  4.46 -8.32  8.60 -4.61  1.94  0.33 
INFO: cmn.c(183): CMN: 79.68  4.15 -8.62 -18.97 -6.19 -7.44  0.01 -0.72 -5.13  8.03 -7.63 -1.55  3.51 
INFO: cmn.c(183): CMN: 80.16  2.86 -2.21 -17.62 -10.25 -2.47  1.27  7.56 -12.89  5.99 -3.37  6.21 -1.72 
INFO: cmn.c(183): CMN: 77.82  7.22 -3.60 -18.03 -12.41 -4.61  1.56  7.29 -7.43  0.43 -7.28  2.49  0.03 
INFO: cmn.c(183): CMN: 76.68  8.63 -1.74 -18.74 -6.99 -6.61 -2.71  6.09  0.00  7.54 -3.36  9.05  7.19 
INFO: cmn.c(183): CMN: 79.37 10.60 -11.12 -26.90 -1.53 -12.75  7.27 -7.35 -2.23 -2.79 -7.91 -1.90 -2.20 
INFO: cmn.c(183): CMN: 78.32  3.52 -9.27 -19.11  0.67 -5.12 11.15 -14.17  5.66  6.63 -3.81 -2.03  3.32 
INFO: cmn.c(183): CMN: 74.69 14.92 -2.40 -26.96 -3.80 -9.25  4.05 -5.98  1.31 -2.32 -6.98 -1.01  4.22 
INFO: cmn.c(183): CMN: 78.27  3.60 -10.32 -18.36  2.21 -4.51  8.12 -2.18  2.11  8.56 -3.08  6.16  8.90 
INFO: cmn.c(183): CMN: 76.07  8.21 -7.73 -24.96  2.10 -1.01 -1.94 -10.39  0.88 -1.50 -4.28  3.07  2.95 
INFO: cmn.c(183): CMN: 69.97 12.67 -2.41 -13.65 -13.93  4.59 -7.14  4.89 11.67  0.80 -3.67 -1.33  2.40 
INFO: cmn.c(183): CMN: 68.84  7.18 -13.68 -8.85 -12.18  3.16 -3.67  4.46 12.65 -0.72 -6.45  0.27 -0.95 
INFO: cmn.c(183): CMN: 70.65  6.81 -17.31 -5.81 -10.94 -1.96 -5.15 14.73 16.05 -1.90 -5.31  2.80  0.11 
INFO: cmn.c(183): CMN: 68.65  5.90 -14.57 -3.00 -7.78 -4.71 -8.08  9.39 14.82 -3.00 -6.60  6.60 -0.29 
INFO: cmn.c(183): CMN: 67.05  7.82 -6.10 -9.45 -13.74  5.02 -5.34  6.92 11.31  1.02 -2.75  0.95 -0.36 
INFO: cmn.c(183): CMN: 66.00  9.40  1.46  5.44 -20.67 -3.13  4.47  4.20  5.37 -7.30  1.33  3.76 -0.63 
INFO: cmn.c(183): CMN: 67.04  7.72 -2.22  9.09 -20.18 -5.16  7.21  8.42  5.56 -6.63  1.67  2.00 -1.17 
INFO: cmn.c(183): CMN: 65.92  3.78 -7.98  7.98 -18.98 -5.03  7.94  1.69 12.59 -3.73  0.06  5.05 -4.04 
INFO: cmn.c(183): CMN: 63.80  7.91  5.48  1.05 -14.97  2.68  3.27  1.92  6.10 -1.61  1.95  0.75 -2.77 
INFO: cmn.c(183): CMN: 65.15  6.36 -1.17  7.02 -15.94 -3.90  7.34  5.45 10.14 -6.34  1.13  4.11 -1.50 
INFO: cmn.c(183): CMN: 111.27 -8.25 -2.02 -0.95  2.78 -2.34 -4.68 -3.65 -2.49 -2.57 -3.84 -1.37 -0.63 
INFO: cmn.c(183): CMN: 67.74  7.78 -2.30 10.15 -20.56 -5.60  7.36  9.14  6.12 -7.68  1.50  2.02 -1.82 
INFO: cmn.c(183): CMN: 66.56  4.52 -8.19  8.02 -20.31 -5.36  8.06  1.52 13.26 -4.20  0.23  5.55 -4.45 
INFO: cmn.c(183): CMN: 65.41  6.92 -1.01  7.17 -16.45 -4.05  7.40  5.38 10.19 -6.56  1.13  4.14 -1.45 
INFO: cmn.c(183): CMN: 62.47  0.62  1.04 11.11 -16.03 -6.01  7.95  4.80  4.84 -2.59  2.65  7.61 -2.37 
INFO: cmn.c(183): CMN: 65.26  4.00  4.26  9.48 -19.61 -7.21  5.06  3.93  0.84 -3.40  1.55  1.68 -4.31 
INFO: cmn.c(183): CMN: 67.26  5.64  3.46 12.02 -18.61  3.09  7.73  6.53 10.15 -4.99  1.09  1.46 -5.60 
INFO: cmn.c(183): CMN: 66.95  4.10  0.99 14.18 -21.23 -1.38 10.20  5.89  9.94 -1.52  2.25  3.91 -6.53 
INFO: cmn.c(183): CMN: 64.80  4.83  5.79  9.52 -17.31  3.24  8.38  5.35 10.19 -4.24  2.43  1.37 -2.57 
INFO: cmn.c(183): CMN: 63.57  3.76 -3.22  4.33 -16.93  0.42 13.47  4.06  9.41 -2.38  6.49  6.84 -3.36 
INFO: cmn.c(183): CMN: 66.95  8.09  3.73  6.76 -14.67  7.46  3.13  3.09 12.89 -6.21  4.00 -0.02 -1.41 
INFO: cmn.c(183): CMN: 65.87  6.90  4.15  7.32 -17.83  4.62 10.39  3.60  8.83 -1.34  4.87  2.00 -3.37 
INFO: cmn.c(183): CMN: 65.59  6.33 -2.68 -2.05 -17.57  5.95  6.47  4.97 11.71 -2.96  5.79  3.40 -2.09 
INFO: cmn.c(183): CMN: 60.71  5.45  6.71  0.22 -9.60  7.07  4.80  3.55  7.83 -2.43  1.15  1.24 -0.17 
INFO: cmn.c(183): CMN: 67.10  8.03  2.24  3.75 -17.40  6.07  9.33  3.09  9.33 -4.63  8.19  3.15 -1.06 
INFO: cmn.c(183): CMN: 69.68  7.44 -1.57 13.60 -15.32 -8.58  3.26 -0.76  8.89 -8.22  1.97 -0.80  0.87 
INFO: cmn.c(183): CMN: 64.34  7.38  4.36 12.76 -12.05 -6.87  6.19  3.49  8.25 -5.90 -2.10  0.86  0.78 
INFO: cmn.c(183): CMN: 66.97  2.90 -3.83 21.42 -18.64 -12.46  8.34  2.84 10.56 -8.48 -0.46  5.36 -3.86 
INFO: cmn.c(183): CMN: 67.63  3.74 -1.28 25.85 -11.42 -10.89  9.11  7.34 12.88 -8.11  1.54  8.34 -1.12 
INFO: cmn.c(183): CMN: 64.22  3.01 -6.27 12.96 -15.48 -8.90 13.87  9.68 10.71 -3.81  1.22  6.85 -0.74 
INFO: cmn.c(183): CMN: 63.80  1.39  8.93 13.83 -4.15 -4.49  5.28 11.74  6.48 -2.26  2.29 -2.18  5.80 
INFO: cmn.c(183): CMN: 63.46  2.96  5.28 15.53 -6.97 -7.54  6.81  9.28  9.07 -0.83  2.83 -3.93  6.11 
INFO: cmn.c(183): CMN: 61.17  5.96 -0.92 -3.00 -6.00 -3.70  2.62  6.12  5.03  3.86  7.43 -1.46  2.34 
INFO: cmn.c(183): CMN: 63.86  3.39 -3.38  8.47 -5.19 -13.75  3.79  8.58  3.99  4.03  2.45 -1.94  3.43 
INFO: cmn.c(183): CMN: 62.48  4.28 -3.66  6.19 -7.22 -12.29  4.44  8.34  3.88  2.70  0.17 -1.52  4.04 
INFO: cmn.c(183): CMN: 67.80  2.48  9.42 10.49 -6.92 -2.64  0.13 10.25 13.11 -9.12  5.42 -2.37 -0.06 
INFO: cmn.c(183): CMN: 68.17  3.86  8.25 15.29 -10.03 -3.34  0.73 11.61  6.20 -8.33 10.00 -5.15  1.59 
INFO: cmn.c(183): CMN: 63.44  6.86 -1.50 -5.26 -8.63  2.35 -2.47  7.55  8.94 -0.27 13.68 -1.72 -1.72 
INFO: cmn.c(183): CMN: 65.86  3.46  2.79  6.72 -5.78 -6.15  1.51  7.77  7.19 -1.82 10.44  0.62 -5.20 
INFO: cmn.c(183): CMN: 64.05  4.87 -2.72  4.78 -8.21 -8.03 -0.12  8.64  8.18 -2.41  5.25 -2.21 -2.17 
INFO: cmn.c(183): CMN: 69.26  6.69 -0.92  8.34 -4.78 -9.22 -4.36 10.22 13.15  1.99  5.06  3.80 -2.66 
INFO: cmn.c(183): CMN: 65.25  8.09  0.55  7.83 -5.06 -10.11 -2.49  4.14 10.24  2.22  3.54  1.50 -4.01 
INFO: cmn.c(183): CMN: 68.81  3.09 -2.90 10.18 -6.27 -13.79 -0.16  4.68  8.88  4.20  0.61  1.26 -5.35 
INFO: cmn.c(183): CMN: 66.66  5.57 -1.03  3.66 -5.05 -10.61 -2.98  7.73 11.09 -0.08 -0.09  2.70 -4.19 
INFO: cmn.c(183): CMN: 65.18  7.43  1.26  2.67 -2.14 -8.91 -2.35  5.87  9.52  2.82  2.66  2.74 -2.30 
INFO: cmn.c(183): CMN: 70.05  6.26 -1.65 -0.99 -10.18 -3.24 -14.25 15.44 17.11  1.54  0.01  1.41 -4.16 
INFO: cmn.c(183): CMN: 68.36  1.89 -4.78  6.88 -6.54 -7.93 -6.85 13.93 15.25  4.06  2.05  3.27 -3.68 
INFO: cmn.c(183): CMN: 62.67 10.19 10.10 -0.07 -6.21 -6.69 -4.87  8.58  8.81  1.41 -2.04  2.73 -1.08 
INFO: cmn.c(183): CMN: 65.18  3.39 -1.92  2.62 -6.63 -8.26 -7.07 13.07 10.63  1.29 -0.68  4.44 -3.70 
INFO: cmn.c(183): CMN: 62.28  4.28 -0.41  4.42 -5.76 -6.28 -2.01  4.69 10.23  8.15  1.18  3.42 -5.33 
INFO: cmn.c(183): CMN: 66.73 21.21  6.60 10.59  8.89 -11.25 -7.46  3.80  9.17  8.97 -5.25 -11.96 -0.59 
INFO: cmn.c(183): CMN: 69.62 23.05 -1.75 -1.92  3.80 -7.69 -5.45  8.67 10.60  4.14 -6.52 -12.58 -3.16 
INFO: cmn.c(183): CMN: 69.46 18.17 -2.67 -1.41  7.81 -5.37 -2.51 10.16 10.43  1.42 -8.78 -8.74  0.15 
INFO: cmn.c(183): CMN: 67.44 19.08 -5.24  5.87 11.79 -8.69  0.80 12.45 13.30  6.29 -5.40 -7.93  2.70 
INFO: cmn.c(183): CMN: 67.26 19.63  0.41  5.01  8.15 -7.95 -4.33  7.42 12.98  8.13 -7.16 -10.01 -0.11 
INFO: cmn.c(183): CMN: 77.21  8.09 -6.58 -11.20 -5.71  5.31 -19.17  7.71  7.47  2.11 -0.96 -2.58  5.22 
INFO: cmn.c(183): CMN: 78.19  3.71 -3.51 -2.53 -8.25  0.34 -20.58  9.82  9.19  1.92 -0.89  0.16  1.64 
INFO: cmn.c(183): CMN: 77.92  4.50 -8.23 -1.98 -1.86 -4.30 -20.02 15.58  7.52 -3.64 -4.05  7.26 -3.15 
INFO: cmn.c(183): CMN: 72.66 10.68  4.74 -7.49  6.89  9.79 -16.30  4.91  7.72 -6.63 -3.69  1.55  0.50 
INFO: cmn.c(183): CMN: 75.80  7.41 -1.35 -5.17  2.17  4.09 -19.24 12.70  3.22 -8.14 -3.09  3.14 -0.46 
INFO: cmn.c(183): CMN: 78.45  9.48  0.62  3.38 -4.67 12.66 -6.74  2.19 -1.72  4.95 -3.33 -6.96  2.50 
INFO: cmn.c(183): CMN: 78.88 12.28  2.69  0.70 -6.04 15.00 -8.26  6.07 -2.11  6.59 -4.78 -7.06  2.91 
INFO: cmn.c(183): CMN: 76.93  8.98 -4.84 -1.22 -3.12 15.01 -9.92  2.44  2.88  7.46  0.01 -7.11  1.72 
INFO: cmn.c(183): CMN: 77.94  9.86 -0.56 -0.44 -1.73 13.92 -7.38  3.48 -0.79  3.67 -2.63 -6.54  0.55 
INFO: cmn.c(183): CMN: 71.88  1.30  1.60 10.46 -5.03  9.27 -4.61  1.74  0.63  2.25  1.42 -1.23  0.71 
INFO: cmn.c(183): CMN: 111.96 -8.68 -0.86 -1.79 -1.73 -4.23 -2.74 -2.29 -0.68 -1.86 -2.20 -1.75 -1.65 
INFO: cmn.c(183): CMN: 78.86  8.08 -0.24  6.19 -4.51 17.84 -9.05  1.68 -5.48  3.23 -1.19 -4.15 -2.41 
INFO: cmn.c(183): CMN: 77.54  2.99  4.71 13.26 -7.60 17.18 -6.40 -4.25 -1.83  6.09  4.56 -1.39 -3.41 
INFO: cmn.c(183): CMN: 72.77  6.55  7.94  7.13 -1.95 24.81 -9.77 -5.48 -5.82  2.76  7.59 -4.27 -1.41 
INFO: cmn.c(183): CMN: 78.78  9.36 -9.80  4.14 -2.54 10.62 -4.40  6.23 -1.71  1.55 -2.00 -5.13 -1.01 
INFO: cmn.c(183): CMN: 75.19  6.39  1.63  7.12 -2.81 13.52 -18.99 11.42 -0.29 -0.07 -0.06 -7.43  7.83 
INFO: cmn.c(183): CMN: 75.22  4.24  6.40  4.56 -5.51 12.81 -15.94  9.99  4.25  0.45 -0.46 -6.71  3.76 
INFO: cmn.c(183): CMN: 74.70  7.40  6.09  0.65 -2.37 13.62 -18.71  8.32  6.72 -3.55  0.10 -5.29  6.67 
INFO: cmn.c(183): CMN: 72.40  8.68 11.80  6.82  6.56 12.69 -15.27  7.92 -1.13 -2.23  0.78 -3.66  4.43 
INFO: cmn.c(183): CMN: 77.73 10.20  5.20 -0.58 -5.42 14.36 -20.62 11.76 -3.69 -0.82 -4.82 -5.79  7.45 
INFO: cmn.c(183): CMN: 77.35 10.14  7.68  2.69 -8.85 19.00 -18.85  3.25  1.61 -3.08  0.63 -7.83  6.51 
INFO: cmn.c(183): CMN: 73.34  7.90 10.02  6.71 -1.84 16.35 -17.19  4.93 -0.83 -0.99 -2.24 -6.09  4.91 
INFO: cmn.c(183): CMN: 74.58  1.67  6.73 10.79 -7.61  7.71 -15.09  7.80 -1.04  5.39 -1.54 -1.92  0.35 
INFO: cmn.c(183): CMN: 72.53  0.97  7.02 12.23 -7.93  4.87 -15.50  7.94 -0.39  6.21  0.20 -2.61 -1.32 
INFO: cmn.c(183): CMN: 73.83  0.55 -0.16  3.99 -7.35  6.38 -14.00 10.00 -1.69  8.96  1.25 -2.71 -1.62 
INFO: cmn.c(183): CMN: 76.21  8.79 -0.84  5.84 -9.92 14.43 -14.12  3.69  2.21  1.33  5.33 -4.66 -0.38 
INFO: cmn.c(183): CMN: 75.34  7.87 -1.79  6.16 -4.42 10.88 -14.39  3.92  1.84  4.72  5.65 -4.90 -0.50 
INFO: cmn.c(183): CMN: 73.87 13.81  6.63  0.90 -5.03 12.01 -12.30  3.70 -0.87  3.30  4.04 -7.59  2.97 
INFO: cmn.c(183): CMN: 72.17  8.12 -9.18 -4.68 -3.63  7.46 -14.10  6.72  5.12  7.94  3.67 -3.48  0.07 
INFO: cmn.c(183): CMN: 75.35  8.33  0.28  4.45 -1.81  3.42 -16.05  6.97 -0.21  2.69  4.96 -4.04  2.93 
INFO: cmn.c(183): CMN: 75.87  7.16  7.41 14.01 -3.37 15.02 -16.19  1.16  1.63 -5.35  9.93 -6.69 -1.75 
INFO: cmn.c(183): CMN: 75.08  7.25  8.03 11.92 -6.44 15.38 -17.83 -0.19  2.89  1.38  8.59 -11.13  4.24 
INFO: cmn.c(183): CMN: 74.48  6.82 -8.23 -4.52 -2.47 13.66 -15.42  9.18  3.55  8.35  4.23 -6.15  2.46 
INFO: cmn.c(183): CMN: 74.28  5.07  0.45  2.36 -4.62 10.25 -13.61  4.13 -1.43  5.57  5.09 -3.67  0.38 
INFO: cmn.c(183): CMN: 73.22  6.42  1.28  3.80 -6.51  8.37 -16.47  4.47  0.62  7.16  3.56 -4.49 -1.27 
INFO: cmn.c(183): CMN: 76.45  7.44  0.00  6.70 -8.79 13.43 -13.86 -0.69  4.33  1.03  6.91 -7.20  4.72 
INFO: cmn.c(183): CMN: 75.14  7.88 -1.24  7.01 -6.92 11.15 -10.87  1.19  4.04  0.42  7.55 -7.86  4.88 
INFO: cmn.c(183): CMN: 75.94  5.17  1.63  5.88 -9.65 11.03 -12.00 -4.09  2.64  0.46  7.45 -9.35  5.21 
INFO: cmn.c(183): CMN: 75.52  8.23 -0.16  0.38 -9.04  6.22 -12.04  2.49  3.25  2.19  7.67 -7.66  4.44 
INFO: cmn.c(183): CMN: 75.98  8.99  2.53  2.69 -5.56  9.41 -12.37 -0.45  1.44  0.57  5.44 -9.49  6.94 
INFO: cmn.c(183): CMN: 75.80 14.83 -2.03 -0.83 -7.19  8.12 -13.25  2.50  3.24  3.14  8.17 -4.61  1.89 
INFO: cmn.c(183): CMN: 76.61  6.78 -4.62  5.17 -9.62  6.20 -12.90  8.69  2.03  3.48  6.72 -4.53 -1.36 
INFO: cmn.c(183): CMN: 73.79 13.73 10.45  2.70 -9.99 14.15 -11.54  1.07  2.64 -2.72  3.05 -8.46  6.78 
INFO: cmn.c(183): CMN: 76.67  6.86 -3.47  4.47 -9.46  7.11 -13.06  6.86  1.47  3.60  3.48 -3.32  1.86 
INFO: cmn.c(183): CMN: 75.44  5.64 -3.09  6.79 -9.07  8.33 -8.66  0.42  3.31  8.22  1.40 -2.45 -1.81 
INFO: cmn.c(183): CMN: 111.44 -13.21 -3.89 -1.41 -0.17  0.68 -2.75 -0.74  0.58 -2.94 -4.82 -4.80 -4.49 
INFO: cmn.c(183): CMN: 79.24  5.74 -24.62 -12.69  3.42 -11.05 -1.82 -2.89  0.08  7.49 -4.01 -4.20 -1.24 
INFO: cmn.c(183): CMN: 77.76  6.00 -23.51 -6.02 -0.36 -10.65  1.88 -6.61 -4.55 10.23 -4.31 -2.06  0.32 
INFO: cmn.c(183): CMN: 75.48  6.07 -20.10 -2.98 -1.21 -11.50  4.66 -5.29  0.02 19.06  3.17 -0.58  1.86 
INFO: cmn.c(183): CMN: 78.77 14.24 -18.42 -11.26  0.78 -12.74 -3.75 -0.77 -3.72  4.78 -7.21 -5.32 -6.59 
INFO: cmn.c(183): CMN:  0.62 -5.53 -6.57 -4.80 -2.85 -2.75  1.10 -2.72 -3.09 -1.12 -0.31  2.60 -2.46 
INFO: cmn.c(183): CMN: 77.39  2.00 -22.22 -9.98  0.65 -12.74  9.94 -4.23 -0.15 11.42 -1.59  0.78 -6.01 
INFO: cmn.c(183): CMN: 79.01  1.46 -23.97 -0.94 -2.39 -13.86 12.28 -7.46 -2.44 18.59 -2.10 -1.22 -5.80 
INFO: cmn.c(183): CMN: 77.67 15.80 -10.10 -14.11  3.16 -13.93 -5.09 -1.38 -3.17  3.87 -7.73 -2.45 -5.40 
INFO: cmn.c(183): CMN: 81.15  9.22 -14.45 -9.37 -1.52 -15.84  6.14 -8.95 -6.47 11.56 -7.92  3.30 -4.95 
INFO: cmn.c(183): CMN: 76.35 17.25 -14.67 -16.25 -2.25 -5.91 -5.12  5.98  7.66 -7.07 -5.45 -1.57 -0.39 
INFO: cmn.c(183): CMN: 76.57 18.35 -15.65 -14.38 -3.49 -6.92 -4.55  5.23  5.47 -1.72 -2.20 -2.06 -3.40 
INFO: cmn.c(183): CMN: 79.55  8.30 -21.29 -11.94  4.36 -7.05 -4.46 -3.40  2.67 -3.74 -5.90 -3.86 -4.92 
INFO: cmn.c(183): CMN: 77.97 15.00 -16.71 -11.02  4.48 -7.36 -2.85 -1.91  2.83 -3.57 -2.92 -2.78 -6.41 
INFO: cmn.c(183): CMN: 73.54  7.85 -11.73 -8.04  0.98 -0.93  5.06  4.35  5.21  0.58  0.43  2.16 -7.96 
INFO: cmn.c(183): CMN: 72.53  9.69 -5.00 -8.68 -3.55 -3.02  7.14 -0.46  5.76  2.03  6.80 -2.41 -3.55 
INFO: cmn.c(183): CMN: 75.47  6.50 -10.54 -4.04  0.86 -3.60 -0.73 -0.09 -2.24 -3.10 -0.88 -4.64 -2.71 
INFO: cmn.c(183): CMN: 80.33  5.30 -2.50 -6.82 -1.17 -4.66  1.93 -2.32 -1.81 -9.91 -0.64 -4.35 -11.52 
INFO: cmn.c(183): CMN: 77.27 10.12 -3.25 -8.57  0.65 -6.64  4.77 -2.46 -4.76 -4.00  0.97 -2.55 -7.71 
INFO: cmn.c(183): CMN: 81.33  3.33 -23.57 -2.85 -1.40 -9.41  0.17 -4.33 -1.26 -7.12  2.14 -8.27 -5.02 
INFO: cmn.c(183): CMN: 79.11  5.73 -9.43 -13.00  0.14 -9.50  1.26 -9.33 -3.47 -4.70 -7.94  0.65 -7.91 
INFO: cmn.c(183): CMN: 77.90  9.61 -7.44 -12.01  2.83 -8.04  3.50 -9.10 -5.42 -6.57 -6.21 -2.50 -14.10 
INFO: cmn.c(183): CMN: 76.84 15.21 -4.24 -15.03  1.62 -19.21  1.40 -3.03 -2.26 -9.66 -5.40 -4.03 -8.89 
INFO: cmn.c(183): CMN: 73.72 16.85  2.12 -12.91  4.90 -13.40 -0.09 -2.96 -2.48 -6.19 -4.93 -4.75 -8.80 
INFO: cmn.c(183): CMN: 76.14 15.70 -7.38 -13.51 -1.67 -5.92  1.04 -4.30 -1.39 -6.98 -4.50 -2.52 -4.88 
INFO: cmn.c(183): CMN: 78.30 17.00 -9.04 -8.25 -3.34 -7.95 -2.73 -2.37  0.02 -7.99 -0.65 -8.48  1.31 
INFO: cmn.c(183): CMN: 76.70 14.04 -1.11 -5.07 -3.93 -8.65 -0.33 -1.38 -9.72 -4.02 -9.29 -7.78 -6.12 
INFO: cmn.c(183): CMN: 77.24  7.45 -3.14 -10.28 -4.12 -4.85  1.75  1.43 -0.02  3.54 -6.22  2.08 -12.49 
INFO: cmn.c(183): CMN: 76.86  6.96 -1.02 -8.03 -0.50 -8.20  4.14 -0.61 -0.02  2.02 -6.80  3.94 -10.26 
INFO: cmn.c(183): CMN: 78.39  3.25 -13.19 -6.23 -0.26 -3.61  1.62 -1.78  0.51  1.32 -10.33  1.70 -11.56 
INFO: cmn.c(183): CMN: 79.23 10.32 -16.38 -4.29 -2.18 -6.62  6.34 -9.98  2.93  2.43 -1.39 -8.27  3.15 
INFO: cmn.c(183): CMN: 78.02 13.08 -18.35 -0.66  0.87 -6.49  7.78 -9.93  7.12  3.13  0.52 -8.93  1.73 
INFO: cmn.c(183): CMN: 76.24 18.01 -14.85 -8.47  1.13 -7.42  6.41 -5.57 -3.68  0.20  1.75 -8.38  0.19 
INFO: cmn.c(183): CMN: 75.05  7.57 -27.02 -5.54  5.31 -4.97  4.81 -7.54  4.09  6.98 -3.07 -14.91 -6.27 
INFO: cmn.c(183): CMN: 74.31  7.83 -14.00  1.35  0.26 -10.68  7.35 -10.99 -0.86  2.66  1.18 -10.72 -4.24 
INFO: cmn.c(183): CMN: 78.18  4.63  4.21  6.10 -4.92 -2.22  2.92 -4.67 -9.85  4.57 -8.52 -8.88 -4.42 
INFO: cmn.c(183): CMN: 78.06  6.54 -3.84 -2.27 -5.93 -2.88  4.88 -3.26 -6.39 10.62 -1.32 -1.65  0.39 
INFO: cmn.c(183): CMN: 75.42  7.21 -24.41 -2.84  8.41 -3.46  4.28 -0.62 -4.72 11.38 -2.72 -12.22 -1.44 
INFO: cmn.c(183): CMN: 78.89  6.95 -9.25  0.86 -2.41 -0.69  1.72  2.37 -4.48 12.11 -4.86 -10.66 -4.51 
INFO: cmn.c(183): CMN: 75.62  7.19 -16.44 -1.52 -3.06 -5.56  4.20 -1.38 -5.98  5.78 -0.41 -8.16 -1.01 
INFO: cmn.c(183): CMN: 76.84  4.45 -12.40  0.08 -7.53 -4.14  0.98  1.02 -0.87  2.68 -3.34 -6.25  3.55 
INFO: cmn.c(183): CMN: 78.31  8.66 -17.30 -0.97 -7.40 -1.87  2.93 -2.72  0.11  5.63 -2.68 -7.48  3.25 
INFO: cmn.c(183): CMN: 79.81  5.70 -16.83 -1.49 -5.02 -1.56  6.52 -0.53  3.79  4.90 -2.09 -11.55 -1.91 
INFO: cmn.c(183): CMN: 78.23  7.76 -18.11 -1.02 -10.09 -1.88  7.33 -2.83  2.15  0.91 -4.19 -9.90 -3.10 
INFO: cmn.c(183): CMN: 76.14 10.88 -14.02  2.26 -8.61 -8.38  4.26  2.58  2.14  1.68 -0.25 -4.85 -0.52 
INFO: cmn.c(183): CMN: 80.21  7.43 -15.46 -2.98 -4.62 -8.65  3.44 -9.78 -2.90 -0.54 -10.87 -13.70 -9.19 
INFO: cmn.c(183): CMN: 80.64  0.50 -14.85  4.04 -4.87 -2.14  5.68 -8.22 -2.88  5.74 -5.06 -9.24 -7.11 
INFO: cmn.c(183): CMN: 75.51 18.21 -9.18 -5.37 -5.23 -4.00  5.98 -2.39 -2.59  0.27 -4.28 -6.82 -6.06 
INFO: cmn.c(183): CMN: 81.28  3.47 -19.80  3.81 -5.36 -7.30  8.48 -3.38 -1.52 10.85 -2.93 -7.05 -3.68 
INFO: cmn.c(183): CMN: 81.32  3.81 -18.33 -2.94 -2.16  0.03  7.25 -1.49  3.50  7.44 -1.50 -1.51 -0.94 
INFO: agg_all_seg.c(180): Wrote 106788 frames to /home/nguyenchanh/Documents/beta/bwaccumdir/beta_buff_1/beta.dmp
Sat Sep 10 17:53:52 2016
